15:27:00.957 [DEBUG] [Preparing][main][c.d.cover.ui.a.w] Client heap size: 4064 MB
15:27:00.973 [INFO]  [Preparing][main][c.d.cover.ui.a.w] Diffblue Cover 2023.11.01-fe2f45b-licensed
15:27:00.973 [INFO]  [Preparing][main][c.d.cover.ui.a.w] Running: dcover create --preflight
15:27:00.973 [INFO]  [Preparing][main][c.d.cover.ui.a.y] 
15:27:00.973 [INFO]  [Preparing][main][c.d.cover.ui.a.y] Command: create
15:27:00.989 [INFO]  [Preparing][main][c.d.cover.ui.a.y] Create tests for the specified package/class/method prefix.
15:27:00.989 [INFO]  [Preparing][main][c.d.cover.ui.a.y] 
15:27:03.240 [INFO]  [Checking][main][c.d.cover.ui.a.j] Detecting environment:
15:27:03.240 [INFO]  [Checking][main][c.d.cover.ui.a.j] ----------------------
15:27:03.303 [DEBUG] [Checking][main][c.d.c.c.m.c] Processing rule ah
15:27:03.318 [DEBUG] [Checking][main][c.d.c.c.m.c]   Rule fired
15:27:03.318 [DEBUG] [Checking][main][c.d.c.c.m.c] Processing rule ah took 3ms
15:27:03.318 [DEBUG] [Checking][main][c.d.c.c.m.c] Processing rule r
15:27:03.318 [DEBUG] [Checking][main][c.d.c.c.m.c] Processing rule a
15:27:03.318 [DEBUG] [Checking][main][c.d.c.c.m.c] Processing rule CommonOptionsDetector
15:27:03.318 [DEBUG] [Checking][main][c.d.c.c.m.c]   Rule fired
15:27:03.318 [DEBUG] [Checking][main][c.d.c.c.m.c] Processing rule CommonOptionsDetector took 0ms
15:27:03.318 [DEBUG] [Checking][main][c.d.c.c.m.c] Processing rule a
15:27:03.318 [DEBUG] [Checking][main][c.d.c.c.m.c] Processing rule c
15:27:03.318 [DEBUG] [Checking][main][c.d.c.c.m.c] Processing rule f
15:27:03.318 [DEBUG] [Checking][main][c.d.c.c.m.c] Processing rule s
15:27:03.318 [DEBUG] [Checking][main][c.d.c.c.m.c]   Rule fired
15:27:03.318 [INFO]  [Checking][main][c.d.cover.ui.a.j] Detected Java version 17.0.8
15:27:03.318 [DEBUG] [Checking][main][c.d.c.c.m.c] Processing rule s took 9ms
15:27:03.318 [DEBUG] [Checking][main][c.d.c.c.m.c] Processing rule f
15:27:03.318 [DEBUG] [Checking][main][c.d.c.c.m.c]   Rule fired
15:27:03.318 [DEBUG] [Checking][main][c.d.c.c.m.c] Processing rule f took 0ms
15:27:03.318 [DEBUG] [Checking][main][c.d.c.c.m.c] Processing rule BuildSystemOptionsDetector
15:27:03.318 [DEBUG] [Checking][main][c.d.c.c.m.c]   Rule fired
15:27:03.334 [DEBUG] [Checking][main][c.d.c.c.m.c]   Error provided for SPECIFIED_BUILD_SYSTEM_CONFIG_FILE: Not Supplied
15:27:03.334 [DEBUG] [Checking][main][c.d.c.c.m.c]   Error provided for SPECIFIED_CLASSPATH: Not Supplied
15:27:03.334 [DEBUG] [Checking][main][c.d.c.c.m.c]   Error provided for SPECIFIED_BUILD_PATH: Not Supplied
15:27:03.334 [DEBUG] [Checking][main][c.d.c.c.m.c]   Error provided for SPECIFIED_COMPLIANCE_LEVEL: Not Supplied
15:27:03.334 [DEBUG] [Checking][main][c.d.c.c.m.c] Processing rule BuildSystemOptionsDetector took 1ms
15:27:03.334 [DEBUG] [Checking][main][c.d.c.c.m.c] Processing rule c
15:27:03.334 [DEBUG] [Checking][main][c.d.c.c.m.c]   Rule fired
15:27:03.396 [INFO]  [Checking][main][c.d.d.d.b] Maven Using ${maven.home} of: C:\Users\eloma\IdeaProjects\ObservatoireUIZ.
15:27:03.396 [INFO]  [Checking][main][c.d.d.d.b] Maven Executing: cmd.exe /X /C "C:\Users\eloma\IdeaProjects\ObservatoireUIZ\mvnw.cmd -B -version"
15:27:03.455 [INFO]  [Checking][main][c.d.d.c.a] Standard output of build tool (Maven)
15:27:03.455 [INFO]  [Checking][main][c.d.d.c.a] > 
15:27:03.455 [INFO]  [Checking][main][c.d.d.c.a] > 
15:27:03.455 [INFO]  [Checking][main][c.d.d.c.a] Standard error of build tool (Maven)
15:27:03.455 [INFO]  [Checking][main][c.d.d.c.a] > Error: JAVA_HOME not found in your environment. 
15:27:03.455 [INFO]  [Checking][main][c.d.d.c.a] > Please set the JAVA_HOME variable in your environment to match the 
15:27:03.455 [INFO]  [Checking][main][c.d.d.c.a] > location of your Java installation. 
15:27:03.455 [INFO]  [Checking][main][c.d.d.d.b] Maven command Using ${maven.home} of: 'C:\Users\eloma\IdeaProjects\ObservatoireUIZ'.
15:27:03.455 [INFO]  [Checking][main][c.d.d.d.b] Maven command Executing: cmd.exe /X /C "C:\Users\eloma\IdeaProjects\ObservatoireUIZ\mvnw.cmd -B -version"
15:27:03.491 [INFO]  [Checking][main][c.d.d.d.b] Maven Using ${maven.home} of: C:\Users\eloma\IdeaProjects\ObservatoireUIZ.
15:27:03.491 [INFO]  [Checking][main][c.d.d.d.b] Maven Executing: cmd.exe /X /C "C:\Users\eloma\IdeaProjects\ObservatoireUIZ\mvnw.cmd -B -N -D output=diffblue.effective-pom.output.xml -D "maven.ext.class.path=C:\Program Files\Diffblue\cover-buildsystem-maven-spy-jar-with-dependencies.jar" org.apache.maven.plugins:maven-help-plugin:3.2.0:effective-pom"
15:27:09.535 [INFO]  [Checking][main][c.d.d.c.a] Standard output of build tool (Maven)
15:27:09.535 [INFO]  [Checking][main][c.d.d.c.a] > [INFO] Scanning for projects...
15:27:09.535 [INFO]  [Checking][main][c.d.d.c.a] > [INFO] Downloading from central: https://repo.maven.apache.org/maven2/org/apache/maven/plugins/maven-help-plugin/3.2.0/maven-help-plugin-3.2.0.jar
15:27:09.536 [INFO]  [Checking][main][c.d.d.c.a] > [INFO] Downloaded from central: https://repo.maven.apache.org/maven2/org/apache/maven/plugins/maven-help-plugin/3.2.0/maven-help-plugin-3.2.0.jar (86 kB at 288 kB/s)
15:27:09.536 [INFO]  [Checking][main][c.d.d.c.a] > [INFO] 
15:27:09.536 [INFO]  [Checking][main][c.d.d.c.a] > [INFO] -----------------------< ma.uiz:ObservatoireUIZ >-----------------------
15:27:09.536 [INFO]  [Checking][main][c.d.d.c.a] > [INFO] Building ObservatoireUIZ 0.0.1-SNAPSHOT
15:27:09.536 [INFO]  [Checking][main][c.d.d.c.a] > [INFO] --------------------------------[ jar ]---------------------------------
15:27:09.536 [INFO]  [Checking][main][c.d.d.c.a] > [DIFFBLUE]DefaultEvent{projectId='ma.uiz:ObservatoireUIZ:jar:0.0.1-SNAPSHOT', goal='effective-pom', cause=, state=STARTED}
15:27:09.536 [INFO]  [Checking][main][c.d.d.c.a] > [INFO] 
15:27:09.536 [INFO]  [Checking][main][c.d.d.c.a] > [INFO] --- maven-help-plugin:3.2.0:effective-pom (default-cli) @ ObservatoireUIZ ---
15:27:09.536 [INFO]  [Checking][main][c.d.d.c.a] > [INFO] Downloading from central: https://repo.maven.apache.org/maven2/org/apache/maven/maven-model/3.6.1/maven-model-3.6.1.pom
15:27:09.536 [INFO]  [Checking][main][c.d.d.c.a] > [INFO] Downloaded from central: https://repo.maven.apache.org/maven2/org/apache/maven/maven-model/3.6.1/maven-model-3.6.1.pom (4.0 kB at 42 kB/s)
15:27:09.536 [INFO]  [Checking][main][c.d.d.c.a] > [INFO] Downloading from central: https://repo.maven.apache.org/maven2/org/apache/maven/maven/3.6.1/maven-3.6.1.pom
15:27:09.536 [INFO]  [Checking][main][c.d.d.c.a] > [INFO] Downloaded from central: https://repo.maven.apache.org/maven2/org/apache/maven/maven/3.6.1/maven-3.6.1.pom (24 kB at 253 kB/s)
15:27:09.536 [INFO]  [Checking][main][c.d.d.c.a] > [INFO] Downloading from central: https://repo.maven.apache.org/maven2/org/codehaus/plexus/plexus-utils/3.2.0/plexus-utils-3.2.0.pom
15:27:09.536 [INFO]  [Checking][main][c.d.d.c.a] > [INFO] Downloaded from central: https://repo.maven.apache.org/maven2/org/codehaus/plexus/plexus-utils/3.2.0/plexus-utils-3.2.0.pom (4.8 kB at 51 kB/s)
15:27:09.536 [INFO]  [Checking][main][c.d.d.c.a] > [INFO] Downloading from central: https://repo.maven.apache.org/maven2/org/apache/maven/plugin-tools/maven-plugin-tools-generators/3.5.2/maven-plugin-tools-generators-3.5.2.pom
15:27:09.536 [INFO]  [Checking][main][c.d.d.c.a] > [INFO] Downloaded from central: https://repo.maven.apache.org/maven2/org/apache/maven/plugin-tools/maven-plugin-tools-generators/3.5.2/maven-plugin-tools-generators-3.5.2.pom (4.2 kB at 45 kB/s)
15:27:09.536 [INFO]  [Checking][main][c.d.d.c.a] > [INFO] Downloading from central: https://repo.maven.apache.org/maven2/org/apache/maven/plugin-tools/maven-plugin-tools-api/3.5.2/maven-plugin-tools-api-3.5.2.pom
15:27:09.536 [INFO]  [Checking][main][c.d.d.c.a] > [INFO] Downloaded from central: https://repo.maven.apache.org/maven2/org/apache/maven/plugin-tools/maven-plugin-tools-api/3.5.2/maven-plugin-tools-api-3.5.2.pom (2.9 kB at 31 kB/s)
15:27:09.536 [INFO]  [Checking][main][c.d.d.c.a] > [INFO] Downloading from central: https://repo.maven.apache.org/maven2/org/codehaus/plexus/plexus-utils/3.0.20/plexus-utils-3.0.20.pom
15:27:09.536 [INFO]  [Checking][main][c.d.d.c.a] > [INFO] Downloaded from central: https://repo.maven.apache.org/maven2/org/codehaus/plexus/plexus-utils/3.0.20/plexus-utils-3.0.20.pom (3.8 kB at 40 kB/s)
15:27:09.537 [INFO]  [Checking][main][c.d.d.c.a] > [INFO] Downloading from central: https://repo.maven.apache.org/maven2/net/sf/jtidy/jtidy/r938/jtidy-r938.pom
15:27:09.537 [INFO]  [Checking][main][c.d.d.c.a] > [INFO] Downloaded from central: https://repo.maven.apache.org/maven2/net/sf/jtidy/jtidy/r938/jtidy-r938.pom (9.2 kB at 97 kB/s)
15:27:09.537 [INFO]  [Checking][main][c.d.d.c.a] > [INFO] Downloading from central: https://repo.maven.apache.org/maven2/org/apache/maven/shared/maven-artifact-transfer/0.10.0/maven-artifact-transfer-0.10.0.pom
15:27:09.537 [INFO]  [Checking][main][c.d.d.c.a] > [INFO] Downloaded from central: https://repo.maven.apache.org/maven2/org/apache/maven/shared/maven-artifact-transfer/0.10.0/maven-artifact-transfer-0.10.0.pom (12 kB at 122 kB/s)
15:27:09.538 [INFO]  [Checking][main][c.d.d.c.a] > [INFO] Downloading from central: https://repo.maven.apache.org/maven2/org/apache/maven/shared/maven-shared-components/31/maven-shared-components-31.pom
15:27:09.538 [INFO]  [Checking][main][c.d.d.c.a] > [INFO] Downloaded from central: https://repo.maven.apache.org/maven2/org/apache/maven/shared/maven-shared-components/31/maven-shared-components-31.pom (5.1 kB at 54 kB/s)
15:27:09.538 [INFO]  [Checking][main][c.d.d.c.a] > [INFO] Downloading from central: https://repo.maven.apache.org/maven2/org/codehaus/plexus/plexus-utils/3.1.0/plexus-utils-3.1.0.pom
15:27:09.538 [INFO]  [Checking][main][c.d.d.c.a] > [INFO] Downloaded from central: https://repo.maven.apache.org/maven2/org/codehaus/plexus/plexus-utils/3.1.0/plexus-utils-3.1.0.pom (4.7 kB at 49 kB/s)
15:27:09.538 [INFO]  [Checking][main][c.d.d.c.a] > [INFO] Downloading from central: https://repo.maven.apache.org/maven2/org/apache/maven/reporting/maven-reporting-exec/1.4/maven-reporting-exec-1.4.pom
15:27:09.538 [INFO]  [Checking][main][c.d.d.c.a] > [INFO] Downloaded from central: https://repo.maven.apache.org/maven2/org/apache/maven/reporting/maven-reporting-exec/1.4/maven-reporting-exec-1.4.pom (12 kB at 106 kB/s)
15:27:09.538 [INFO]  [Checking][main][c.d.d.c.a] > [INFO] Downloading from central: https://repo.maven.apache.org/maven2/org/codehaus/plexus/plexus-interactivity-api/1.0-alpha-6/plexus-interactivity-api-1.0-alpha-6.pom
15:27:09.538 [INFO]  [Checking][main][c.d.d.c.a] > [INFO] Downloaded from central: https://repo.maven.apache.org/maven2/org/codehaus/plexus/plexus-interactivity-api/1.0-alpha-6/plexus-interactivity-api-1.0-alpha-6.pom (726 B at 6.6 kB/s)
15:27:09.538 [INFO]  [Checking][main][c.d.d.c.a] > [INFO] Downloading from central: https://repo.maven.apache.org/maven2/org/codehaus/plexus/plexus-interactivity/1.0-alpha-6/plexus-interactivity-1.0-alpha-6.pom
15:27:09.538 [INFO]  [Checking][main][c.d.d.c.a] > [INFO] Downloaded from central: https://repo.maven.apache.org/maven2/org/codehaus/plexus/plexus-interactivity/1.0-alpha-6/plexus-interactivity-1.0-alpha-6.pom (1.1 kB at 11 kB/s)
15:27:09.538 [INFO]  [Checking][main][c.d.d.c.a] > [INFO] Downloading from central: https://repo.maven.apache.org/maven2/org/codehaus/plexus/plexus-components/1.1.9/plexus-components-1.1.9.pom
15:27:09.538 [INFO]  [Checking][main][c.d.d.c.a] > [INFO] Downloaded from central: https://repo.maven.apache.org/maven2/org/codehaus/plexus/plexus-components/1.1.9/plexus-components-1.1.9.pom (2.4 kB at 21 kB/s)
15:27:09.538 [INFO]  [Checking][main][c.d.d.c.a] > [INFO] Downloading from central: https://repo.maven.apache.org/maven2/org/codehaus/plexus/plexus-utils/1.4/plexus-utils-1.4.pom
15:27:09.538 [INFO]  [Checking][main][c.d.d.c.a] > [INFO] Downloaded from central: https://repo.maven.apache.org/maven2/org/codehaus/plexus/plexus-utils/1.4/plexus-utils-1.4.pom (1.2 kB at 12 kB/s)
15:27:09.538 [INFO]  [Checking][main][c.d.d.c.a] > [INFO] Downloading from central: https://repo.maven.apache.org/maven2/com/thoughtworks/xstream/xstream/1.4.19/xstream-1.4.19.pom
15:27:09.538 [INFO]  [Checking][main][c.d.d.c.a] > [INFO] Downloaded from central: https://repo.maven.apache.org/maven2/com/thoughtworks/xstream/xstream/1.4.19/xstream-1.4.19.pom (24 kB at 218 kB/s)
15:27:09.538 [INFO]  [Checking][main][c.d.d.c.a] > [INFO] Downloading from central: https://repo.maven.apache.org/maven2/com/thoughtworks/xstream/xstream-parent/1.4.19/xstream-parent-1.4.19.pom
15:27:09.538 [INFO]  [Checking][main][c.d.d.c.a] > [INFO] Downloaded from central: https://repo.maven.apache.org/maven2/com/thoughtworks/xstream/xstream-parent/1.4.19/xstream-parent-1.4.19.pom (43 kB at 456 kB/s)
15:27:09.538 [INFO]  [Checking][main][c.d.d.c.a] > [INFO] Downloading from central: https://repo.maven.apache.org/maven2/io/github/x-stream/mxparser/1.2.2/mxparser-1.2.2.pom
15:27:09.538 [INFO]  [Checking][main][c.d.d.c.a] > [INFO] Downloaded from central: https://repo.maven.apache.org/maven2/io/github/x-stream/mxparser/1.2.2/mxparser-1.2.2.pom (24 kB at 256 kB/s)
15:27:09.538 [INFO]  [Checking][main][c.d.d.c.a] > [INFO] Downloading from central: https://repo.maven.apache.org/maven2/xmlpull/xmlpull/1.1.3.1/xmlpull-1.1.3.1.pom
15:27:09.538 [INFO]  [Checking][main][c.d.d.c.a] > [INFO] Downloaded from central: https://repo.maven.apache.org/maven2/xmlpull/xmlpull/1.1.3.1/xmlpull-1.1.3.1.pom (386 B at 4.1 kB/s)
15:27:09.538 [INFO]  [Checking][main][c.d.d.c.a] > [INFO] Downloading from central: https://repo.maven.apache.org/maven2/org/apache/maven/maven-model/3.6.1/maven-model-3.6.1.jar
15:27:09.538 [INFO]  [Checking][main][c.d.d.c.a] > [INFO] Downloading from central: https://repo.maven.apache.org/maven2/org/apache/maven/plugin-tools/maven-plugin-tools-generators/3.5.2/maven-plugin-tools-generators-3.5.2.jar
15:27:09.538 [INFO]  [Checking][main][c.d.d.c.a] > [INFO] Downloading from central: https://repo.maven.apache.org/maven2/org/apache/maven/plugin-tools/maven-plugin-tools-api/3.5.2/maven-plugin-tools-api-3.5.2.jar
15:27:09.538 [INFO]  [Checking][main][c.d.d.c.a] > [INFO] Downloading from central: https://repo.maven.apache.org/maven2/net/sf/jtidy/jtidy/r938/jtidy-r938.jar
15:27:09.538 [INFO]  [Checking][main][c.d.d.c.a] > [INFO] Downloading from central: https://repo.maven.apache.org/maven2/org/apache/maven/shared/maven-artifact-transfer/0.10.0/maven-artifact-transfer-0.10.0.jar
15:27:09.538 [INFO]  [Checking][main][c.d.d.c.a] > [INFO] Downloaded from central: https://repo.maven.apache.org/maven2/net/sf/jtidy/jtidy/r938/jtidy-r938.jar (250 kB at 1.6 MB/s)
15:27:09.538 [INFO]  [Checking][main][c.d.d.c.a] > [INFO] Downloading from central: https://repo.maven.apache.org/maven2/org/apache/maven/reporting/maven-reporting-exec/1.4/maven-reporting-exec-1.4.jar
15:27:09.538 [INFO]  [Checking][main][c.d.d.c.a] > [INFO] Downloaded from central: https://repo.maven.apache.org/maven2/org/apache/maven/plugin-tools/maven-plugin-tools-api/3.5.2/maven-plugin-tools-api-3.5.2.jar (24 kB at 123 kB/s)
15:27:09.538 [INFO]  [Checking][main][c.d.d.c.a] > [INFO] Downloading from central: https://repo.maven.apache.org/maven2/org/codehaus/plexus/plexus-interactivity-api/1.0-alpha-6/plexus-interactivity-api-1.0-alpha-6.jar
15:27:09.538 [INFO]  [Checking][main][c.d.d.c.a] > [INFO] Downloaded from central: https://repo.maven.apache.org/maven2/org/apache/maven/plugin-tools/maven-plugin-tools-generators/3.5.2/maven-plugin-tools-generators-3.5.2.jar (48 kB at 227 kB/s)
15:27:09.538 [INFO]  [Checking][main][c.d.d.c.a] > [INFO] Downloading from central: https://repo.maven.apache.org/maven2/org/codehaus/plexus/plexus-utils/3.2.0/plexus-utils-3.2.0.jar
15:27:09.538 [INFO]  [Checking][main][c.d.d.c.a] > [INFO] Downloaded from central: https://repo.maven.apache.org/maven2/org/apache/maven/reporting/maven-reporting-exec/1.4/maven-reporting-exec-1.4.jar (30 kB at 121 kB/s)
15:27:09.538 [INFO]  [Checking][main][c.d.d.c.a] > [INFO] Downloading from central: https://repo.maven.apache.org/maven2/com/thoughtworks/xstream/xstream/1.4.19/xstream-1.4.19.jar
15:27:09.538 [INFO]  [Checking][main][c.d.d.c.a] > [INFO] Downloaded from central: https://repo.maven.apache.org/maven2/org/apache/maven/shared/maven-artifact-transfer/0.10.0/maven-artifact-transfer-0.10.0.jar (128 kB at 488 kB/s)
15:27:09.538 [INFO]  [Checking][main][c.d.d.c.a] > [INFO] Downloading from central: https://repo.maven.apache.org/maven2/io/github/x-stream/mxparser/1.2.2/mxparser-1.2.2.jar
15:27:09.538 [INFO]  [Checking][main][c.d.d.c.a] > [INFO] Downloaded from central: https://repo.maven.apache.org/maven2/org/apache/maven/maven-model/3.6.1/maven-model-3.6.1.jar (186 kB at 695 kB/s)
15:27:09.538 [INFO]  [Checking][main][c.d.d.c.a] > [INFO] Downloading from central: https://repo.maven.apache.org/maven2/xmlpull/xmlpull/1.1.3.1/xmlpull-1.1.3.1.jar
15:27:09.538 [INFO]  [Checking][main][c.d.d.c.a] > [INFO] Downloaded from central: https://repo.maven.apache.org/maven2/org/codehaus/plexus/plexus-interactivity-api/1.0-alpha-6/plexus-interactivity-api-1.0-alpha-6.jar (12 kB at 42 kB/s)
15:27:09.538 [INFO]  [Checking][main][c.d.d.c.a] > [INFO] Downloaded from central: https://repo.maven.apache.org/maven2/xmlpull/xmlpull/1.1.3.1/xmlpull-1.1.3.1.jar (7.2 kB at 20 kB/s)
15:27:09.538 [INFO]  [Checking][main][c.d.d.c.a] > [INFO] Downloaded from central: https://repo.maven.apache.org/maven2/io/github/x-stream/mxparser/1.2.2/mxparser-1.2.2.jar (30 kB at 84 kB/s)
15:27:09.538 [INFO]  [Checking][main][c.d.d.c.a] > [INFO] Downloaded from central: https://repo.maven.apache.org/maven2/org/codehaus/plexus/plexus-utils/3.2.0/plexus-utils-3.2.0.jar (263 kB at 712 kB/s)
15:27:09.538 [INFO]  [Checking][main][c.d.d.c.a] > [INFO] Downloaded from central: https://repo.maven.apache.org/maven2/com/thoughtworks/xstream/xstream/1.4.19/xstream-1.4.19.jar (633 kB at 1.2 MB/s)
15:27:09.538 [INFO]  [Checking][main][c.d.d.c.a] > [INFO] Effective-POM written to: C:\Users\eloma\IdeaProjects\ObservatoireUIZ\diffblue.effective-pom.output.xml
15:27:09.538 [INFO]  [Checking][main][c.d.d.c.a] > [DIFFBLUE]DefaultEvent{projectId='ma.uiz:ObservatoireUIZ:jar:0.0.1-SNAPSHOT', goal='effective-pom', cause=, state=SUCCESS}
15:27:09.538 [INFO]  [Checking][main][c.d.d.c.a] > [INFO] ------------------------------------------------------------------------
15:27:09.538 [INFO]  [Checking][main][c.d.d.c.a] > [INFO] BUILD SUCCESS
15:27:09.538 [INFO]  [Checking][main][c.d.d.c.a] > [INFO] ------------------------------------------------------------------------
15:27:09.538 [INFO]  [Checking][main][c.d.d.c.a] > [INFO] Total time:  3.904 s
15:27:09.540 [INFO]  [Checking][main][c.d.d.c.a] > [INFO] Finished at: 2023-11-19T15:27:09+01:00
15:27:09.540 [INFO]  [Checking][main][c.d.d.c.a] > [INFO] ------------------------------------------------------------------------
15:27:09.739 [INFO]  [Checking][main][c.d.cover.ui.a.j] Detected build system: Maven
15:27:09.739 [DEBUG] [Checking][main][c.d.c.c.m.c] Processing rule c took 6408ms
15:27:09.739 [DEBUG] [Checking][main][c.d.c.c.m.c] Processing rule b
15:27:09.739 [DEBUG] [Checking][main][c.d.c.c.m.c]   Rule fired
15:27:09.750 [DEBUG] [Checking][main][c.d.c.c.m.c]   Error provided for DETECTED_BUILD_SYSTEM_GRADLE: Not Detected
15:27:09.750 [DEBUG] [Checking][main][c.d.c.c.m.c] Processing rule b took 5ms
15:27:09.750 [DEBUG] [Checking][main][c.d.c.c.m.c] Processing rule aj
15:27:09.750 [DEBUG] [Checking][main][c.d.c.c.m.c]   Rule fired
15:27:09.757 [INFO]  [Checking][main][c.d.cover.m.a.aj] Operating System: Windows 11 amd64 10.0
15:27:09.757 [INFO]  [Checking][main][c.d.cover.m.a.aj] Default charset: windows-1252
15:27:09.757 [INFO]  [Checking][main][c.d.cover.m.a.aj] Default locale: en_US
15:27:09.757 [INFO]  [Checking][main][c.d.cover.m.a.aj] Default time zone: Africa/Casablanca
15:27:09.757 [DEBUG] [Checking][main][c.d.c.c.m.c]   Error provided for DETECTED_ENVIRONMENT_CLASSPATH: Not Supplied
15:27:09.757 [DEBUG] [Checking][main][c.d.c.c.m.c] Processing rule aj took 7ms
15:27:09.757 [DEBUG] [Checking][main][c.d.c.c.m.c] Processing rule a
15:27:09.757 [DEBUG] [Checking][main][c.d.c.c.m.c]   Rule fired
15:27:09.763 [INFO]  [Checking][main][c.d.cover.ui.a.j] Selected build system: Maven
15:27:09.764 [DEBUG] [Checking][main][c.d.c.c.m.c]   Error provided for SELECTED_BUILD_SYSTEM_VERSION: Not Detected
15:27:09.764 [DEBUG] [Checking][main][c.d.c.c.m.c] Processing rule a took 7ms
15:27:09.765 [DEBUG] [Checking][main][c.d.c.c.m.c] Processing rule a
15:27:09.766 [DEBUG] [Checking][main][c.d.c.c.m.c]   Rule fired
15:27:09.766 [DEBUG] [Checking][main][c.d.c.c.m.c] Processing rule a took 0ms
15:27:09.766 [DEBUG] [Checking][main][c.d.c.c.m.c] Processing rule b
15:27:09.766 [DEBUG] [Checking][main][c.d.c.c.m.c]   Rule fired
15:27:09.769 [INFO]  [Checking][main][c.d.d.d.b] Maven Using ${maven.home} of: C:\Users\eloma\IdeaProjects\ObservatoireUIZ.
15:27:09.769 [INFO]  [Checking][main][c.d.d.d.b] Maven Executing: cmd.exe /X /C "C:\Users\eloma\IdeaProjects\ObservatoireUIZ\mvnw.cmd -B -D output=C:\Users\eloma\AppData\Local\Temp\build.classpath5761141802164316494.tmp -D expression=build.classpath -D mdep.pathSeparator=#SEP# -D includeScope=test -D mdep.outputProperty=build.classpath -D "maven.ext.class.path=C:\Program Files\Diffblue\cover-buildsystem-maven-spy-jar-with-dependencies.jar" org.apache.maven.plugins:maven-dependency-plugin:3.3.0:build-classpath org.apache.maven.plugins:maven-help-plugin:3.2.0:evaluate"
15:27:20.195 [INFO]  [Checking][main][c.d.d.c.a] Standard output of build tool (Maven)
15:27:20.195 [INFO]  [Checking][main][c.d.d.c.a] > [INFO] Scanning for projects...
15:27:20.195 [INFO]  [Checking][main][c.d.d.c.a] > [INFO] 
15:27:20.195 [INFO]  [Checking][main][c.d.d.c.a] > [INFO] -----------------------< ma.uiz:ObservatoireUIZ >-----------------------
15:27:20.195 [INFO]  [Checking][main][c.d.d.c.a] > [INFO] Building ObservatoireUIZ 0.0.1-SNAPSHOT
15:27:20.195 [INFO]  [Checking][main][c.d.d.c.a] > [INFO] --------------------------------[ jar ]---------------------------------
15:27:20.195 [INFO]  [Checking][main][c.d.d.c.a] > [DIFFBLUE]DefaultEvent{projectId='ma.uiz:ObservatoireUIZ:jar:0.0.1-SNAPSHOT', goal='build-classpath', cause=, state=STARTED}
15:27:20.195 [INFO]  [Checking][main][c.d.d.c.a] > [INFO] 
15:27:20.195 [INFO]  [Checking][main][c.d.d.c.a] > [INFO] --- maven-dependency-plugin:3.3.0:build-classpath (default-cli) @ ObservatoireUIZ ---
15:27:20.195 [INFO]  [Checking][main][c.d.d.c.a] > [INFO] Downloading from central: https://repo.maven.apache.org/maven2/org/apache/maven/reporting/maven-reporting-impl/3.1.0/maven-reporting-impl-3.1.0.pom
15:27:20.195 [INFO]  [Checking][main][c.d.d.c.a] > [INFO] Downloaded from central: https://repo.maven.apache.org/maven2/org/apache/maven/reporting/maven-reporting-impl/3.1.0/maven-reporting-impl-3.1.0.pom (7.2 kB at 18 kB/s)
15:27:20.195 [INFO]  [Checking][main][c.d.d.c.a] > [INFO] Downloading from central: https://repo.maven.apache.org/maven2/org/apache/maven/maven-core/3.1.0/maven-core-3.1.0.pom
15:27:20.195 [INFO]  [Checking][main][c.d.d.c.a] > [INFO] Downloaded from central: https://repo.maven.apache.org/maven2/org/apache/maven/maven-core/3.1.0/maven-core-3.1.0.pom (6.9 kB at 64 kB/s)
15:27:20.195 [INFO]  [Checking][main][c.d.d.c.a] > [INFO] Downloading from central: https://repo.maven.apache.org/maven2/org/apache/maven/maven-settings/3.1.0/maven-settings-3.1.0.pom
15:27:20.195 [INFO]  [Checking][main][c.d.d.c.a] > [INFO] Downloaded from central: https://repo.maven.apache.org/maven2/org/apache/maven/maven-settings/3.1.0/maven-settings-3.1.0.pom (1.8 kB at 18 kB/s)
15:27:20.195 [INFO]  [Checking][main][c.d.d.c.a] > [INFO] Downloading from central: https://repo.maven.apache.org/maven2/org/apache/maven/maven-settings-builder/3.1.0/maven-settings-builder-3.1.0.pom
15:27:20.195 [INFO]  [Checking][main][c.d.d.c.a] > [INFO] Downloaded from central: https://repo.maven.apache.org/maven2/org/apache/maven/maven-settings-builder/3.1.0/maven-settings-builder-3.1.0.pom (2.3 kB at 27 kB/s)
15:27:20.195 [INFO]  [Checking][main][c.d.d.c.a] > [INFO] Downloading from central: https://repo.maven.apache.org/maven2/org/codehaus/plexus/plexus-interpolation/1.16/plexus-interpolation-1.16.pom
15:27:20.195 [INFO]  [Checking][main][c.d.d.c.a] > [INFO] Downloaded from central: https://repo.maven.apache.org/maven2/org/codehaus/plexus/plexus-interpolation/1.16/plexus-interpolation-1.16.pom (1.0 kB at 11 kB/s)
15:27:20.195 [INFO]  [Checking][main][c.d.d.c.a] > [INFO] Downloading from central: https://repo.maven.apache.org/maven2/org/codehaus/plexus/plexus-components/1.3/plexus-components-1.3.pom
15:27:20.195 [INFO]  [Checking][main][c.d.d.c.a] > [INFO] Downloaded from central: https://repo.maven.apache.org/maven2/org/codehaus/plexus/plexus-components/1.3/plexus-components-1.3.pom (3.1 kB at 34 kB/s)
15:27:20.195 [INFO]  [Checking][main][c.d.d.c.a] > [INFO] Downloading from central: https://repo.maven.apache.org/maven2/org/apache/maven/maven-repository-metadata/3.1.0/maven-repository-metadata-3.1.0.pom
15:27:20.195 [INFO]  [Checking][main][c.d.d.c.a] > [INFO] Downloaded from central: https://repo.maven.apache.org/maven2/org/apache/maven/maven-repository-metadata/3.1.0/maven-repository-metadata-3.1.0.pom (1.9 kB at 21 kB/s)
15:27:20.195 [INFO]  [Checking][main][c.d.d.c.a] > [INFO] Downloading from central: https://repo.maven.apache.org/maven2/org/eclipse/sisu/org.eclipse.sisu.plexus/0.0.0.M5/org.eclipse.sisu.plexus-0.0.0.M5.pom
15:27:20.195 [INFO]  [Checking][main][c.d.d.c.a] > [INFO] Downloaded from central: https://repo.maven.apache.org/maven2/org/eclipse/sisu/org.eclipse.sisu.plexus/0.0.0.M5/org.eclipse.sisu.plexus-0.0.0.M5.pom (4.8 kB at 51 kB/s)
15:27:20.195 [INFO]  [Checking][main][c.d.d.c.a] > [INFO] Downloading from central: https://repo.maven.apache.org/maven2/org/eclipse/sisu/sisu-plexus/0.0.0.M5/sisu-plexus-0.0.0.M5.pom
15:27:20.195 [INFO]  [Checking][main][c.d.d.c.a] > [INFO] Downloaded from central: https://repo.maven.apache.org/maven2/org/eclipse/sisu/sisu-plexus/0.0.0.M5/sisu-plexus-0.0.0.M5.pom (13 kB at 127 kB/s)
15:27:20.195 [INFO]  [Checking][main][c.d.d.c.a] > [INFO] Downloading from central: https://repo.maven.apache.org/maven2/javax/enterprise/cdi-api/1.0/cdi-api-1.0.pom
15:27:20.195 [INFO]  [Checking][main][c.d.d.c.a] > [INFO] Downloaded from central: https://repo.maven.apache.org/maven2/javax/enterprise/cdi-api/1.0/cdi-api-1.0.pom (1.4 kB at 15 kB/s)
15:27:20.195 [INFO]  [Checking][main][c.d.d.c.a] > [INFO] Downloading from central: https://repo.maven.apache.org/maven2/org/jboss/weld/weld-api-parent/1.0/weld-api-parent-1.0.pom
15:27:20.195 [INFO]  [Checking][main][c.d.d.c.a] > [INFO] Downloaded from central: https://repo.maven.apache.org/maven2/org/jboss/weld/weld-api-parent/1.0/weld-api-parent-1.0.pom (2.4 kB at 24 kB/s)
15:27:20.195 [INFO]  [Checking][main][c.d.d.c.a] > [INFO] Downloading from central: https://repo.maven.apache.org/maven2/org/jboss/weld/weld-api-bom/1.0/weld-api-bom-1.0.pom
15:27:20.195 [INFO]  [Checking][main][c.d.d.c.a] > [INFO] Downloaded from central: https://repo.maven.apache.org/maven2/org/jboss/weld/weld-api-bom/1.0/weld-api-bom-1.0.pom (7.9 kB at 95 kB/s)
15:27:20.195 [INFO]  [Checking][main][c.d.d.c.a] > [INFO] Downloading from central: https://repo.maven.apache.org/maven2/org/jboss/weld/weld-parent/6/weld-parent-6.pom
15:27:20.195 [INFO]  [Checking][main][c.d.d.c.a] > [INFO] Downloaded from central: https://repo.maven.apache.org/maven2/org/jboss/weld/weld-parent/6/weld-parent-6.pom (21 kB at 192 kB/s)
15:27:20.195 [INFO]  [Checking][main][c.d.d.c.a] > [INFO] Downloading from central: https://repo.maven.apache.org/maven2/javax/annotation/jsr250-api/1.0/jsr250-api-1.0.pom
15:27:20.195 [INFO]  [Checking][main][c.d.d.c.a] > [INFO] Downloaded from central: https://repo.maven.apache.org/maven2/javax/annotation/jsr250-api/1.0/jsr250-api-1.0.pom (1.0 kB at 12 kB/s)
15:27:20.195 [INFO]  [Checking][main][c.d.d.c.a] > [INFO] Downloading from central: https://repo.maven.apache.org/maven2/com/google/guava/guava/10.0.1/guava-10.0.1.pom
15:27:20.195 [INFO]  [Checking][main][c.d.d.c.a] > [INFO] Downloaded from central: https://repo.maven.apache.org/maven2/com/google/guava/guava/10.0.1/guava-10.0.1.pom (5.4 kB at 62 kB/s)
15:27:20.195 [INFO]  [Checking][main][c.d.d.c.a] > [INFO] Downloading from central: https://repo.maven.apache.org/maven2/com/google/guava/guava-parent/10.0.1/guava-parent-10.0.1.pom
15:27:20.195 [INFO]  [Checking][main][c.d.d.c.a] > [INFO] Downloaded from central: https://repo.maven.apache.org/maven2/com/google/guava/guava-parent/10.0.1/guava-parent-10.0.1.pom (2.0 kB at 23 kB/s)
15:27:20.195 [INFO]  [Checking][main][c.d.d.c.a] > [INFO] Downloading from central: https://repo.maven.apache.org/maven2/com/google/code/findbugs/jsr305/1.3.9/jsr305-1.3.9.pom
15:27:20.195 [INFO]  [Checking][main][c.d.d.c.a] > [INFO] Downloaded from central: https://repo.maven.apache.org/maven2/com/google/code/findbugs/jsr305/1.3.9/jsr305-1.3.9.pom (965 B at 10 kB/s)
15:27:20.195 [INFO]  [Checking][main][c.d.d.c.a] > [INFO] Downloading from central: https://repo.maven.apache.org/maven2/org/sonatype/sisu/sisu-guice/3.1.0/sisu-guice-3.1.0.pom
15:27:20.195 [INFO]  [Checking][main][c.d.d.c.a] > [INFO] Downloaded from central: https://repo.maven.apache.org/maven2/org/sonatype/sisu/sisu-guice/3.1.0/sisu-guice-3.1.0.pom (10 kB at 108 kB/s)
15:27:20.195 [INFO]  [Checking][main][c.d.d.c.a] > [INFO] Downloading from central: https://repo.maven.apache.org/maven2/org/sonatype/sisu/inject/guice-parent/3.1.0/guice-parent-3.1.0.pom
15:27:20.195 [INFO]  [Checking][main][c.d.d.c.a] > [INFO] Downloaded from central: https://repo.maven.apache.org/maven2/org/sonatype/sisu/inject/guice-parent/3.1.0/guice-parent-3.1.0.pom (11 kB at 116 kB/s)
15:27:20.195 [INFO]  [Checking][main][c.d.d.c.a] > [INFO] Downloading from central: https://repo.maven.apache.org/maven2/org/eclipse/sisu/org.eclipse.sisu.inject/0.0.0.M5/org.eclipse.sisu.inject-0.0.0.M5.pom
15:27:20.195 [INFO]  [Checking][main][c.d.d.c.a] > [INFO] Downloaded from central: https://repo.maven.apache.org/maven2/org/eclipse/sisu/org.eclipse.sisu.inject/0.0.0.M5/org.eclipse.sisu.inject-0.0.0.M5.pom (2.5 kB at 27 kB/s)
15:27:20.195 [INFO]  [Checking][main][c.d.d.c.a] > [INFO] Downloading from central: https://repo.maven.apache.org/maven2/org/eclipse/sisu/sisu-inject/0.0.0.M5/sisu-inject-0.0.0.M5.pom
15:27:20.195 [INFO]  [Checking][main][c.d.d.c.a] > [INFO] Downloaded from central: https://repo.maven.apache.org/maven2/org/eclipse/sisu/sisu-inject/0.0.0.M5/sisu-inject-0.0.0.M5.pom (14 kB at 150 kB/s)
15:27:20.195 [INFO]  [Checking][main][c.d.d.c.a] > [INFO] Downloading from central: https://repo.maven.apache.org/maven2/org/codehaus/plexus/plexus-classworlds/2.4/plexus-classworlds-2.4.pom
15:27:20.195 [INFO]  [Checking][main][c.d.d.c.a] > [INFO] Downloaded from central: https://repo.maven.apache.org/maven2/org/codehaus/plexus/plexus-classworlds/2.4/plexus-classworlds-2.4.pom (3.9 kB at 49 kB/s)
15:27:20.195 [INFO]  [Checking][main][c.d.d.c.a] > [INFO] Downloading from central: https://repo.maven.apache.org/maven2/org/apache/maven/maven-model-builder/3.1.0/maven-model-builder-3.1.0.pom
15:27:20.195 [INFO]  [Checking][main][c.d.d.c.a] > [INFO] Downloaded from central: https://repo.maven.apache.org/maven2/org/apache/maven/maven-model-builder/3.1.0/maven-model-builder-3.1.0.pom (2.5 kB at 31 kB/s)
15:27:20.195 [INFO]  [Checking][main][c.d.d.c.a] > [INFO] Downloading from central: https://repo.maven.apache.org/maven2/org/apache/maven/maven-aether-provider/3.1.0/maven-aether-provider-3.1.0.pom
15:27:20.195 [INFO]  [Checking][main][c.d.d.c.a] > [INFO] Downloaded from central: https://repo.maven.apache.org/maven2/org/apache/maven/maven-aether-provider/3.1.0/maven-aether-provider-3.1.0.pom (3.5 kB at 44 kB/s)
15:27:20.195 [INFO]  [Checking][main][c.d.d.c.a] > [INFO] Downloading from central: https://repo.maven.apache.org/maven2/org/codehaus/plexus/plexus-classworlds/2.4.2/plexus-classworlds-2.4.2.pom
15:27:20.195 [INFO]  [Checking][main][c.d.d.c.a] > [INFO] Downloaded from central: https://repo.maven.apache.org/maven2/org/codehaus/plexus/plexus-classworlds/2.4.2/plexus-classworlds-2.4.2.pom (3.5 kB at 37 kB/s)
15:27:20.195 [INFO]  [Checking][main][c.d.d.c.a] > [INFO] Downloading from central: https://repo.maven.apache.org/maven2/org/codehaus/plexus/plexus-archiver/4.2.2/plexus-archiver-4.2.2.pom
15:27:20.195 [INFO]  [Checking][main][c.d.d.c.a] > [INFO] Downloaded from central: https://repo.maven.apache.org/maven2/org/codehaus/plexus/plexus-archiver/4.2.2/plexus-archiver-4.2.2.pom (4.4 kB at 46 kB/s)
15:27:20.195 [INFO]  [Checking][main][c.d.d.c.a] > [INFO] Downloading from central: https://repo.maven.apache.org/maven2/org/codehaus/plexus/plexus/6.1/plexus-6.1.pom
15:27:20.195 [INFO]  [Checking][main][c.d.d.c.a] > [INFO] Downloaded from central: https://repo.maven.apache.org/maven2/org/codehaus/plexus/plexus/6.1/plexus-6.1.pom (24 kB at 250 kB/s)
15:27:20.195 [INFO]  [Checking][main][c.d.d.c.a] > [INFO] Downloading from central: https://repo.maven.apache.org/maven2/org/tukaani/xz/1.8/xz-1.8.pom
15:27:20.195 [INFO]  [Checking][main][c.d.d.c.a] > [INFO] Downloaded from central: https://repo.maven.apache.org/maven2/org/tukaani/xz/1.8/xz-1.8.pom (1.9 kB at 19 kB/s)
15:27:20.195 [INFO]  [Checking][main][c.d.d.c.a] > [INFO] Downloading from central: https://repo.maven.apache.org/maven2/org/apache/maven/shared/maven-dependency-analyzer/1.12.0/maven-dependency-analyzer-1.12.0.pom
15:27:20.195 [INFO]  [Checking][main][c.d.d.c.a] > [INFO] Downloaded from central: https://repo.maven.apache.org/maven2/org/apache/maven/shared/maven-dependency-analyzer/1.12.0/maven-dependency-analyzer-1.12.0.pom (7.2 kB at 79 kB/s)
15:27:20.195 [INFO]  [Checking][main][c.d.d.c.a] > [INFO] Downloading from central: https://repo.maven.apache.org/maven2/org/apache/maven/maven-model/2.0.5/maven-model-2.0.5.pom
15:27:20.195 [INFO]  [Checking][main][c.d.d.c.a] > [INFO] Downloaded from central: https://repo.maven.apache.org/maven2/org/apache/maven/maven-model/2.0.5/maven-model-2.0.5.pom (2.7 kB at 29 kB/s)
15:27:20.195 [INFO]  [Checking][main][c.d.d.c.a] > [INFO] Downloading from central: https://repo.maven.apache.org/maven2/org/apache/maven/maven/2.0.5/maven-2.0.5.pom
15:27:20.195 [INFO]  [Checking][main][c.d.d.c.a] > [INFO] Downloaded from central: https://repo.maven.apache.org/maven2/org/apache/maven/maven/2.0.5/maven-2.0.5.pom (5.7 kB at 61 kB/s)
15:27:20.195 [INFO]  [Checking][main][c.d.d.c.a] > [INFO] Downloading from central: https://repo.maven.apache.org/maven2/org/apache/maven/maven-artifact/2.0.5/maven-artifact-2.0.5.pom
15:27:20.195 [INFO]  [Checking][main][c.d.d.c.a] > [INFO] Downloaded from central: https://repo.maven.apache.org/maven2/org/apache/maven/maven-artifact/2.0.5/maven-artifact-2.0.5.pom (727 B at 7.7 kB/s)
15:27:20.195 [INFO]  [Checking][main][c.d.d.c.a] > [INFO] Downloading from central: https://repo.maven.apache.org/maven2/org/apache/maven/shared/maven-dependency-tree/3.1.0/maven-dependency-tree-3.1.0.pom
15:27:20.195 [INFO]  [Checking][main][c.d.d.c.a] > [INFO] Downloaded from central: https://repo.maven.apache.org/maven2/org/apache/maven/shared/maven-dependency-tree/3.1.0/maven-dependency-tree-3.1.0.pom (6.9 kB at 73 kB/s)
15:27:20.195 [INFO]  [Checking][main][c.d.d.c.a] > [INFO] Downloading from central: https://repo.maven.apache.org/maven2/org/apache/maven/maven-core/3.0.5/maven-core-3.0.5.pom
15:27:20.195 [INFO]  [Checking][main][c.d.d.c.a] > [INFO] Downloaded from central: https://repo.maven.apache.org/maven2/org/apache/maven/maven-core/3.0.5/maven-core-3.0.5.pom (5.5 kB at 58 kB/s)
15:27:20.195 [INFO]  [Checking][main][c.d.d.c.a] > [INFO] Downloading from central: https://repo.maven.apache.org/maven2/org/apache/maven/maven/3.0.5/maven-3.0.5.pom
15:27:20.195 [INFO]  [Checking][main][c.d.d.c.a] > [INFO] Downloaded from central: https://repo.maven.apache.org/maven2/org/apache/maven/maven/3.0.5/maven-3.0.5.pom (22 kB at 238 kB/s)
15:27:20.195 [INFO]  [Checking][main][c.d.d.c.a] > [INFO] Downloading from central: https://repo.maven.apache.org/maven2/org/apache/maven/maven-model/3.0.5/maven-model-3.0.5.pom
15:27:20.195 [INFO]  [Checking][main][c.d.d.c.a] > [INFO] Downloaded from central: https://repo.maven.apache.org/maven2/org/apache/maven/maven-model/3.0.5/maven-model-3.0.5.pom (3.8 kB at 49 kB/s)
15:27:20.195 [INFO]  [Checking][main][c.d.d.c.a] > [INFO] Downloading from central: https://repo.maven.apache.org/maven2/org/apache/maven/maven-settings/3.0.5/maven-settings-3.0.5.pom
15:27:20.195 [INFO]  [Checking][main][c.d.d.c.a] > [INFO] Downloaded from central: https://repo.maven.apache.org/maven2/org/apache/maven/maven-settings/3.0.5/maven-settings-3.0.5.pom (1.8 kB at 20 kB/s)
15:27:20.195 [INFO]  [Checking][main][c.d.d.c.a] > [INFO] Downloading from central: https://repo.maven.apache.org/maven2/org/apache/maven/maven-settings-builder/3.0.5/maven-settings-builder-3.0.5.pom
15:27:20.195 [INFO]  [Checking][main][c.d.d.c.a] > [INFO] Downloaded from central: https://repo.maven.apache.org/maven2/org/apache/maven/maven-settings-builder/3.0.5/maven-settings-builder-3.0.5.pom (2.3 kB at 21 kB/s)
15:27:20.195 [INFO]  [Checking][main][c.d.d.c.a] > [INFO] Downloading from central: https://repo.maven.apache.org/maven2/org/apache/maven/maven-repository-metadata/3.0.5/maven-repository-metadata-3.0.5.pom
15:27:20.195 [INFO]  [Checking][main][c.d.d.c.a] > [INFO] Downloaded from central: https://repo.maven.apache.org/maven2/org/apache/maven/maven-repository-metadata/3.0.5/maven-repository-metadata-3.0.5.pom (1.9 kB at 20 kB/s)
15:27:20.195 [INFO]  [Checking][main][c.d.d.c.a] > [INFO] Downloading from central: https://repo.maven.apache.org/maven2/org/apache/maven/maven-artifact/3.0.5/maven-artifact-3.0.5.pom
15:27:20.195 [INFO]  [Checking][main][c.d.d.c.a] > [INFO] Downloaded from central: https://repo.maven.apache.org/maven2/org/apache/maven/maven-artifact/3.0.5/maven-artifact-3.0.5.pom (1.6 kB at 17 kB/s)
15:27:20.195 [INFO]  [Checking][main][c.d.d.c.a] > [INFO] Downloading from central: https://repo.maven.apache.org/maven2/org/apache/maven/maven-plugin-api/3.0.5/maven-plugin-api-3.0.5.pom
15:27:20.195 [INFO]  [Checking][main][c.d.d.c.a] > [INFO] Downloaded from central: https://repo.maven.apache.org/maven2/org/apache/maven/maven-plugin-api/3.0.5/maven-plugin-api-3.0.5.pom (2.7 kB at 28 kB/s)
15:27:20.195 [INFO]  [Checking][main][c.d.d.c.a] > [INFO] Downloading from central: https://repo.maven.apache.org/maven2/org/sonatype/sisu/sisu-inject-plexus/2.3.0/sisu-inject-plexus-2.3.0.pom
15:27:20.195 [INFO]  [Checking][main][c.d.d.c.a] > [INFO] Downloaded from central: https://repo.maven.apache.org/maven2/org/sonatype/sisu/sisu-inject-plexus/2.3.0/sisu-inject-plexus-2.3.0.pom (6.1 kB at 65 kB/s)
15:27:20.195 [INFO]  [Checking][main][c.d.d.c.a] > [INFO] Downloading from central: https://repo.maven.apache.org/maven2/org/sonatype/sisu/inject/guice-plexus/2.3.0/guice-plexus-2.3.0.pom
15:27:20.195 [INFO]  [Checking][main][c.d.d.c.a] > [INFO] Downloaded from central: https://repo.maven.apache.org/maven2/org/sonatype/sisu/inject/guice-plexus/2.3.0/guice-plexus-2.3.0.pom (3.8 kB at 40 kB/s)
15:27:20.195 [INFO]  [Checking][main][c.d.d.c.a] > [INFO] Downloading from central: https://repo.maven.apache.org/maven2/org/sonatype/sisu/inject/guice-bean/2.3.0/guice-bean-2.3.0.pom
15:27:20.195 [INFO]  [Checking][main][c.d.d.c.a] > [INFO] Downloaded from central: https://repo.maven.apache.org/maven2/org/sonatype/sisu/inject/guice-bean/2.3.0/guice-bean-2.3.0.pom (3.0 kB at 39 kB/s)
15:27:20.195 [INFO]  [Checking][main][c.d.d.c.a] > [INFO] Downloading from central: https://repo.maven.apache.org/maven2/org/sonatype/sisu/inject/containers/2.3.0/containers-2.3.0.pom
15:27:20.195 [INFO]  [Checking][main][c.d.d.c.a] > [INFO] Downloaded from central: https://repo.maven.apache.org/maven2/org/sonatype/sisu/inject/containers/2.3.0/containers-2.3.0.pom (1.2 kB at 15 kB/s)
15:27:20.195 [INFO]  [Checking][main][c.d.d.c.a] > [INFO] Downloading from central: https://repo.maven.apache.org/maven2/org/sonatype/sisu/sisu-inject/2.3.0/sisu-inject-2.3.0.pom
15:27:20.195 [INFO]  [Checking][main][c.d.d.c.a] > [INFO] Downloaded from central: https://repo.maven.apache.org/maven2/org/sonatype/sisu/sisu-inject/2.3.0/sisu-inject-2.3.0.pom (3.2 kB at 32 kB/s)
15:27:20.195 [INFO]  [Checking][main][c.d.d.c.a] > [INFO] Downloading from central: https://repo.maven.apache.org/maven2/org/sonatype/sisu/sisu-parent/2.3.0/sisu-parent-2.3.0.pom
15:27:20.195 [INFO]  [Checking][main][c.d.d.c.a] > [INFO] Downloaded from central: https://repo.maven.apache.org/maven2/org/sonatype/sisu/sisu-parent/2.3.0/sisu-parent-2.3.0.pom (11 kB at 115 kB/s)
15:27:20.195 [INFO]  [Checking][main][c.d.d.c.a] > [INFO] Downloading from central: https://repo.maven.apache.org/maven2/org/sonatype/sisu/sisu-inject-bean/2.3.0/sisu-inject-bean-2.3.0.pom
15:27:20.195 [INFO]  [Checking][main][c.d.d.c.a] > [INFO] Downloaded from central: https://repo.maven.apache.org/maven2/org/sonatype/sisu/sisu-inject-bean/2.3.0/sisu-inject-bean-2.3.0.pom (7.1 kB at 81 kB/s)
15:27:20.195 [INFO]  [Checking][main][c.d.d.c.a] > [INFO] Downloading from central: https://repo.maven.apache.org/maven2/org/sonatype/sisu/sisu-guava/0.9.9/sisu-guava-0.9.9.pom
15:27:20.195 [INFO]  [Checking][main][c.d.d.c.a] > [INFO] Downloaded from central: https://repo.maven.apache.org/maven2/org/sonatype/sisu/sisu-guava/0.9.9/sisu-guava-0.9.9.pom (1.1 kB at 13 kB/s)
15:27:20.195 [INFO]  [Checking][main][c.d.d.c.a] > [INFO] Downloading from central: https://repo.maven.apache.org/maven2/org/sonatype/sisu/inject/guava-parent/0.9.9/guava-parent-0.9.9.pom
15:27:20.195 [INFO]  [Checking][main][c.d.d.c.a] > [INFO] Downloaded from central: https://repo.maven.apache.org/maven2/org/sonatype/sisu/inject/guava-parent/0.9.9/guava-parent-0.9.9.pom (11 kB at 118 kB/s)
15:27:20.195 [INFO]  [Checking][main][c.d.d.c.a] > [INFO] Downloading from central: https://repo.maven.apache.org/maven2/org/apache/maven/maven-model-builder/3.0.5/maven-model-builder-3.0.5.pom
15:27:20.195 [INFO]  [Checking][main][c.d.d.c.a] > [INFO] Downloaded from central: https://repo.maven.apache.org/maven2/org/apache/maven/maven-model-builder/3.0.5/maven-model-builder-3.0.5.pom (2.5 kB at 28 kB/s)
15:27:20.195 [INFO]  [Checking][main][c.d.d.c.a] > [INFO] Downloading from central: https://repo.maven.apache.org/maven2/org/apache/maven/maven-aether-provider/3.0.5/maven-aether-provider-3.0.5.pom
15:27:20.195 [INFO]  [Checking][main][c.d.d.c.a] > [INFO] Downloaded from central: https://repo.maven.apache.org/maven2/org/apache/maven/maven-aether-provider/3.0.5/maven-aether-provider-3.0.5.pom (2.8 kB at 30 kB/s)
15:27:20.195 [INFO]  [Checking][main][c.d.d.c.a] > [INFO] Downloading from central: https://repo.maven.apache.org/maven2/org/sonatype/aether/aether-api/1.13.1/aether-api-1.13.1.pom
15:27:20.195 [INFO]  [Checking][main][c.d.d.c.a] > [INFO] Downloaded from central: https://repo.maven.apache.org/maven2/org/sonatype/aether/aether-api/1.13.1/aether-api-1.13.1.pom (1.4 kB at 14 kB/s)
15:27:20.195 [INFO]  [Checking][main][c.d.d.c.a] > [INFO] Downloading from central: https://repo.maven.apache.org/maven2/org/sonatype/aether/aether/1.13.1/aether-1.13.1.pom
15:27:20.195 [INFO]  [Checking][main][c.d.d.c.a] > [INFO] Downloaded from central: https://repo.maven.apache.org/maven2/org/sonatype/aether/aether/1.13.1/aether-1.13.1.pom (10 kB at 109 kB/s)
15:27:20.195 [INFO]  [Checking][main][c.d.d.c.a] > [INFO] Downloading from central: https://repo.maven.apache.org/maven2/org/sonatype/aether/aether-spi/1.13.1/aether-spi-1.13.1.pom
15:27:20.195 [INFO]  [Checking][main][c.d.d.c.a] > [INFO] Downloaded from central: https://repo.maven.apache.org/maven2/org/sonatype/aether/aether-spi/1.13.1/aether-spi-1.13.1.pom (1.4 kB at 16 kB/s)
15:27:20.195 [INFO]  [Checking][main][c.d.d.c.a] > [INFO] Downloading from central: https://repo.maven.apache.org/maven2/org/sonatype/aether/aether-util/1.13.1/aether-util-1.13.1.pom
15:27:20.195 [INFO]  [Checking][main][c.d.d.c.a] > [INFO] Downloaded from central: https://repo.maven.apache.org/maven2/org/sonatype/aether/aether-util/1.13.1/aether-util-1.13.1.pom (1.7 kB at 20 kB/s)
15:27:20.195 [INFO]  [Checking][main][c.d.d.c.a] > [INFO] Downloading from central: https://repo.maven.apache.org/maven2/org/sonatype/aether/aether-impl/1.13.1/aether-impl-1.13.1.pom
15:27:20.195 [INFO]  [Checking][main][c.d.d.c.a] > [INFO] Downloaded from central: https://repo.maven.apache.org/maven2/org/sonatype/aether/aether-impl/1.13.1/aether-impl-1.13.1.pom (2.5 kB at 26 kB/s)
15:27:20.195 [INFO]  [Checking][main][c.d.d.c.a] > [INFO] Downloading from central: https://repo.maven.apache.org/maven2/org/eclipse/aether/aether-util/1.1.0/aether-util-1.1.0.pom
15:27:20.195 [INFO]  [Checking][main][c.d.d.c.a] > [INFO] Downloaded from central: https://repo.maven.apache.org/maven2/org/eclipse/aether/aether-util/1.1.0/aether-util-1.1.0.pom (2.1 kB at 22 kB/s)
15:27:20.195 [INFO]  [Checking][main][c.d.d.c.a] > [INFO] Downloading from central: https://repo.maven.apache.org/maven2/org/eclipse/aether/aether/1.1.0/aether-1.1.0.pom
15:27:20.195 [INFO]  [Checking][main][c.d.d.c.a] > [INFO] Downloaded from central: https://repo.maven.apache.org/maven2/org/eclipse/aether/aether/1.1.0/aether-1.1.0.pom (26 kB at 272 kB/s)
15:27:20.195 [INFO]  [Checking][main][c.d.d.c.a] > [INFO] Downloading from central: https://repo.maven.apache.org/maven2/org/apache/maven/shared/maven-common-artifact-filters/3.2.0/maven-common-artifact-filters-3.2.0.pom
15:27:20.195 [INFO]  [Checking][main][c.d.d.c.a] > [INFO] Downloaded from central: https://repo.maven.apache.org/maven2/org/apache/maven/shared/maven-common-artifact-filters/3.2.0/maven-common-artifact-filters-3.2.0.pom (6.9 kB at 74 kB/s)
15:27:20.195 [INFO]  [Checking][main][c.d.d.c.a] > [INFO] Downloading from central: https://repo.maven.apache.org/maven2/org/apache/commons/commons-collections4/4.2/commons-collections4-4.2.pom
15:27:20.195 [INFO]  [Checking][main][c.d.d.c.a] > [INFO] Downloaded from central: https://repo.maven.apache.org/maven2/org/apache/commons/commons-collections4/4.2/commons-collections4-4.2.pom (23 kB at 246 kB/s)
15:27:20.195 [INFO]  [Checking][main][c.d.d.c.a] > [INFO] Downloading from central: https://repo.maven.apache.org/maven2/org/apache/maven/reporting/maven-reporting-impl/3.1.0/maven-reporting-impl-3.1.0.jar
15:27:20.195 [INFO]  [Checking][main][c.d.d.c.a] > [INFO] Downloading from central: https://repo.maven.apache.org/maven2/org/apache/maven/reporting/maven-reporting-api/3.1.0/maven-reporting-api-3.1.0.jar
15:27:20.195 [INFO]  [Checking][main][c.d.d.c.a] > [INFO] Downloading from central: https://repo.maven.apache.org/maven2/org/apache/maven/maven-core/3.1.0/maven-core-3.1.0.jar
15:27:20.195 [INFO]  [Checking][main][c.d.d.c.a] > [INFO] Downloading from central: https://repo.maven.apache.org/maven2/org/apache/maven/maven-settings/3.1.0/maven-settings-3.1.0.jar
15:27:20.210 [INFO]  [Checking][main][c.d.d.c.a] > [INFO] Downloading from central: https://repo.maven.apache.org/maven2/org/apache/maven/maven-settings-builder/3.1.0/maven-settings-builder-3.1.0.jar
15:27:20.210 [INFO]  [Checking][main][c.d.d.c.a] > [INFO] Downloaded from central: https://repo.maven.apache.org/maven2/org/apache/maven/reporting/maven-reporting-impl/3.1.0/maven-reporting-impl-3.1.0.jar (19 kB at 99 kB/s)
15:27:20.210 [INFO]  [Checking][main][c.d.d.c.a] > [INFO] Downloading from central: https://repo.maven.apache.org/maven2/org/apache/maven/maven-repository-metadata/3.1.0/maven-repository-metadata-3.1.0.jar
15:27:20.210 [INFO]  [Checking][main][c.d.d.c.a] > [INFO] Downloaded from central: https://repo.maven.apache.org/maven2/org/apache/maven/reporting/maven-reporting-api/3.1.0/maven-reporting-api-3.1.0.jar (11 kB at 56 kB/s)
15:27:20.210 [INFO]  [Checking][main][c.d.d.c.a] > [INFO] Downloading from central: https://repo.maven.apache.org/maven2/org/apache/maven/maven-model-builder/3.1.0/maven-model-builder-3.1.0.jar
15:27:20.210 [INFO]  [Checking][main][c.d.d.c.a] > [INFO] Downloaded from central: https://repo.maven.apache.org/maven2/org/apache/maven/maven-settings-builder/3.1.0/maven-settings-builder-3.1.0.jar (41 kB at 203 kB/s)
15:27:20.210 [INFO]  [Checking][main][c.d.d.c.a] > [INFO] Downloading from central: https://repo.maven.apache.org/maven2/org/apache/maven/maven-aether-provider/3.1.0/maven-aether-provider-3.1.0.jar
15:27:20.210 [INFO]  [Checking][main][c.d.d.c.a] > [INFO] Downloaded from central: https://repo.maven.apache.org/maven2/org/apache/maven/maven-settings/3.1.0/maven-settings-3.1.0.jar (47 kB at 212 kB/s)
15:27:20.210 [INFO]  [Checking][main][c.d.d.c.a] > [INFO] Downloading from central: https://repo.maven.apache.org/maven2/org/eclipse/aether/aether-spi/0.9.0.M2/aether-spi-0.9.0.M2.jar
15:27:20.210 [INFO]  [Checking][main][c.d.d.c.a] > [INFO] Downloaded from central: https://repo.maven.apache.org/maven2/org/apache/maven/maven-core/3.1.0/maven-core-3.1.0.jar (563 kB at 2.2 MB/s)
15:27:20.210 [INFO]  [Checking][main][c.d.d.c.a] > [INFO] Downloading from central: https://repo.maven.apache.org/maven2/org/eclipse/aether/aether-impl/0.9.0.M2/aether-impl-0.9.0.M2.jar
15:27:20.210 [INFO]  [Checking][main][c.d.d.c.a] > [INFO] Downloaded from central: https://repo.maven.apache.org/maven2/org/apache/maven/maven-repository-metadata/3.1.0/maven-repository-metadata-3.1.0.jar (30 kB at 101 kB/s)
15:27:20.210 [INFO]  [Checking][main][c.d.d.c.a] > [INFO] Downloading from central: https://repo.maven.apache.org/maven2/org/codehaus/plexus/plexus-interpolation/1.16/plexus-interpolation-1.16.jar
15:27:20.210 [INFO]  [Checking][main][c.d.d.c.a] > [INFO] Downloaded from central: https://repo.maven.apache.org/maven2/org/apache/maven/maven-aether-provider/3.1.0/maven-aether-provider-3.1.0.jar (60 kB at 202 kB/s)
15:27:20.210 [INFO]  [Checking][main][c.d.d.c.a] > [INFO] Downloading from central: https://repo.maven.apache.org/maven2/org/codehaus/plexus/plexus-classworlds/2.4.2/plexus-classworlds-2.4.2.jar
15:27:20.210 [INFO]  [Checking][main][c.d.d.c.a] > [INFO] Downloaded from central: https://repo.maven.apache.org/maven2/org/eclipse/aether/aether-spi/0.9.0.M2/aether-spi-0.9.0.M2.jar (18 kB at 56 kB/s)
15:27:20.210 [INFO]  [Checking][main][c.d.d.c.a] > [INFO] Downloading from central: https://repo.maven.apache.org/maven2/org/codehaus/plexus/plexus-archiver/4.2.2/plexus-archiver-4.2.2.jar
15:27:20.210 [INFO]  [Checking][main][c.d.d.c.a] > [INFO] Downloaded from central: https://repo.maven.apache.org/maven2/org/eclipse/aether/aether-impl/0.9.0.M2/aether-impl-0.9.0.M2.jar (145 kB at 415 kB/s)
15:27:20.210 [INFO]  [Checking][main][c.d.d.c.a] > [INFO] Downloading from central: https://repo.maven.apache.org/maven2/org/tukaani/xz/1.8/xz-1.8.jar
15:27:20.210 [INFO]  [Checking][main][c.d.d.c.a] > [INFO] Downloaded from central: https://repo.maven.apache.org/maven2/org/apache/maven/maven-model-builder/3.1.0/maven-model-builder-3.1.0.jar (159 kB at 442 kB/s)
15:27:20.210 [INFO]  [Checking][main][c.d.d.c.a] > [INFO] Downloading from central: https://repo.maven.apache.org/maven2/org/apache/maven/shared/maven-dependency-analyzer/1.12.0/maven-dependency-analyzer-1.12.0.jar
15:27:20.210 [INFO]  [Checking][main][c.d.d.c.a] > [INFO] Downloaded from central: https://repo.maven.apache.org/maven2/org/codehaus/plexus/plexus-classworlds/2.4.2/plexus-classworlds-2.4.2.jar (47 kB at 120 kB/s)
15:27:20.210 [INFO]  [Checking][main][c.d.d.c.a] > [INFO] Downloading from central: https://repo.maven.apache.org/maven2/org/apache/maven/maven-model/2.0.5/maven-model-2.0.5.jar
15:27:20.210 [INFO]  [Checking][main][c.d.d.c.a] > [INFO] Downloaded from central: https://repo.maven.apache.org/maven2/org/codehaus/plexus/plexus-interpolation/1.16/plexus-interpolation-1.16.jar (61 kB at 150 kB/s)
15:27:20.210 [INFO]  [Checking][main][c.d.d.c.a] > [INFO] Downloading from central: https://repo.maven.apache.org/maven2/org/apache/maven/maven-artifact/2.0.5/maven-artifact-2.0.5.jar
15:27:20.210 [INFO]  [Checking][main][c.d.d.c.a] > [INFO] Downloaded from central: https://repo.maven.apache.org/maven2/org/tukaani/xz/1.8/xz-1.8.jar (109 kB at 247 kB/s)
15:27:20.210 [INFO]  [Checking][main][c.d.d.c.a] > [INFO] Downloading from central: https://repo.maven.apache.org/maven2/org/apache/maven/shared/maven-dependency-tree/3.1.0/maven-dependency-tree-3.1.0.jar
15:27:20.210 [INFO]  [Checking][main][c.d.d.c.a] > [INFO] Downloaded from central: https://repo.maven.apache.org/maven2/org/apache/maven/shared/maven-dependency-analyzer/1.12.0/maven-dependency-analyzer-1.12.0.jar (37 kB at 82 kB/s)
15:27:20.210 [INFO]  [Checking][main][c.d.d.c.a] > [INFO] Downloading from central: https://repo.maven.apache.org/maven2/org/eclipse/aether/aether-util/1.1.0/aether-util-1.1.0.jar
15:27:20.210 [INFO]  [Checking][main][c.d.d.c.a] > [INFO] Downloaded from central: https://repo.maven.apache.org/maven2/org/codehaus/plexus/plexus-archiver/4.2.2/plexus-archiver-4.2.2.jar (194 kB at 412 kB/s)
15:27:20.210 [INFO]  [Checking][main][c.d.d.c.a] > [INFO] Downloading from central: https://repo.maven.apache.org/maven2/org/apache/maven/shared/maven-common-artifact-filters/3.2.0/maven-common-artifact-filters-3.2.0.jar
15:27:20.210 [INFO]  [Checking][main][c.d.d.c.a] > [INFO] Downloaded from central: https://repo.maven.apache.org/maven2/org/apache/maven/maven-model/2.0.5/maven-model-2.0.5.jar (86 kB at 178 kB/s)
15:27:20.210 [INFO]  [Checking][main][c.d.d.c.a] > [INFO] Downloading from central: https://repo.maven.apache.org/maven2/org/eclipse/aether/aether-api/0.9.0.M2/aether-api-0.9.0.M2.jar
15:27:20.210 [INFO]  [Checking][main][c.d.d.c.a] > [INFO] Downloaded from central: https://repo.maven.apache.org/maven2/org/apache/maven/maven-artifact/2.0.5/maven-artifact-2.0.5.jar (85 kB at 165 kB/s)
15:27:20.210 [INFO]  [Checking][main][c.d.d.c.a] > [INFO] Downloading from central: https://repo.maven.apache.org/maven2/org/eclipse/sisu/org.eclipse.sisu.plexus/0.0.0.M5/org.eclipse.sisu.plexus-0.0.0.M5.jar
15:27:20.210 [INFO]  [Checking][main][c.d.d.c.a] > [INFO] Downloaded from central: https://repo.maven.apache.org/maven2/org/apache/maven/shared/maven-dependency-tree/3.1.0/maven-dependency-tree-3.1.0.jar (103 kB at 193 kB/s)
15:27:20.210 [INFO]  [Checking][main][c.d.d.c.a] > [INFO] Downloading from central: https://repo.maven.apache.org/maven2/javax/enterprise/cdi-api/1.0/cdi-api-1.0.jar
15:27:20.210 [INFO]  [Checking][main][c.d.d.c.a] > [INFO] Downloaded from central: https://repo.maven.apache.org/maven2/org/apache/maven/shared/maven-common-artifact-filters/3.2.0/maven-common-artifact-filters-3.2.0.jar (61 kB at 109 kB/s)
15:27:20.210 [INFO]  [Checking][main][c.d.d.c.a] > [INFO] Downloading from central: https://repo.maven.apache.org/maven2/javax/annotation/jsr250-api/1.0/jsr250-api-1.0.jar
15:27:20.210 [INFO]  [Checking][main][c.d.d.c.a] > [INFO] Downloaded from central: https://repo.maven.apache.org/maven2/org/eclipse/aether/aether-util/1.1.0/aether-util-1.1.0.jar (150 kB at 265 kB/s)
15:27:20.210 [INFO]  [Checking][main][c.d.d.c.a] > [INFO] Downloading from central: https://repo.maven.apache.org/maven2/com/google/guava/guava/10.0.1/guava-10.0.1.jar
15:27:20.210 [INFO]  [Checking][main][c.d.d.c.a] > [INFO] Downloaded from central: https://repo.maven.apache.org/maven2/javax/enterprise/cdi-api/1.0/cdi-api-1.0.jar (45 kB at 73 kB/s)
15:27:20.210 [INFO]  [Checking][main][c.d.d.c.a] > [INFO] Downloading from central: https://repo.maven.apache.org/maven2/com/google/code/findbugs/jsr305/1.3.9/jsr305-1.3.9.jar
15:27:20.210 [INFO]  [Checking][main][c.d.d.c.a] > [INFO] Downloaded from central: https://repo.maven.apache.org/maven2/org/eclipse/sisu/org.eclipse.sisu.plexus/0.0.0.M5/org.eclipse.sisu.plexus-0.0.0.M5.jar (197 kB at 321 kB/s)
15:27:20.210 [INFO]  [Checking][main][c.d.d.c.a] > [INFO] Downloading from central: https://repo.maven.apache.org/maven2/org/sonatype/sisu/sisu-guice/3.1.0/sisu-guice-3.1.0-no_aop.jar
15:27:20.210 [INFO]  [Checking][main][c.d.d.c.a] > [INFO] Downloaded from central: https://repo.maven.apache.org/maven2/org/eclipse/aether/aether-api/0.9.0.M2/aether-api-0.9.0.M2.jar (134 kB at 213 kB/s)
15:27:20.210 [INFO]  [Checking][main][c.d.d.c.a] > [INFO] Downloading from central: https://repo.maven.apache.org/maven2/org/eclipse/sisu/org.eclipse.sisu.inject/0.0.0.M5/org.eclipse.sisu.inject-0.0.0.M5.jar
15:27:20.210 [INFO]  [Checking][main][c.d.d.c.a] > [INFO] Downloaded from central: https://repo.maven.apache.org/maven2/javax/annotation/jsr250-api/1.0/jsr250-api-1.0.jar (5.8 kB at 8.9 kB/s)
15:27:20.210 [INFO]  [Checking][main][c.d.d.c.a] > [INFO] Downloading from central: https://repo.maven.apache.org/maven2/org/apache/commons/commons-collections4/4.2/commons-collections4-4.2.jar
15:27:20.210 [INFO]  [Checking][main][c.d.d.c.a] > [INFO] Downloaded from central: https://repo.maven.apache.org/maven2/com/google/code/findbugs/jsr305/1.3.9/jsr305-1.3.9.jar (33 kB at 47 kB/s)
15:27:20.210 [INFO]  [Checking][main][c.d.d.c.a] > [INFO] Downloaded from central: https://repo.maven.apache.org/maven2/org/sonatype/sisu/sisu-guice/3.1.0/sisu-guice-3.1.0-no_aop.jar (357 kB at 455 kB/s)
15:27:20.210 [INFO]  [Checking][main][c.d.d.c.a] > [INFO] Downloaded from central: https://repo.maven.apache.org/maven2/com/google/guava/guava/10.0.1/guava-10.0.1.jar (1.5 MB at 1.9 MB/s)
15:27:20.210 [INFO]  [Checking][main][c.d.d.c.a] > [INFO] Downloaded from central: https://repo.maven.apache.org/maven2/org/eclipse/sisu/org.eclipse.sisu.inject/0.0.0.M5/org.eclipse.sisu.inject-0.0.0.M5.jar (291 kB at 364 kB/s)
15:27:20.210 [INFO]  [Checking][main][c.d.d.c.a] > [INFO] Downloaded from central: https://repo.maven.apache.org/maven2/org/apache/commons/commons-collections4/4.2/commons-collections4-4.2.jar (753 kB at 923 kB/s)
15:27:20.210 [INFO]  [Checking][main][c.d.d.c.a] > [INFO] Dependencies classpath:
15:27:20.210 [INFO]  [Checking][main][c.d.d.c.a] > C:\Users\eloma\.m2\repository\org\springframework\boot\spring-boot-starter\3.0.3\spring-boot-starter-3.0.3.jar#SEP#C:\Users\eloma\.m2\repository\org\springframework\boot\spring-boot\3.0.3\spring-boot-3.0.3.jar#SEP#C:\Users\eloma\.m2\repository\org\springframework\boot\spring-boot-autoconfigure\3.0.3\spring-boot-autoconfigure-3.0.3.jar#SEP#C:\Users\eloma\.m2\repository\org\springframework\boot\spring-boot-starter-logging\3.0.3\spring-boot-starter-logging-3.0.3.jar#SEP#C:\Users\eloma\.m2\repository\ch\qos\logback\logback-classic\1.4.5\logback-classic-1.4.5.jar#SEP#C:\Users\eloma\.m2\repository\ch\qos\logback\logback-core\1.4.5\logback-core-1.4.5.jar#SEP#C:\Users\eloma\.m2\repository\org\apache\logging\log4j\log4j-to-slf4j\2.19.0\log4j-to-slf4j-2.19.0.jar#SEP#C:\Users\eloma\.m2\repository\org\apache\logging\log4j\log4j-api\2.19.0\log4j-api-2.19.0.jar#SEP#C:\Users\eloma\.m2\repository\org\slf4j\jul-to-slf4j\2.0.6\jul-to-slf4j-2.0.6.jar#SEP#C:\Users\eloma\.m2\repository\jakarta\annotation\jakarta.annotation-api\2.1.1\jakarta.annotation-api-2.1.1.jar#SEP#C:\Users\eloma\.m2\repository\org\springframework\spring-core\6.0.5\spring-core-6.0.5.jar#SEP#C:\Users\eloma\.m2\repository\org\springframework\spring-jcl\6.0.5\spring-jcl-6.0.5.jar#SEP#C:\Users\eloma\.m2\repository\org\yaml\snakeyaml\1.33\snakeyaml-1.33.jar#SEP#C:\Users\eloma\.m2\repository\org\springframework\boot\spring-boot-starter-web\3.0.3\spring-boot-starter-web-3.0.3.jar#SEP#C:\Users\eloma\.m2\repository\org\springframework\boot\spring-boot-starter-json\3.0.3\spring-boot-starter-json-3.0.3.jar#SEP#C:\Users\eloma\.m2\repository\com\fasterxml\jackson\datatype\jackson-datatype-jdk8\2.14.2\jackson-datatype-jdk8-2.14.2.jar#SEP#C:\Users\eloma\.m2\repository\com\fasterxml\jackson\datatype\jackson-datatype-jsr310\2.14.2\jackson-datatype-jsr310-2.14.2.jar#SEP#C:\Users\eloma\.m2\repository\com\fasterxml\jackson\module\jackson-module-parameter-names\2.14.2\jackson-module-parameter-names-2.14.2.jar#SEP#C:\Users\eloma\.m2\repository\org\springframework\boot\spring-boot-starter-tomcat\3.0.3\spring-boot-starter-tomcat-3.0.3.jar#SEP#C:\Users\eloma\.m2\repository\org\apache\tomcat\embed\tomcat-embed-core\10.1.5\tomcat-embed-core-10.1.5.jar#SEP#C:\Users\eloma\.m2\repository\org\apache\tomcat\embed\tomcat-embed-websocket\10.1.5\tomcat-embed-websocket-10.1.5.jar#SEP#C:\Users\eloma\.m2\repository\org\springframework\spring-web\6.0.5\spring-web-6.0.5.jar#SEP#C:\Users\eloma\.m2\repository\io\micrometer\micrometer-observation\1.10.4\micrometer-observation-1.10.4.jar#SEP#C:\Users\eloma\.m2\repository\io\micrometer\micrometer-commons\1.10.4\micrometer-commons-1.10.4.jar#SEP#C:\Users\eloma\.m2\repository\org\springframework\spring-webmvc\6.0.5\spring-webmvc-6.0.5.jar#SEP#C:\Users\eloma\.m2\repository\org\springframework\spring-expression\6.0.5\spring-expression-6.0.5.jar#SEP#C:\Users\eloma\.m2\repository\org\springframework\boot\spring-boot-starter-thymeleaf\3.0.3\spring-boot-starter-thymeleaf-3.0.3.jar#SEP#C:\Users\eloma\.m2\repository\org\thymeleaf\thymeleaf-spring6\3.1.1.RELEASE\thymeleaf-spring6-3.1.1.RELEASE.jar#SEP#C:\Users\eloma\.m2\repository\org\thymeleaf\thymeleaf\3.1.1.RELEASE\thymeleaf-3.1.1.RELEASE.jar#SEP#C:\Users\eloma\.m2\repository\org\attoparser\attoparser\2.0.6.RELEASE\attoparser-2.0.6.RELEASE.jar#SEP#C:\Users\eloma\.m2\repository\org\unbescape\unbescape\1.1.6.RELEASE\unbescape-1.1.6.RELEASE.jar#SEP#C:\Users\eloma\.m2\repository\org\thymeleaf\extras\thymeleaf-extras-springsecurity6\3.1.1.RELEASE\thymeleaf-extras-springsecurity6-3.1.1.RELEASE.jar#SEP#C:\Users\eloma\.m2\repository\org\slf4j\slf4j-api\2.0.6\slf4j-api-2.0.6.jar#SEP#C:\Users\eloma\.m2\repository\org\springframework\boot\spring-boot-devtools\3.0.3\spring-boot-devtools-3.0.3.jar#SEP#C:\Users\eloma\.m2\repository\org\projectlombok\lombok\1.18.26\lombok-1.18.26.jar#SEP#C:\Users\eloma\.m2\repository\org\springframework\boot\spring-boot-starter-validation\3.0.3\spring-boot-starter-validation-3.0.3.jar#SEP#C:\Users\eloma\.m2\repository\org\apache\tomcat\embed\tomcat-embed-el\10.1.5\tomcat-embed-el-10.1.5.jar#SEP#C:\Users\eloma\.m2\repository\org\hibernate\validator\hibernate-validator\8.0.0.Final\hibernate-validator-8.0.0.Final.jar#SEP#C:\Users\eloma\.m2\repository\jakarta\validation\jakarta.validation-api\3.0.2\jakarta.validation-api-3.0.2.jar#SEP#C:\Users\eloma\.m2\repository\org\springframework\boot\spring-boot-starter-security\3.0.3\spring-boot-starter-security-3.0.3.jar#SEP#C:\Users\eloma\.m2\repository\org\springframework\spring-aop\6.0.5\spring-aop-6.0.5.jar#SEP#C:\Users\eloma\.m2\repository\org\springframework\security\spring-security-config\6.0.2\spring-security-config-6.0.2.jar#SEP#C:\Users\eloma\.m2\repository\org\springframework\security\spring-security-core\6.0.2\spring-security-core-6.0.2.jar#SEP#C:\Users\eloma\.m2\repository\org\springframework\security\spring-security-crypto\6.0.2\spring-security-crypto-6.0.2.jar#SEP#C:\Users\eloma\.m2\repository\org\springframework\security\spring-security-web\6.0.2\spring-security-web-6.0.2.jar#SEP#C:\Users\eloma\.m2\repository\org\springframework\boot\spring-boot-starter-aop\3.0.3\spring-boot-starter-aop-3.0.3.jar#SEP#C:\Users\eloma\.m2\repository\org\aspectj\aspectjweaver\1.9.19\aspectjweaver-1.9.19.jar#SEP#C:\Users\eloma\.m2\repository\org\springframework\boot\spring-boot-starter-jdbc\3.0.3\spring-boot-starter-jdbc-3.0.3.jar#SEP#C:\Users\eloma\.m2\repository\com\zaxxer\HikariCP\5.0.1\HikariCP-5.0.1.jar#SEP#C:\Users\eloma\.m2\repository\org\springframework\spring-jdbc\6.0.5\spring-jdbc-6.0.5.jar#SEP#C:\Users\eloma\.m2\repository\org\hibernate\orm\hibernate-core\6.2.1.Final\hibernate-core-6.2.1.Final.jar#SEP#C:\Users\eloma\.m2\repository\jakarta\persistence\jakarta.persistence-api\3.1.0\jakarta.persistence-api-3.1.0.jar#SEP#C:\Users\eloma\.m2\repository\jakarta\transaction\jakarta.transaction-api\2.0.1\jakarta.transaction-api-2.0.1.jar#SEP#C:\Users\eloma\.m2\repository\org\jboss\logging\jboss-logging\3.5.0.Final\jboss-logging-3.5.0.Final.jar#SEP#C:\Users\eloma\.m2\repository\org\hibernate\common\hibernate-commons-annotations\6.0.6.Final\hibernate-commons-annotations-6.0.6.Final.jar#SEP#C:\Users\eloma\.m2\repository\io\smallrye\jandex\3.0.5\jandex-3.0.5.jar#SEP#C:\Users\eloma\.m2\repository\com\fasterxml\classmate\1.5.1\classmate-1.5.1.jar#SEP#C:\Users\eloma\.m2\repository\net\bytebuddy\byte-buddy\1.12.23\byte-buddy-1.12.23.jar#SEP#C:\Users\eloma\.m2\repository\jakarta\xml\bind\jakarta.xml.bind-api\4.0.0\jakarta.xml.bind-api-4.0.0.jar#SEP#C:\Users\eloma\.m2\repository\jakarta\activation\jakarta.activation-api\2.1.1\jakarta.activation-api-2.1.1.jar#SEP#C:\Users\eloma\.m2\repository\org\glassfish\jaxb\jaxb-runtime\4.0.2\jaxb-runtime-4.0.2.jar#SEP#C:\Users\eloma\.m2\repository\org\glassfish\jaxb\jaxb-core\4.0.2\jaxb-core-4.0.2.jar#SEP#C:\Users\eloma\.m2\repository\org\eclipse\angus\angus-activation\2.0.0\angus-activation-2.0.0.jar#SEP#C:\Users\eloma\.m2\repository\org\glassfish\jaxb\txw2\4.0.2\txw2-4.0.2.jar#SEP#C:\Users\eloma\.m2\repository\com\sun\istack\istack-commons-runtime\4.1.1\istack-commons-runtime-4.1.1.jar#SEP#C:\Users\eloma\.m2\repository\jakarta\inject\jakarta.inject-api\2.0.1\jakarta.inject-api-2.0.1.jar#SEP#C:\Users\eloma\.m2\repository\org\antlr\antlr4-runtime\4.10.1\antlr4-runtime-4.10.1.jar#SEP#C:\Users\eloma\.m2\repository\org\springframework\data\spring-data-jpa\3.0.2\spring-data-jpa-3.0.2.jar#SEP#C:\Users\eloma\.m2\repository\org\springframework\data\spring-data-commons\3.0.2\spring-data-commons-3.0.2.jar#SEP#C:\Users\eloma\.m2\repository\org\springframework\spring-orm\6.0.5\spring-orm-6.0.5.jar#SEP#C:\Users\eloma\.m2\repository\org\springframework\spring-context\6.0.5\spring-context-6.0.5.jar#SEP#C:\Users\eloma\.m2\repository\org\springframework\spring-tx\6.0.5\spring-tx-6.0.5.jar#SEP#C:\Users\eloma\.m2\repository\org\springframework\spring-beans\6.0.5\spring-beans-6.0.5.jar#SEP#C:\Users\eloma\.m2\repository\org\springframework\spring-aspects\6.0.5\spring-aspects-6.0.5.jar#SEP#C:\Users\eloma\.m2\repository\com\mysql\mysql-connector-j\8.0.32\mysql-connector-j-8.0.32.jar#SEP#C:\Users\eloma\.m2\repository\com\fasterxml\jackson\dataformat\jackson-dataformat-xml\2.14.2\jackson-dataformat-xml-2.14.2.jar#SEP#C:\Users\eloma\.m2\repository\com\fasterxml\jackson\core\jackson-core\2.14.2\jackson-core-2.14.2.jar#SEP#C:\Users\eloma\.m2\repository\com\fasterxml\jackson\core\jackson-annotations\2.14.2\jackson-annotations-2.14.2.jar#SEP#C:\Users\eloma\.m2\repository\com\fasterxml\jackson\core\jackson-databind\2.14.2\jackson-databind-2.14.2.jar#SEP#C:\Users\eloma\.m2\repository\org\codehaus\woodstox\stax2-api\4.2.1\stax2-api-4.2.1.jar#SEP#C:\Users\eloma\.m2\repository\com\fasterxml\woodstox\woodstox-core\6.5.0\woodstox-core-6.5.0.jar#SEP#C:\Users\eloma\.m2\repository\org\springframework\boot\spring-boot-starter-test\3.0.3\spring-boot-starter-test-3.0.3.jar#SEP#C:\Users\eloma\.m2\repository\org\springframework\boot\spring-boot-test\3.0.3\spring-boot-test-3.0.3.jar#SEP#C:\Users\eloma\.m2\repository\org\springframework\boot\spring-boot-test-autoconfigure\3.0.3\spring-boot-test-autoconfigure-3.0.3.jar#SEP#C:\Users\eloma\.m2\repository\com\jayway\jsonpath\json-path\2.7.0\json-path-2.7.0.jar#SEP#C:\Users\eloma\.m2\repository\net\minidev\json-smart\2.4.8\json-smart-2.4.8.jar#SEP#C:\Users\eloma\.m2\repository\net\minidev\accessors-smart\2.4.8\accessors-smart-2.4.8.jar#SEP#C:\Users\eloma\.m2\repository\org\ow2\asm\asm\9.1\asm-9.1.jar#SEP#C:\Users\eloma\.m2\repository\org\assertj\assertj-core\3.23.1\assertj-core-3.23.1.jar#SEP#C:\Users\eloma\.m2\repository\org\hamcrest\hamcrest\2.2\hamcrest-2.2.jar#SEP#C:\Users\eloma\.m2\repository\org\junit\jupiter\junit-jupiter\5.9.2\junit-jupiter-5.9.2.jar#SEP#C:\Users\eloma\.m2\repository\org\junit\jupiter\junit-jupiter-api\5.9.2\junit-jupiter-api-5.9.2.jar#SEP#C:\Users\eloma\.m2\repository\org\opentest4j\opentest4j\1.2.0\opentest4j-1.2.0.jar#SEP#C:\Users\eloma\.m2\repository\org\junit\platform\junit-platform-commons\1.9.2\junit-platform-commons-1.9.2.jar#SEP#C:\Users\eloma\.m2\repository\org\apiguardian\apiguardian-api\1.1.2\apiguardian-api-1.1.2.jar#SEP#C:\Users\eloma\.m2\repository\org\junit\jupiter\junit-jupiter-params\5.9.2\junit-jupiter-params-5.9.2.jar#SEP#C:\Users\eloma\.m2\repository\org\junit\jupiter\junit-jupiter-engine\5.9.2\junit-jupiter-engine-5.9.2.jar#SEP#C:\Users\eloma\.m2\repository\org\junit\platform\junit-platform-engine\1.9.2\junit-platform-engine-1.9.2.jar#SEP#C:\Users\eloma\.m2\repository\org\mockito\mockito-core\4.8.1\mockito-core-4.8.1.jar#SEP#C:\Users\eloma\.m2\repository\net\bytebuddy\byte-buddy-agent\1.12.23\byte-buddy-agent-1.12.23.jar#SEP#C:\Users\eloma\.m2\repository\org\objenesis\objenesis\3.2\objenesis-3.2.jar#SEP#C:\Users\eloma\.m2\repository\org\mockito\mockito-junit-jupiter\4.8.1\mockito-junit-jupiter-4.8.1.jar#SEP#C:\Users\eloma\.m2\repository\org\skyscreamer\jsonassert\1.5.1\jsonassert-1.5.1.jar#SEP#C:\Users\eloma\.m2\repository\com\vaadin\external\google\android-json\0.0.20131108.vaadin1\android-json-0.0.20131108.vaadin1.jar#SEP#C:\Users\eloma\.m2\repository\org\springframework\spring-test\6.0.5\spring-test-6.0.5.jar#SEP#C:\Users\eloma\.m2\repository\org\xmlunit\xmlunit-core\2.9.1\xmlunit-core-2.9.1.jar#SEP#C:\Users\eloma\.m2\repository\io\jsonwebtoken\jjwt-api\0.11.5\jjwt-api-0.11.5.jar#SEP#C:\Users\eloma\.m2\repository\io\jsonwebtoken\jjwt-impl\0.11.5\jjwt-impl-0.11.5.jar#SEP#C:\Users\eloma\.m2\repository\io\jsonwebtoken\jjwt-jackson\0.11.5\jjwt-jackson-0.11.5.jar#SEP#C:\Users\eloma\.m2\repository\org\mapstruct\mapstruct\1.5.3.Final\mapstruct-1.5.3.Final.jar#SEP#C:\Users\eloma\.m2\repository\org\projectlombok\lombok-mapstruct-binding\0.2.0\lombok-mapstruct-binding-0.2.0.jar#SEP#C:\Users\eloma\.m2\repository\org\json\json\20230227\json-20230227.jar#SEP#C:\Users\eloma\.m2\repository\org\springframework\spring-websocket\6.0.8\spring-websocket-6.0.8.jar#SEP#C:\Users\eloma\.m2\repository\org\springframework\spring-messaging\6.0.8\spring-messaging-6.0.8.jar#SEP#C:\Users\eloma\.m2\repository\org\springdoc\springdoc-openapi-starter-webmvc-ui\2.1.0\springdoc-openapi-starter-webmvc-ui-2.1.0.jar#SEP#C:\Users\eloma\.m2\repository\org\springdoc\springdoc-openapi-starter-webmvc-api\2.1.0\springdoc-openapi-starter-webmvc-api-2.1.0.jar#SEP#C:\Users\eloma\.m2\repository\org\springdoc\springdoc-openapi-starter-common\2.1.0\springdoc-openapi-starter-common-2.1.0.jar#SEP#C:\Users\eloma\.m2\repository\io\swagger\core\v3\swagger-core-jakarta\2.2.9\swagger-core-jakarta-2.2.9.jar#SEP#C:\Users\eloma\.m2\repository\org\apache\commons\commons-lang3\3.12.0\commons-lang3-3.12.0.jar#SEP#C:\Users\eloma\.m2\repository\io\swagger\core\v3\swagger-annotations-jakarta\2.2.9\swagger-annotations-jakarta-2.2.9.jar#SEP#C:\Users\eloma\.m2\repository\io\swagger\core\v3\swagger-models-jakarta\2.2.9\swagger-models-jakarta-2.2.9.jar#SEP#C:\Users\eloma\.m2\repository\com\fasterxml\jackson\dataformat\jackson-dataformat-yaml\2.14.2\jackson-dataformat-yaml-2.14.2.jar#SEP#C:\Users\eloma\.m2\repository\org\webjars\swagger-ui\4.18.2\swagger-ui-4.18.2.jar
15:27:20.210 [INFO]  [Checking][main][c.d.d.c.a] > [DIFFBLUE]DefaultEvent{projectId='ma.uiz:ObservatoireUIZ:jar:0.0.1-SNAPSHOT', goal='build-classpath', cause=, state=SUCCESS}
15:27:20.210 [INFO]  [Checking][main][c.d.d.c.a] > [INFO] 
15:27:20.210 [INFO]  [Checking][main][c.d.d.c.a] > [INFO] -----------------------< ma.uiz:ObservatoireUIZ >-----------------------
15:27:20.210 [INFO]  [Checking][main][c.d.d.c.a] > [INFO] Building ObservatoireUIZ 0.0.1-SNAPSHOT
15:27:20.210 [INFO]  [Checking][main][c.d.d.c.a] > [INFO] --------------------------------[ jar ]---------------------------------
15:27:20.210 [INFO]  [Checking][main][c.d.d.c.a] > [DIFFBLUE]DefaultEvent{projectId='ma.uiz:ObservatoireUIZ:jar:0.0.1-SNAPSHOT', goal='evaluate', cause=, state=STARTED}
15:27:20.210 [INFO]  [Checking][main][c.d.d.c.a] > [INFO] 
15:27:20.210 [INFO]  [Checking][main][c.d.d.c.a] > [INFO] --- maven-help-plugin:3.2.0:evaluate (default-cli) @ ObservatoireUIZ ---
15:27:20.210 [INFO]  [Checking][main][c.d.d.c.a] > [INFO] No artifact parameter specified, using 'ma.uiz:ObservatoireUIZ:jar:0.0.1-SNAPSHOT' as project.
15:27:20.210 [INFO]  [Checking][main][c.d.d.c.a] > [INFO] Result of evaluation written to: C:\Users\eloma\AppData\Local\Temp\build.classpath5761141802164316494.tmp
15:27:20.210 [INFO]  [Checking][main][c.d.d.c.a] > [DIFFBLUE]DefaultEvent{projectId='ma.uiz:ObservatoireUIZ:jar:0.0.1-SNAPSHOT', goal='evaluate', cause=, state=SUCCESS}
15:27:20.210 [INFO]  [Checking][main][c.d.d.c.a] > [INFO] ------------------------------------------------------------------------
15:27:20.210 [INFO]  [Checking][main][c.d.d.c.a] > [INFO] BUILD SUCCESS
15:27:20.210 [INFO]  [Checking][main][c.d.d.c.a] > [INFO] ------------------------------------------------------------------------
15:27:20.210 [INFO]  [Checking][main][c.d.d.c.a] > [INFO] Total time:  9.434 s
15:27:20.210 [INFO]  [Checking][main][c.d.d.c.a] > [INFO] Finished at: 2023-11-19T15:27:20+01:00
15:27:20.210 [INFO]  [Checking][main][c.d.d.c.a] > [INFO] ------------------------------------------------------------------------
15:27:20.210 [INFO]  [Checking][main][c.d.cover.ui.a.j] Selected classpath from build system Maven
15:27:20.210 [INFO]  [Checking][main][c.d.cover.m.c.b] Expanded classpath: 
C:\Users\eloma\IdeaProjects\ObservatoireUIZ\target\test-classes
C:\Users\eloma\IdeaProjects\ObservatoireUIZ\target\classes (code under test)
C:\Users\eloma\.m2\repository\org\springframework\boot\spring-boot-starter\3.0.3\spring-boot-starter-3.0.3.jar
C:\Users\eloma\.m2\repository\org\springframework\boot\spring-boot\3.0.3\spring-boot-3.0.3.jar
C:\Users\eloma\.m2\repository\org\springframework\boot\spring-boot-autoconfigure\3.0.3\spring-boot-autoconfigure-3.0.3.jar
C:\Users\eloma\.m2\repository\org\springframework\boot\spring-boot-starter-logging\3.0.3\spring-boot-starter-logging-3.0.3.jar
C:\Users\eloma\.m2\repository\ch\qos\logback\logback-classic\1.4.5\logback-classic-1.4.5.jar
C:\Users\eloma\.m2\repository\ch\qos\logback\logback-core\1.4.5\logback-core-1.4.5.jar
C:\Users\eloma\.m2\repository\org\apache\logging\log4j\log4j-to-slf4j\2.19.0\log4j-to-slf4j-2.19.0.jar
C:\Users\eloma\.m2\repository\org\apache\logging\log4j\log4j-api\2.19.0\log4j-api-2.19.0.jar
C:\Users\eloma\.m2\repository\org\slf4j\jul-to-slf4j\2.0.6\jul-to-slf4j-2.0.6.jar
C:\Users\eloma\.m2\repository\jakarta\annotation\jakarta.annotation-api\2.1.1\jakarta.annotation-api-2.1.1.jar
C:\Users\eloma\.m2\repository\org\springframework\spring-core\6.0.5\spring-core-6.0.5.jar
C:\Users\eloma\.m2\repository\org\springframework\spring-jcl\6.0.5\spring-jcl-6.0.5.jar
C:\Users\eloma\.m2\repository\org\yaml\snakeyaml\1.33\snakeyaml-1.33.jar
C:\Users\eloma\.m2\repository\org\springframework\boot\spring-boot-starter-web\3.0.3\spring-boot-starter-web-3.0.3.jar
C:\Users\eloma\.m2\repository\org\springframework\boot\spring-boot-starter-json\3.0.3\spring-boot-starter-json-3.0.3.jar
C:\Users\eloma\.m2\repository\com\fasterxml\jackson\datatype\jackson-datatype-jdk8\2.14.2\jackson-datatype-jdk8-2.14.2.jar
C:\Users\eloma\.m2\repository\com\fasterxml\jackson\datatype\jackson-datatype-jsr310\2.14.2\jackson-datatype-jsr310-2.14.2.jar
C:\Users\eloma\.m2\repository\com\fasterxml\jackson\module\jackson-module-parameter-names\2.14.2\jackson-module-parameter-names-2.14.2.jar
C:\Users\eloma\.m2\repository\org\springframework\boot\spring-boot-starter-tomcat\3.0.3\spring-boot-starter-tomcat-3.0.3.jar
C:\Users\eloma\.m2\repository\org\apache\tomcat\embed\tomcat-embed-core\10.1.5\tomcat-embed-core-10.1.5.jar
C:\Users\eloma\.m2\repository\org\apache\tomcat\embed\tomcat-embed-websocket\10.1.5\tomcat-embed-websocket-10.1.5.jar
C:\Users\eloma\.m2\repository\org\springframework\spring-web\6.0.5\spring-web-6.0.5.jar
C:\Users\eloma\.m2\repository\io\micrometer\micrometer-observation\1.10.4\micrometer-observation-1.10.4.jar
C:\Users\eloma\.m2\repository\io\micrometer\micrometer-commons\1.10.4\micrometer-commons-1.10.4.jar
C:\Users\eloma\.m2\repository\org\springframework\spring-webmvc\6.0.5\spring-webmvc-6.0.5.jar
C:\Users\eloma\.m2\repository\org\springframework\spring-expression\6.0.5\spring-expression-6.0.5.jar
C:\Users\eloma\.m2\repository\org\springframework\boot\spring-boot-starter-thymeleaf\3.0.3\spring-boot-starter-thymeleaf-3.0.3.jar
C:\Users\eloma\.m2\repository\org\thymeleaf\thymeleaf-spring6\3.1.1.RELEASE\thymeleaf-spring6-3.1.1.RELEASE.jar
C:\Users\eloma\.m2\repository\org\thymeleaf\thymeleaf\3.1.1.RELEASE\thymeleaf-3.1.1.RELEASE.jar
C:\Users\eloma\.m2\repository\org\attoparser\attoparser\2.0.6.RELEASE\attoparser-2.0.6.RELEASE.jar
C:\Users\eloma\.m2\repository\org\unbescape\unbescape\1.1.6.RELEASE\unbescape-1.1.6.RELEASE.jar
C:\Users\eloma\.m2\repository\org\thymeleaf\extras\thymeleaf-extras-springsecurity6\3.1.1.RELEASE\thymeleaf-extras-springsecurity6-3.1.1.RELEASE.jar
C:\Users\eloma\.m2\repository\org\slf4j\slf4j-api\2.0.6\slf4j-api-2.0.6.jar
C:\Users\eloma\.m2\repository\org\springframework\boot\spring-boot-devtools\3.0.3\spring-boot-devtools-3.0.3.jar
C:\Users\eloma\.m2\repository\org\projectlombok\lombok\1.18.26\lombok-1.18.26.jar
C:\Users\eloma\.m2\repository\org\springframework\boot\spring-boot-starter-validation\3.0.3\spring-boot-starter-validation-3.0.3.jar
C:\Users\eloma\.m2\repository\org\apache\tomcat\embed\tomcat-embed-el\10.1.5\tomcat-embed-el-10.1.5.jar
C:\Users\eloma\.m2\repository\org\hibernate\validator\hibernate-validator\8.0.0.Final\hibernate-validator-8.0.0.Final.jar
C:\Users\eloma\.m2\repository\jakarta\validation\jakarta.validation-api\3.0.2\jakarta.validation-api-3.0.2.jar
C:\Users\eloma\.m2\repository\org\springframework\boot\spring-boot-starter-security\3.0.3\spring-boot-starter-security-3.0.3.jar
C:\Users\eloma\.m2\repository\org\springframework\spring-aop\6.0.5\spring-aop-6.0.5.jar
C:\Users\eloma\.m2\repository\org\springframework\security\spring-security-config\6.0.2\spring-security-config-6.0.2.jar
C:\Users\eloma\.m2\repository\org\springframework\security\spring-security-core\6.0.2\spring-security-core-6.0.2.jar
C:\Users\eloma\.m2\repository\org\springframework\security\spring-security-crypto\6.0.2\spring-security-crypto-6.0.2.jar
C:\Users\eloma\.m2\repository\org\springframework\security\spring-security-web\6.0.2\spring-security-web-6.0.2.jar
C:\Users\eloma\.m2\repository\org\springframework\boot\spring-boot-starter-aop\3.0.3\spring-boot-starter-aop-3.0.3.jar
C:\Users\eloma\.m2\repository\org\aspectj\aspectjweaver\1.9.19\aspectjweaver-1.9.19.jar
C:\Users\eloma\.m2\repository\org\springframework\boot\spring-boot-starter-jdbc\3.0.3\spring-boot-starter-jdbc-3.0.3.jar
C:\Users\eloma\.m2\repository\com\zaxxer\HikariCP\5.0.1\HikariCP-5.0.1.jar
C:\Users\eloma\.m2\repository\org\springframework\spring-jdbc\6.0.5\spring-jdbc-6.0.5.jar
C:\Users\eloma\.m2\repository\org\hibernate\orm\hibernate-core\6.2.1.Final\hibernate-core-6.2.1.Final.jar
C:\Users\eloma\.m2\repository\jakarta\persistence\jakarta.persistence-api\3.1.0\jakarta.persistence-api-3.1.0.jar
C:\Users\eloma\.m2\repository\jakarta\transaction\jakarta.transaction-api\2.0.1\jakarta.transaction-api-2.0.1.jar
C:\Users\eloma\.m2\repository\org\jboss\logging\jboss-logging\3.5.0.Final\jboss-logging-3.5.0.Final.jar
C:\Users\eloma\.m2\repository\org\hibernate\common\hibernate-commons-annotations\6.0.6.Final\hibernate-commons-annotations-6.0.6.Final.jar
C:\Users\eloma\.m2\repository\io\smallrye\jandex\3.0.5\jandex-3.0.5.jar
C:\Users\eloma\.m2\repository\com\fasterxml\classmate\1.5.1\classmate-1.5.1.jar
C:\Users\eloma\.m2\repository\net\bytebuddy\byte-buddy\1.12.23\byte-buddy-1.12.23.jar
C:\Users\eloma\.m2\repository\jakarta\xml\bind\jakarta.xml.bind-api\4.0.0\jakarta.xml.bind-api-4.0.0.jar
C:\Users\eloma\.m2\repository\jakarta\activation\jakarta.activation-api\2.1.1\jakarta.activation-api-2.1.1.jar
C:\Users\eloma\.m2\repository\org\glassfish\jaxb\jaxb-runtime\4.0.2\jaxb-runtime-4.0.2.jar
C:\Users\eloma\.m2\repository\org\glassfish\jaxb\jaxb-core\4.0.2\jaxb-core-4.0.2.jar
C:\Users\eloma\.m2\repository\org\eclipse\angus\angus-activation\2.0.0\angus-activation-2.0.0.jar
C:\Users\eloma\.m2\repository\org\glassfish\jaxb\txw2\4.0.2\txw2-4.0.2.jar
C:\Users\eloma\.m2\repository\com\sun\istack\istack-commons-runtime\4.1.1\istack-commons-runtime-4.1.1.jar
C:\Users\eloma\.m2\repository\jakarta\inject\jakarta.inject-api\2.0.1\jakarta.inject-api-2.0.1.jar
C:\Users\eloma\.m2\repository\org\antlr\antlr4-runtime\4.10.1\antlr4-runtime-4.10.1.jar
C:\Users\eloma\.m2\repository\org\springframework\data\spring-data-jpa\3.0.2\spring-data-jpa-3.0.2.jar
C:\Users\eloma\.m2\repository\org\springframework\data\spring-data-commons\3.0.2\spring-data-commons-3.0.2.jar
C:\Users\eloma\.m2\repository\org\springframework\spring-orm\6.0.5\spring-orm-6.0.5.jar
C:\Users\eloma\.m2\repository\org\springframework\spring-context\6.0.5\spring-context-6.0.5.jar
C:\Users\eloma\.m2\repository\org\springframework\spring-tx\6.0.5\spring-tx-6.0.5.jar
C:\Users\eloma\.m2\repository\org\springframework\spring-beans\6.0.5\spring-beans-6.0.5.jar
C:\Users\eloma\.m2\repository\org\springframework\spring-aspects\6.0.5\spring-aspects-6.0.5.jar
C:\Users\eloma\.m2\repository\com\mysql\mysql-connector-j\8.0.32\mysql-connector-j-8.0.32.jar
C:\Users\eloma\.m2\repository\com\fasterxml\jackson\dataformat\jackson-dataformat-xml\2.14.2\jackson-dataformat-xml-2.14.2.jar
C:\Users\eloma\.m2\repository\com\fasterxml\jackson\core\jackson-core\2.14.2\jackson-core-2.14.2.jar
C:\Users\eloma\.m2\repository\com\fasterxml\jackson\core\jackson-annotations\2.14.2\jackson-annotations-2.14.2.jar
C:\Users\eloma\.m2\repository\com\fasterxml\jackson\core\jackson-databind\2.14.2\jackson-databind-2.14.2.jar
C:\Users\eloma\.m2\repository\org\codehaus\woodstox\stax2-api\4.2.1\stax2-api-4.2.1.jar
C:\Users\eloma\.m2\repository\com\fasterxml\woodstox\woodstox-core\6.5.0\woodstox-core-6.5.0.jar
C:\Users\eloma\.m2\repository\org\springframework\boot\spring-boot-starter-test\3.0.3\spring-boot-starter-test-3.0.3.jar
C:\Users\eloma\.m2\repository\org\springframework\boot\spring-boot-test\3.0.3\spring-boot-test-3.0.3.jar
C:\Users\eloma\.m2\repository\org\springframework\boot\spring-boot-test-autoconfigure\3.0.3\spring-boot-test-autoconfigure-3.0.3.jar
C:\Users\eloma\.m2\repository\com\jayway\jsonpath\json-path\2.7.0\json-path-2.7.0.jar
C:\Users\eloma\.m2\repository\net\minidev\json-smart\2.4.8\json-smart-2.4.8.jar
C:\Users\eloma\.m2\repository\net\minidev\accessors-smart\2.4.8\accessors-smart-2.4.8.jar
C:\Users\eloma\.m2\repository\org\ow2\asm\asm\9.1\asm-9.1.jar
C:\Users\eloma\.m2\repository\org\assertj\assertj-core\3.23.1\assertj-core-3.23.1.jar
C:\Users\eloma\.m2\repository\org\hamcrest\hamcrest\2.2\hamcrest-2.2.jar
C:\Users\eloma\.m2\repository\org\junit\jupiter\junit-jupiter\5.9.2\junit-jupiter-5.9.2.jar
C:\Users\eloma\.m2\repository\org\junit\jupiter\junit-jupiter-api\5.9.2\junit-jupiter-api-5.9.2.jar
C:\Users\eloma\.m2\repository\org\opentest4j\opentest4j\1.2.0\opentest4j-1.2.0.jar
C:\Users\eloma\.m2\repository\org\junit\platform\junit-platform-commons\1.9.2\junit-platform-commons-1.9.2.jar
C:\Users\eloma\.m2\repository\org\apiguardian\apiguardian-api\1.1.2\apiguardian-api-1.1.2.jar
C:\Users\eloma\.m2\repository\org\junit\jupiter\junit-jupiter-params\5.9.2\junit-jupiter-params-5.9.2.jar
C:\Users\eloma\.m2\repository\org\junit\jupiter\junit-jupiter-engine\5.9.2\junit-jupiter-engine-5.9.2.jar
C:\Users\eloma\.m2\repository\org\junit\platform\junit-platform-engine\1.9.2\junit-platform-engine-1.9.2.jar
C:\Users\eloma\.m2\repository\org\mockito\mockito-core\4.8.1\mockito-core-4.8.1.jar
C:\Users\eloma\.m2\repository\net\bytebuddy\byte-buddy-agent\1.12.23\byte-buddy-agent-1.12.23.jar
C:\Users\eloma\.m2\repository\org\objenesis\objenesis\3.2\objenesis-3.2.jar
C:\Users\eloma\.m2\repository\org\mockito\mockito-junit-jupiter\4.8.1\mockito-junit-jupiter-4.8.1.jar
C:\Users\eloma\.m2\repository\org\skyscreamer\jsonassert\1.5.1\jsonassert-1.5.1.jar
C:\Users\eloma\.m2\repository\com\vaadin\external\google\android-json\0.0.20131108.vaadin1\android-json-0.0.20131108.vaadin1.jar
C:\Users\eloma\.m2\repository\org\springframework\spring-test\6.0.5\spring-test-6.0.5.jar
C:\Users\eloma\.m2\repository\org\xmlunit\xmlunit-core\2.9.1\xmlunit-core-2.9.1.jar
C:\Users\eloma\.m2\repository\io\jsonwebtoken\jjwt-api\0.11.5\jjwt-api-0.11.5.jar
C:\Users\eloma\.m2\repository\io\jsonwebtoken\jjwt-impl\0.11.5\jjwt-impl-0.11.5.jar
C:\Users\eloma\.m2\repository\io\jsonwebtoken\jjwt-jackson\0.11.5\jjwt-jackson-0.11.5.jar
C:\Users\eloma\.m2\repository\org\mapstruct\mapstruct\1.5.3.Final\mapstruct-1.5.3.Final.jar
C:\Users\eloma\.m2\repository\org\projectlombok\lombok-mapstruct-binding\0.2.0\lombok-mapstruct-binding-0.2.0.jar
C:\Users\eloma\.m2\repository\org\json\json\20230227\json-20230227.jar
C:\Users\eloma\.m2\repository\org\springframework\spring-websocket\6.0.8\spring-websocket-6.0.8.jar
C:\Users\eloma\.m2\repository\org\springframework\spring-messaging\6.0.8\spring-messaging-6.0.8.jar
C:\Users\eloma\.m2\repository\org\springdoc\springdoc-openapi-starter-webmvc-ui\2.1.0\springdoc-openapi-starter-webmvc-ui-2.1.0.jar
C:\Users\eloma\.m2\repository\org\springdoc\springdoc-openapi-starter-webmvc-api\2.1.0\springdoc-openapi-starter-webmvc-api-2.1.0.jar
C:\Users\eloma\.m2\repository\org\springdoc\springdoc-openapi-starter-common\2.1.0\springdoc-openapi-starter-common-2.1.0.jar
C:\Users\eloma\.m2\repository\io\swagger\core\v3\swagger-core-jakarta\2.2.9\swagger-core-jakarta-2.2.9.jar
C:\Users\eloma\.m2\repository\org\apache\commons\commons-lang3\3.12.0\commons-lang3-3.12.0.jar
C:\Users\eloma\.m2\repository\io\swagger\core\v3\swagger-annotations-jakarta\2.2.9\swagger-annotations-jakarta-2.2.9.jar
C:\Users\eloma\.m2\repository\io\swagger\core\v3\swagger-models-jakarta\2.2.9\swagger-models-jakarta-2.2.9.jar
C:\Users\eloma\.m2\repository\com\fasterxml\jackson\dataformat\jackson-dataformat-yaml\2.14.2\jackson-dataformat-yaml-2.14.2.jar
C:\Users\eloma\.m2\repository\org\webjars\swagger-ui\4.18.2\swagger-ui-4.18.2.jar
15:27:20.210 [DEBUG] [Checking][main][c.d.c.c.m.c] Processing rule b took 10456ms
15:27:20.210 [DEBUG] [Checking][main][c.d.c.c.m.c] Processing rule r
15:27:20.210 [DEBUG] [Checking][main][c.d.c.c.m.c]   Rule fired
15:27:20.280 [DEBUG] [Checking][main][c.d.c.c.m.c] Processing rule r took 64ms
15:27:20.280 [DEBUG] [Checking][main][c.d.c.c.m.c] Processing rule ae
15:27:20.280 [DEBUG] [Checking][main][c.d.c.c.m.c]   Rule fired
15:27:20.280 [DEBUG] [Checking][main][c.d.c.c.m.c] Processing rule ae took 0ms
15:27:20.280 [DEBUG] [Checking][main][c.d.c.c.m.c] Processing rule y
15:27:20.280 [DEBUG] [Checking][main][c.d.c.c.m.c]   Rule fired
15:27:20.399 [DEBUG] [Checking][main][c.d.c.c.m.c] Processing rule y took 111ms
15:27:20.399 [DEBUG] [Checking][main][c.d.c.c.m.c] Processing rule af
15:27:20.399 [DEBUG] [Checking][main][c.d.c.c.m.c]   Rule fired
15:27:20.399 [INFO]  [Checking][main][c.d.cover.ui.a.j] Detected Spring Core version 6.0.5
15:27:20.399 [INFO]  [Checking][main][c.d.cover.ui.a.j] Detected Spring Web version 6.0.5
15:27:20.399 [INFO]  [Checking][main][c.d.cover.ui.a.j] Detected Spring Test version 6.0.5
15:27:20.399 [INFO]  [Checking][main][c.d.cover.ui.a.j] Detected Spring Security Web version 6.0.2
15:27:20.399 [INFO]  [Checking][main][c.d.cover.ui.a.j] Detected Spring Boot version 3.0.3
15:27:20.399 [INFO]  [Checking][main][c.d.cover.ui.a.j] Detected Spring Boot Test version 3.0.3
15:27:20.399 [DEBUG] [Checking][main][c.d.c.c.m.c] Processing rule af took 4ms
15:27:20.399 [DEBUG] [Checking][main][c.d.c.c.m.c] Processing rule ar
15:27:20.399 [DEBUG] [Checking][main][c.d.c.c.m.c]   Rule fired
15:27:20.461 [DEBUG] [Checking][main][c.d.c.c.m.c]   Error provided for DETECTED_TESTING_FRAMEWORK_JUNIT: b: Failed to determine JUnit version by invoking class 'junit.runner.Version', method 'id', descriptor '()Ljava/lang/String'
15:27:20.461 [DEBUG] [Checking][main][c.d.c.c.m.c] Processing rule ar took 59ms
15:27:20.461 [DEBUG] [Checking][main][c.d.c.c.m.c] Processing rule as
15:27:20.461 [DEBUG] [Checking][main][c.d.c.c.m.c]   Rule fired
15:27:20.493 [INFO]  [Checking][main][c.d.cover.ui.a.j] Detected test framework: JUnit Jupiter 5.9.2
15:27:20.524 [INFO]  [Checking][main][c.d.cover.ui.a.j] Detected JUnit Jupiter version 5.9.2
15:27:20.524 [DEBUG] [Checking][main][c.d.c.c.m.c] Processing rule as took 72ms
15:27:20.524 [DEBUG] [Checking][main][c.d.c.c.m.c] Processing rule u
15:27:20.524 [DEBUG] [Checking][main][c.d.c.c.m.c]   Rule fired
15:27:20.571 [INFO]  [Checking][main][c.d.cover.ui.a.j] Detected JUnit Jupiter Params version 5.9.2
15:27:20.571 [DEBUG] [Checking][main][c.d.c.c.m.c] Processing rule u took 35ms
15:27:20.571 [DEBUG] [Checking][main][c.d.c.c.m.c] Processing rule at
15:27:20.571 [DEBUG] [Checking][main][c.d.c.c.m.c]   Rule fired
15:27:20.603 [DEBUG] [Checking][main][c.d.c.c.m.c]   Error provided for DETECTED_TESTING_FRAMEWORK_TESTNG: b: Failed to determine TestNG version by invoking class 'org.testng.internal.Version', method 'getVersionString', descriptor '()Ljava/lang/String'
15:27:20.603 [DEBUG] [Checking][main][c.d.c.c.m.c]   Error provided for DETECTED_TESTNG_BELOW_6_9_5: Skipped
15:27:20.603 [DEBUG] [Checking][main][c.d.c.c.m.c] Processing rule at took 37ms
15:27:20.603 [DEBUG] [Checking][main][c.d.c.c.m.c] Processing rule l
15:27:20.603 [DEBUG] [Checking][main][c.d.c.c.m.c]   Rule fired
15:27:20.634 [DEBUG] [Checking][main][c.d.c.c.m.c]   Error provided for DETECTED_JUNIT_VINTAGE_ENGINE: b: Failed to determine JUnit Vintage Engine version from manifest; resource not found: org/junit/vintage/engine/VintageTestEngine.class
15:27:20.634 [DEBUG] [Checking][main][c.d.c.c.m.c] Processing rule l took 32ms
15:27:20.634 [DEBUG] [Checking][main][c.d.c.c.m.c] Processing rule z
15:27:20.634 [DEBUG] [Checking][main][c.d.c.c.m.c] Processing rule ak
15:27:20.634 [DEBUG] [Checking][main][c.d.c.c.m.c]   Rule fired
15:27:20.634 [DEBUG] [Checking][main][c.d.c.c.m.c] Processing rule ak took 0ms
15:27:20.634 [DEBUG] [Checking][main][c.d.c.c.m.c] Processing rule z
15:27:20.634 [DEBUG] [Checking][main][c.d.c.c.m.c]   Rule fired
15:27:20.665 [INFO]  [Checking][main][c.d.cover.ui.a.j] Detected Mockito version 4.8.1
15:27:20.665 [DEBUG] [Checking][main][c.d.c.c.m.c] Processing rule z took 28ms
15:27:20.665 [DEBUG] [Checking][main][c.d.c.c.m.c] Processing rule ac
15:27:20.665 [DEBUG] [Checking][main][c.d.c.c.m.c]   Rule fired
15:27:21.090 [DEBUG] [Checking][main][c.d.c.c.m.c] Processing rule ac took 429ms
15:27:21.090 [DEBUG] [Checking][main][c.d.c.c.m.c] Processing rule ag
15:27:21.090 [DEBUG] [Checking][main][c.d.c.c.m.c]   Rule fired
15:27:21.090 [DEBUG] [Checking][main][c.d.c.c.m.c] Processing rule ag took 0ms
15:27:21.090 [DEBUG] [Checking][main][c.d.c.c.m.c] Processing rule i
15:27:21.090 [DEBUG] [Checking][main][c.d.c.c.m.c]   Rule fired
15:27:21.136 [DEBUG] [Checking][main][c.d.c.c.m.c]   Error provided for DETECTED_INLINE_MOCK_MAKER: Dependency not present
15:27:21.136 [DEBUG] [Checking][main][c.d.c.c.m.c] Processing rule i took 37ms
15:27:21.136 [DEBUG] [Checking][main][c.d.c.c.m.c] Processing rule aa
15:27:21.136 [DEBUG] [Checking][main][c.d.c.c.m.c]   Rule fired
15:27:21.168 [DEBUG] [Checking][main][c.d.c.c.m.c] Processing rule aa took 31ms
15:27:21.168 [DEBUG] [Checking][main][c.d.c.c.m.c] Processing rule ab
15:27:21.168 [DEBUG] [Checking][main][c.d.c.c.m.c] Processing rule m
15:27:21.168 [DEBUG] [Checking][main][c.d.c.c.m.c] Processing rule av
15:27:21.168 [DEBUG] [Checking][main][c.d.c.c.m.c] Processing rule ObserverMethodSpecificationDetector
15:27:21.168 [DEBUG] [Checking][main][c.d.c.c.m.c]   Rule fired
15:27:21.168 [DEBUG] [Checking][main][c.d.c.c.m.c] Processing rule ObserverMethodSpecificationDetector took 0ms
15:27:21.168 [DEBUG] [Checking][main][c.d.c.c.m.c] Processing rule av
15:27:21.168 [DEBUG] [Checking][main][c.d.c.c.m.c]   Rule fired
15:27:21.168 [INFO]  [Checking][main][c.d.cover.ui.a.j] Indexing...
15:27:21.560 [DEBUG] [Checking][main][c.d.c.c.m.c] Processing rule av took 390ms
15:27:21.560 [DEBUG] [Checking][main][c.d.c.c.m.c] Processing rule ao
15:27:21.560 [DEBUG] [Checking][main][c.d.c.c.m.c] Processing rule ah
15:27:21.560 [DEBUG] [Checking][main][c.d.c.c.m.c] Processing rule CoverageReportOptionsDetector
15:27:21.560 [DEBUG] [Checking][main][c.d.c.c.m.c] Processing rule aq
15:27:21.560 [DEBUG] [Checking][main][c.d.c.c.m.c]   Rule fired
15:27:21.576 [INFO]  [Checking][main][c.d.cover.ui.a.j] Selected test output directory: C:\Users\eloma\IdeaProjects\ObservatoireUIZ\src\test\java
15:27:21.576 [DEBUG] [Checking][main][c.d.c.c.m.c]   Error provided for SPECIFIED_TESTING_FRAMEWORK: Not Supplied
15:27:21.576 [DEBUG] [Checking][main][c.d.c.c.m.c] Processing rule aq took 14ms
15:27:21.576 [DEBUG] [Checking][main][c.d.c.c.m.c] Processing rule CoverageReportOptionsDetector
15:27:21.576 [DEBUG] [Checking][main][c.d.c.c.m.c]   Rule fired
15:27:21.576 [DEBUG] [Checking][main][c.d.c.c.m.c]   Error provided for SPECIFIED_JACOCO_COMMAND_DIFFBLUE: Not Supplied
15:27:21.576 [DEBUG] [Checking][main][c.d.c.c.m.c]   Error provided for SPECIFIED_JACOCO_COMMAND_MANUAL: Not Supplied
15:27:21.576 [DEBUG] [Checking][main][c.d.c.c.m.c]   Error provided for SPECIFIED_JACOCO_XML_TEST_REPORT: Not Supplied
15:27:21.576 [DEBUG] [Checking][main][c.d.c.c.m.c] Processing rule CoverageReportOptionsDetector took 0ms
15:27:21.576 [DEBUG] [Checking][main][c.d.c.c.m.c] Processing rule ai
15:27:21.576 [DEBUG] [Checking][main][c.d.c.c.m.c]   Rule fired
15:27:21.576 [DEBUG] [Checking][main][c.d.c.c.m.c] Processing rule ai took 0ms
15:27:21.576 [DEBUG] [Checking][main][c.d.c.c.m.c] Processing rule ah
15:27:21.576 [DEBUG] [Checking][main][c.d.c.c.m.c]   Rule fired
15:27:21.576 [DEBUG] [Checking][main][c.d.c.c.m.c] Processing rule ah took 0ms
15:27:21.576 [DEBUG] [Checking][main][c.d.c.c.m.c] Processing rule ValidationOptionsDetector
15:27:21.576 [DEBUG] [Checking][main][c.d.c.c.m.c]   Rule fired
15:27:21.576 [DEBUG] [Checking][main][c.d.c.c.m.c]   Error provided for SPECIFIED_VALIDATION_COMMAND: Not Supplied
15:27:21.576 [DEBUG] [Checking][main][c.d.c.c.m.c] Processing rule ValidationOptionsDetector took 0ms
15:27:21.576 [DEBUG] [Checking][main][c.d.c.c.m.c] Processing rule ao
15:27:21.576 [DEBUG] [Checking][main][c.d.c.c.m.c]   Rule fired
15:27:21.576 [DEBUG] [Checking][main][c.d.c.c.m.c]   Error provided for DETECTED_TESTS_EXECUTE_WITH_TESTNG: Skipped
15:27:21.576 [DEBUG] [Checking][main][c.d.c.c.m.c] Processing rule ao took 0ms
15:27:21.576 [DEBUG] [Checking][main][c.d.c.c.m.c] Processing rule an
15:27:21.576 [DEBUG] [Checking][main][c.d.c.c.m.c]   Rule fired
15:27:21.576 [INFO]  [Checking][main][c.d.d.d.b] Maven Using ${maven.home} of: C:\Users\eloma\IdeaProjects\ObservatoireUIZ.
15:27:21.576 [INFO]  [Checking][main][c.d.d.d.b] Maven Executing: cmd.exe /X /C "C:\Users\eloma\IdeaProjects\ObservatoireUIZ\mvnw.cmd -B -D test=DummyJupiterDiffblueTest -D "maven.ext.class.path=C:\Program Files\Diffblue\cover-buildsystem-maven-spy-jar-with-dependencies.jar" test"
15:27:27.630 [INFO]  [Checking][main][c.d.d.c.a] Standard output of build tool (Maven)
15:27:27.630 [INFO]  [Checking][main][c.d.d.c.a] > [INFO] Scanning for projects...
15:27:27.630 [INFO]  [Checking][main][c.d.d.c.a] > [INFO] 
15:27:27.630 [INFO]  [Checking][main][c.d.d.c.a] > [INFO] -----------------------< ma.uiz:ObservatoireUIZ >-----------------------
15:27:27.630 [INFO]  [Checking][main][c.d.d.c.a] > [INFO] Building ObservatoireUIZ 0.0.1-SNAPSHOT
15:27:27.630 [INFO]  [Checking][main][c.d.d.c.a] > [INFO] --------------------------------[ jar ]---------------------------------
15:27:27.630 [INFO]  [Checking][main][c.d.d.c.a] > [DIFFBLUE]DefaultEvent{projectId='ma.uiz:ObservatoireUIZ:jar:0.0.1-SNAPSHOT', goal='resources', cause=, state=STARTED}
15:27:27.630 [INFO]  [Checking][main][c.d.d.c.a] > [INFO] 
15:27:27.630 [INFO]  [Checking][main][c.d.d.c.a] > [INFO] --- maven-resources-plugin:3.3.0:resources (default-resources) @ ObservatoireUIZ ---
15:27:27.630 [INFO]  [Checking][main][c.d.d.c.a] > [INFO] Copying 1 resource
15:27:27.630 [INFO]  [Checking][main][c.d.d.c.a] > [INFO] Copying 5 resources
15:27:27.630 [INFO]  [Checking][main][c.d.d.c.a] > [DIFFBLUE]DefaultEvent{projectId='ma.uiz:ObservatoireUIZ:jar:0.0.1-SNAPSHOT', goal='resources', cause=, state=SUCCESS}
15:27:27.630 [INFO]  [Checking][main][c.d.d.c.a] > [DIFFBLUE]DefaultEvent{projectId='ma.uiz:ObservatoireUIZ:jar:0.0.1-SNAPSHOT', goal='compile', cause=, state=STARTED}
15:27:27.630 [INFO]  [Checking][main][c.d.d.c.a] > [INFO] 
15:27:27.630 [INFO]  [Checking][main][c.d.d.c.a] > [INFO] --- maven-compiler-plugin:3.8.1:compile (default-compile) @ ObservatoireUIZ ---
15:27:27.630 [INFO]  [Checking][main][c.d.d.c.a] > [INFO] Nothing to compile - all classes are up to date
15:27:27.630 [INFO]  [Checking][main][c.d.d.c.a] > [DIFFBLUE]DefaultEvent{projectId='ma.uiz:ObservatoireUIZ:jar:0.0.1-SNAPSHOT', goal='compile', cause=, state=SUCCESS}
15:27:27.630 [INFO]  [Checking][main][c.d.d.c.a] > [DIFFBLUE]DefaultEvent{projectId='ma.uiz:ObservatoireUIZ:jar:0.0.1-SNAPSHOT', goal='testResources', cause=, state=STARTED}
15:27:27.630 [INFO]  [Checking][main][c.d.d.c.a] > [INFO] 
15:27:27.630 [INFO]  [Checking][main][c.d.d.c.a] > [INFO] --- maven-resources-plugin:3.3.0:testResources (default-testResources) @ ObservatoireUIZ ---
15:27:27.630 [INFO]  [Checking][main][c.d.d.c.a] > [INFO] skip non existing resourceDirectory C:\Users\eloma\IdeaProjects\ObservatoireUIZ\src\test\resources
15:27:27.630 [INFO]  [Checking][main][c.d.d.c.a] > [DIFFBLUE]DefaultEvent{projectId='ma.uiz:ObservatoireUIZ:jar:0.0.1-SNAPSHOT', goal='testResources', cause=, state=SUCCESS}
15:27:27.630 [INFO]  [Checking][main][c.d.d.c.a] > [DIFFBLUE]DefaultEvent{projectId='ma.uiz:ObservatoireUIZ:jar:0.0.1-SNAPSHOT', goal='testCompile', cause=, state=STARTED}
15:27:27.630 [INFO]  [Checking][main][c.d.d.c.a] > [INFO] 
15:27:27.630 [INFO]  [Checking][main][c.d.d.c.a] > [INFO] --- maven-compiler-plugin:3.8.1:testCompile (default-testCompile) @ ObservatoireUIZ ---
15:27:27.630 [INFO]  [Checking][main][c.d.d.c.a] > [INFO] Changes detected - recompiling the module!
15:27:27.630 [INFO]  [Checking][main][c.d.d.c.a] > [INFO] Compiling 3 source files to C:\Users\eloma\IdeaProjects\ObservatoireUIZ\target\test-classes
15:27:27.630 [INFO]  [Checking][main][c.d.d.c.a] > [DIFFBLUE]DefaultEvent{projectId='ma.uiz:ObservatoireUIZ:jar:0.0.1-SNAPSHOT', goal='testCompile', cause=, state=SUCCESS}
15:27:27.630 [INFO]  [Checking][main][c.d.d.c.a] > [DIFFBLUE]DefaultEvent{projectId='ma.uiz:ObservatoireUIZ:jar:0.0.1-SNAPSHOT', goal='test', cause=, state=STARTED}
15:27:27.630 [INFO]  [Checking][main][c.d.d.c.a] > [INFO] 
15:27:27.630 [INFO]  [Checking][main][c.d.d.c.a] > [INFO] --- maven-surefire-plugin:2.22.2:test (default-test) @ ObservatoireUIZ ---
15:27:27.630 [INFO]  [Checking][main][c.d.d.c.a] > [INFO] 
15:27:27.630 [INFO]  [Checking][main][c.d.d.c.a] > [INFO] -------------------------------------------------------
15:27:27.630 [INFO]  [Checking][main][c.d.d.c.a] > [INFO]  T E S T S
15:27:27.630 [INFO]  [Checking][main][c.d.d.c.a] > [INFO] -------------------------------------------------------
15:27:27.630 [INFO]  [Checking][main][c.d.d.c.a] > [INFO] Running org.example.jupiter.DummyJupiterDiffblueTest
15:27:27.630 [INFO]  [Checking][main][c.d.d.c.a] > [INFO] Tests run: 1, Failures: 0, Errors: 0, Skipped: 0, Time elapsed: 0.032 s - in org.example.jupiter.DummyJupiterDiffblueTest
15:27:27.630 [INFO]  [Checking][main][c.d.d.c.a] > [INFO] 
15:27:27.630 [INFO]  [Checking][main][c.d.d.c.a] > [INFO] Results:
15:27:27.630 [INFO]  [Checking][main][c.d.d.c.a] > [INFO] 
15:27:27.630 [INFO]  [Checking][main][c.d.d.c.a] > [INFO] Tests run: 1, Failures: 0, Errors: 0, Skipped: 0
15:27:27.630 [INFO]  [Checking][main][c.d.d.c.a] > [INFO] 
15:27:27.630 [INFO]  [Checking][main][c.d.d.c.a] > [DIFFBLUE]DefaultEvent{projectId='ma.uiz:ObservatoireUIZ:jar:0.0.1-SNAPSHOT', goal='test', cause=, state=SUCCESS}
15:27:27.630 [INFO]  [Checking][main][c.d.d.c.a] > [INFO] ------------------------------------------------------------------------
15:27:27.630 [INFO]  [Checking][main][c.d.d.c.a] > [INFO] BUILD SUCCESS
15:27:27.630 [INFO]  [Checking][main][c.d.d.c.a] > [INFO] ------------------------------------------------------------------------
15:27:27.630 [INFO]  [Checking][main][c.d.d.c.a] > [INFO] Total time:  4.215 s
15:27:27.630 [INFO]  [Checking][main][c.d.d.c.a] > [INFO] Finished at: 2023-11-19T15:27:26+01:00
15:27:27.630 [INFO]  [Checking][main][c.d.d.c.a] > [INFO] ------------------------------------------------------------------------
15:27:27.630 [DEBUG] [Checking][main][c.d.c.c.m.c] Processing rule an took 6054ms
15:27:27.630 [DEBUG] [Checking][main][c.d.c.c.m.c] Processing rule am
15:27:27.630 [DEBUG] [Checking][main][c.d.c.c.m.c]   Rule fired
15:27:27.630 [DEBUG] [Checking][main][c.d.c.c.m.c]   Error provided for DETECTED_TESTS_EXECUTE_WITH_JUNIT: Skipped
15:27:27.630 [DEBUG] [Checking][main][c.d.c.c.m.c] Processing rule am took 0ms
15:27:27.630 [DEBUG] [Checking][main][c.d.c.c.m.c] Processing rule m
15:27:27.630 [DEBUG] [Checking][main][c.d.c.c.m.c]   Rule fired
15:27:27.630 [DEBUG] [Checking][main][c.d.cover.m.c.m] JUnitJupiter5 is present
15:27:27.630 [DEBUG] [Checking][main][c.d.cover.m.c.m] JUnitJupiter5 is supported
15:27:27.630 [DEBUG] [Checking][main][c.d.cover.m.c.m] JUnit 5 is present and either it's not been specified by the user or it is the same as the version the user specified
15:27:27.630 [INFO]  [Checking][main][c.d.cover.ui.a.j] Selected test framework: JUnit Jupiter
15:27:27.630 [DEBUG] [Checking][main][c.d.c.c.m.c] Processing rule m took 4ms
15:27:27.630 [DEBUG] [Checking][main][c.d.c.c.m.c] Processing rule ab
15:27:27.630 [DEBUG] [Checking][main][c.d.c.c.m.c]   Rule fired
15:27:27.661 [DEBUG] [Checking][main][c.d.c.c.m.c] Processing rule ab took 31ms
15:27:27.661 [DEBUG] [Checking][main][c.d.c.c.m.c] Processing rule q
15:27:27.661 [DEBUG] [Checking][main][c.d.c.c.m.c]   Rule fired
15:27:27.724 [DEBUG] [Checking][main][c.d.c.c.m.c]   Error provided for DETECTED_JAKARTA_API: Skipped
15:27:27.724 [DEBUG] [Checking][main][c.d.c.c.m.c] Processing rule q took 66ms
15:27:27.724 [DEBUG] [Checking][main][c.d.c.c.m.c] Processing rule j
15:27:27.724 [DEBUG] [Checking][main][c.d.c.c.m.c]   Rule fired
15:27:27.724 [INFO]  [Checking][main][c.d.d.d.b] Maven Using ${maven.home} of: C:\Users\eloma\IdeaProjects\ObservatoireUIZ.
15:27:27.724 [INFO]  [Checking][main][c.d.d.d.b] Maven Executing: cmd.exe /X /C "C:\Users\eloma\IdeaProjects\ObservatoireUIZ\mvnw.cmd -B -D test=DummyJUnitJupiterLauncherDiffblueTest -D "maven.ext.class.path=C:\Program Files\Diffblue\cover-buildsystem-maven-spy-jar-with-dependencies.jar" test"
15:27:33.763 [INFO]  [Checking][main][c.d.d.c.a] Standard output of build tool (Maven)
15:27:33.763 [INFO]  [Checking][main][c.d.d.c.a] > [INFO] Scanning for projects...
15:27:33.763 [INFO]  [Checking][main][c.d.d.c.a] > [INFO] 
15:27:33.763 [INFO]  [Checking][main][c.d.d.c.a] > [INFO] -----------------------< ma.uiz:ObservatoireUIZ >-----------------------
15:27:33.763 [INFO]  [Checking][main][c.d.d.c.a] > [INFO] Building ObservatoireUIZ 0.0.1-SNAPSHOT
15:27:33.763 [INFO]  [Checking][main][c.d.d.c.a] > [INFO] --------------------------------[ jar ]---------------------------------
15:27:33.763 [INFO]  [Checking][main][c.d.d.c.a] > [DIFFBLUE]DefaultEvent{projectId='ma.uiz:ObservatoireUIZ:jar:0.0.1-SNAPSHOT', goal='resources', cause=, state=STARTED}
15:27:33.763 [INFO]  [Checking][main][c.d.d.c.a] > [INFO] 
15:27:33.763 [INFO]  [Checking][main][c.d.d.c.a] > [INFO] --- maven-resources-plugin:3.3.0:resources (default-resources) @ ObservatoireUIZ ---
15:27:33.763 [INFO]  [Checking][main][c.d.d.c.a] > [INFO] Copying 1 resource
15:27:33.763 [INFO]  [Checking][main][c.d.d.c.a] > [INFO] Copying 5 resources
15:27:33.763 [INFO]  [Checking][main][c.d.d.c.a] > [DIFFBLUE]DefaultEvent{projectId='ma.uiz:ObservatoireUIZ:jar:0.0.1-SNAPSHOT', goal='resources', cause=, state=SUCCESS}
15:27:33.763 [INFO]  [Checking][main][c.d.d.c.a] > [DIFFBLUE]DefaultEvent{projectId='ma.uiz:ObservatoireUIZ:jar:0.0.1-SNAPSHOT', goal='compile', cause=, state=STARTED}
15:27:33.763 [INFO]  [Checking][main][c.d.d.c.a] > [INFO] 
15:27:33.763 [INFO]  [Checking][main][c.d.d.c.a] > [INFO] --- maven-compiler-plugin:3.8.1:compile (default-compile) @ ObservatoireUIZ ---
15:27:33.763 [INFO]  [Checking][main][c.d.d.c.a] > [INFO] Nothing to compile - all classes are up to date
15:27:33.763 [INFO]  [Checking][main][c.d.d.c.a] > [DIFFBLUE]DefaultEvent{projectId='ma.uiz:ObservatoireUIZ:jar:0.0.1-SNAPSHOT', goal='compile', cause=, state=SUCCESS}
15:27:33.763 [INFO]  [Checking][main][c.d.d.c.a] > [DIFFBLUE]DefaultEvent{projectId='ma.uiz:ObservatoireUIZ:jar:0.0.1-SNAPSHOT', goal='testResources', cause=, state=STARTED}
15:27:33.763 [INFO]  [Checking][main][c.d.d.c.a] > [INFO] 
15:27:33.763 [INFO]  [Checking][main][c.d.d.c.a] > [INFO] --- maven-resources-plugin:3.3.0:testResources (default-testResources) @ ObservatoireUIZ ---
15:27:33.763 [INFO]  [Checking][main][c.d.d.c.a] > [INFO] skip non existing resourceDirectory C:\Users\eloma\IdeaProjects\ObservatoireUIZ\src\test\resources
15:27:33.763 [INFO]  [Checking][main][c.d.d.c.a] > [DIFFBLUE]DefaultEvent{projectId='ma.uiz:ObservatoireUIZ:jar:0.0.1-SNAPSHOT', goal='testResources', cause=, state=SUCCESS}
15:27:33.763 [INFO]  [Checking][main][c.d.d.c.a] > [DIFFBLUE]DefaultEvent{projectId='ma.uiz:ObservatoireUIZ:jar:0.0.1-SNAPSHOT', goal='testCompile', cause=, state=STARTED}
15:27:33.763 [INFO]  [Checking][main][c.d.d.c.a] > [INFO] 
15:27:33.763 [INFO]  [Checking][main][c.d.d.c.a] > [INFO] --- maven-compiler-plugin:3.8.1:testCompile (default-testCompile) @ ObservatoireUIZ ---
15:27:33.763 [INFO]  [Checking][main][c.d.d.c.a] > [INFO] Changes detected - recompiling the module!
15:27:33.763 [INFO]  [Checking][main][c.d.d.c.a] > [INFO] Compiling 3 source files to C:\Users\eloma\IdeaProjects\ObservatoireUIZ\target\test-classes
15:27:33.763 [INFO]  [Checking][main][c.d.d.c.a] > [DIFFBLUE]DefaultEvent{projectId='ma.uiz:ObservatoireUIZ:jar:0.0.1-SNAPSHOT', goal='testCompile', cause=, state=SUCCESS}
15:27:33.763 [INFO]  [Checking][main][c.d.d.c.a] > [DIFFBLUE]DefaultEvent{projectId='ma.uiz:ObservatoireUIZ:jar:0.0.1-SNAPSHOT', goal='test', cause=, state=STARTED}
15:27:33.763 [INFO]  [Checking][main][c.d.d.c.a] > [INFO] 
15:27:33.763 [INFO]  [Checking][main][c.d.d.c.a] > [INFO] --- maven-surefire-plugin:2.22.2:test (default-test) @ ObservatoireUIZ ---
15:27:33.763 [INFO]  [Checking][main][c.d.d.c.a] > [INFO] 
15:27:33.763 [INFO]  [Checking][main][c.d.d.c.a] > [INFO] -------------------------------------------------------
15:27:33.763 [INFO]  [Checking][main][c.d.d.c.a] > [INFO]  T E S T S
15:27:33.763 [INFO]  [Checking][main][c.d.d.c.a] > [INFO] -------------------------------------------------------
15:27:33.763 [INFO]  [Checking][main][c.d.d.c.a] > [INFO] Running DummyJUnitJupiterLauncherDiffblueTest
15:27:33.763 [INFO]  [Checking][main][c.d.d.c.a] > (diffblue)C:\Users\eloma\.m2\repository\org\junit\platform\junit-platform-launcher\1.3.1\junit-platform-launcher-1.3.1.jar(/diffblue)
15:27:33.763 [INFO]  [Checking][main][c.d.d.c.a] > [INFO] Tests run: 1, Failures: 0, Errors: 0, Skipped: 0, Time elapsed: 0.031 s - in DummyJUnitJupiterLauncherDiffblueTest
15:27:33.763 [INFO]  [Checking][main][c.d.d.c.a] > [INFO] 
15:27:33.763 [INFO]  [Checking][main][c.d.d.c.a] > [INFO] Results:
15:27:33.763 [INFO]  [Checking][main][c.d.d.c.a] > [INFO] 
15:27:33.763 [INFO]  [Checking][main][c.d.d.c.a] > [INFO] Tests run: 1, Failures: 0, Errors: 0, Skipped: 0
15:27:33.763 [INFO]  [Checking][main][c.d.d.c.a] > [INFO] 
15:27:33.763 [INFO]  [Checking][main][c.d.d.c.a] > [DIFFBLUE]DefaultEvent{projectId='ma.uiz:ObservatoireUIZ:jar:0.0.1-SNAPSHOT', goal='test', cause=, state=SUCCESS}
15:27:33.763 [INFO]  [Checking][main][c.d.d.c.a] > [INFO] ------------------------------------------------------------------------
15:27:33.763 [INFO]  [Checking][main][c.d.d.c.a] > [INFO] BUILD SUCCESS
15:27:33.763 [INFO]  [Checking][main][c.d.d.c.a] > [INFO] ------------------------------------------------------------------------
15:27:33.763 [INFO]  [Checking][main][c.d.d.c.a] > [INFO] Total time:  4.092 s
15:27:33.763 [INFO]  [Checking][main][c.d.d.c.a] > [INFO] Finished at: 2023-11-19T15:27:32+01:00
15:27:33.763 [INFO]  [Checking][main][c.d.d.c.a] > [INFO] ------------------------------------------------------------------------
15:27:33.763 [DEBUG] [Checking][main][c.d.c.c.m.c] Processing rule j took 6030ms
15:27:33.763 [DEBUG] [Checking][main][c.d.c.c.m.c] Processing rule k
15:27:33.763 [DEBUG] [Checking][main][c.d.c.c.m.c]   Rule fired
15:27:33.763 [DEBUG] [Checking][main][c.d.c.c.m.c]   Error provided for DETECTED_JUNIT_LAUNCHER: Skipped
15:27:33.763 [DEBUG] [Checking][main][c.d.c.c.m.c] Processing rule k took 0ms
15:27:33.763 [DEBUG] [Checking][main][c.d.c.c.m.c] Processing rule ap
15:27:33.763 [DEBUG] [Checking][main][c.d.c.c.m.c]   Rule fired
15:27:33.763 [DEBUG] [Checking][main][c.d.c.c.m.c]   Error provided for DETECTED_TESTNG_LAUNCHER: Skipped
15:27:33.763 [DEBUG] [Checking][main][c.d.c.c.m.c] Processing rule ap took 0ms
15:27:33.763 [DEBUG] [Checking][main][c.d.c.c.m.c] Processing rule h
15:27:33.763 [DEBUG] [Checking][main][c.d.c.c.m.c]   Rule fired
15:27:33.810 [INFO]  [Checking][main][c.d.cover.ui.a.j] Detected Hamcrest 2 version 2.2
15:27:33.810 [DEBUG] [Checking][main][c.d.c.c.m.c]   Error provided for DETECTED_ASSERTION_FRAMEWORK_HAMCREST1: b: Failed to determine Hamcrest 1 version; found resource: org/hamcrest/io/FileMatchers.class
15:27:33.810 [DEBUG] [Checking][main][c.d.c.c.m.c] Processing rule h took 57ms
15:27:33.810 [DEBUG] [Checking][main][c.d.c.c.m.c] Processing rule t
15:27:33.810 [DEBUG] [Checking][main][c.d.c.c.m.c]   Rule fired
15:27:33.826 [DEBUG] [Checking][main][c.d.c.c.m.c] Processing rule t took 3ms
15:27:33.826 [DEBUG] [Checking][main][c.d.c.c.m.c] Processing rule v
15:27:33.826 [DEBUG] [Checking][main][c.d.c.c.m.c]   Rule fired
15:27:33.826 [INFO]  [Checking][main][c.d.cover.ui.a.j] Detected JVM architecture: 64-Bit
15:27:33.826 [DEBUG] [Checking][main][c.d.c.c.m.c] Processing rule v took 0ms
15:27:33.826 [DEBUG] [Checking][main][c.d.c.c.m.c] Processing rule p
15:27:33.826 [DEBUG] [Checking][main][c.d.c.c.m.c]   Rule fired
15:27:33.826 [DEBUG] [Checking][main][c.d.c.c.m.c] Processing rule p took 0ms
15:27:33.826 [DEBUG] [Checking][main][c.d.c.c.m.c] Processing rule n
15:27:33.826 [DEBUG] [Checking][main][c.d.c.c.m.c] Processing rule g
15:27:33.826 [DEBUG] [Checking][main][c.d.c.c.m.c]   Rule fired
15:27:33.826 [DEBUG] [Checking][main][c.d.c.c.m.c]   Error provided for SELECTED_JUNIT_VINTAGE_ENGINE: Skipped
15:27:33.826 [DEBUG] [Checking][main][c.d.c.c.m.c] Processing rule g took 0ms
15:27:33.826 [DEBUG] [Checking][main][c.d.c.c.m.c] Processing rule n
15:27:33.826 [DEBUG] [Checking][main][c.d.c.c.m.c]   Rule fired
15:27:33.826 [DEBUG] [Checking][main][c.d.c.c.m.c]   Error provided for DETECTED_TESTS_EXECUTE_WITH_JACOCO_JUNIT: Skipped
15:27:33.826 [DEBUG] [Checking][main][c.d.c.c.m.c] Processing rule n took 0ms
15:27:33.826 [DEBUG] [Checking][main][c.d.c.c.m.c] Processing rule o
15:27:33.826 [DEBUG] [Checking][main][c.d.c.c.m.c]   Rule fired
15:27:33.826 [INFO]  [Checking][main][c.d.d.d.b] Maven Using ${maven.home} of: C:\Users\eloma\IdeaProjects\ObservatoireUIZ.
15:27:33.826 [INFO]  [Checking][main][c.d.d.d.b] Maven Executing: cmd.exe /X /C "C:\Users\eloma\IdeaProjects\ObservatoireUIZ\mvnw.cmd -B -D test=DiffblueDummyCoverageJupiterDiffblueTest -D surefire.failIfNoSpecifiedTests=false -D maven.test.failure.ignore=true -D failIfNoTests=false -D jacoco.skip=false -D "maven.ext.class.path=C:\Program Files\Diffblue\cover-buildsystem-maven-spy-jar-with-dependencies.jar" org.jacoco:jacoco-maven-plugin:0.8.7:prepare-agent test org.jacoco:jacoco-maven-plugin:0.8.7:report"
15:27:46.905 [INFO]  [Checking][main][c.d.d.c.a] Standard output of build tool (Maven)
15:27:46.905 [INFO]  [Checking][main][c.d.d.c.a] > [INFO] Scanning for projects...
15:27:46.905 [INFO]  [Checking][main][c.d.d.c.a] > [INFO] Downloading from central: https://repo.maven.apache.org/maven2/org/jacoco/jacoco-maven-plugin/0.8.7/jacoco-maven-plugin-0.8.7.pom
15:27:46.905 [INFO]  [Checking][main][c.d.d.c.a] > [INFO] Downloaded from central: https://repo.maven.apache.org/maven2/org/jacoco/jacoco-maven-plugin/0.8.7/jacoco-maven-plugin-0.8.7.pom (3.7 kB at 9.1 kB/s)
15:27:46.905 [INFO]  [Checking][main][c.d.d.c.a] > [INFO] Downloading from central: https://repo.maven.apache.org/maven2/org/jacoco/org.jacoco.build/0.8.7/org.jacoco.build-0.8.7.pom
15:27:46.905 [INFO]  [Checking][main][c.d.d.c.a] > [INFO] Downloaded from central: https://repo.maven.apache.org/maven2/org/jacoco/org.jacoco.build/0.8.7/org.jacoco.build-0.8.7.pom (43 kB at 342 kB/s)
15:27:46.905 [INFO]  [Checking][main][c.d.d.c.a] > [INFO] Downloading from central: https://repo.maven.apache.org/maven2/org/jacoco/jacoco-maven-plugin/0.8.7/jacoco-maven-plugin-0.8.7.jar
15:27:46.905 [INFO]  [Checking][main][c.d.d.c.a] > [INFO] Downloaded from central: https://repo.maven.apache.org/maven2/org/jacoco/jacoco-maven-plugin/0.8.7/jacoco-maven-plugin-0.8.7.jar (56 kB at 510 kB/s)
15:27:46.905 [INFO]  [Checking][main][c.d.d.c.a] > [INFO] 
15:27:46.905 [INFO]  [Checking][main][c.d.d.c.a] > [INFO] -----------------------< ma.uiz:ObservatoireUIZ >-----------------------
15:27:46.905 [INFO]  [Checking][main][c.d.d.c.a] > [INFO] Building ObservatoireUIZ 0.0.1-SNAPSHOT
15:27:46.905 [INFO]  [Checking][main][c.d.d.c.a] > [INFO] --------------------------------[ jar ]---------------------------------
15:27:46.905 [INFO]  [Checking][main][c.d.d.c.a] > [DIFFBLUE]DefaultEvent{projectId='ma.uiz:ObservatoireUIZ:jar:0.0.1-SNAPSHOT', goal='prepare-agent', cause=, state=STARTED}
15:27:46.905 [INFO]  [Checking][main][c.d.d.c.a] > [INFO] 
15:27:46.905 [INFO]  [Checking][main][c.d.d.c.a] > [INFO] --- jacoco-maven-plugin:0.8.7:prepare-agent (default-cli) @ ObservatoireUIZ ---
15:27:46.905 [INFO]  [Checking][main][c.d.d.c.a] > [INFO] Downloading from central: https://repo.maven.apache.org/maven2/junit/junit/4.13.1/junit-4.13.1.pom
15:27:46.905 [INFO]  [Checking][main][c.d.d.c.a] > [INFO] Downloaded from central: https://repo.maven.apache.org/maven2/junit/junit/4.13.1/junit-4.13.1.pom (25 kB at 200 kB/s)
15:27:46.905 [INFO]  [Checking][main][c.d.d.c.a] > [INFO] Downloading from central: https://repo.maven.apache.org/maven2/org/jacoco/org.jacoco.agent/0.8.7/org.jacoco.agent-0.8.7.pom
15:27:46.905 [INFO]  [Checking][main][c.d.d.c.a] > [INFO] Downloaded from central: https://repo.maven.apache.org/maven2/org/jacoco/org.jacoco.agent/0.8.7/org.jacoco.agent-0.8.7.pom (3.5 kB at 32 kB/s)
15:27:46.905 [INFO]  [Checking][main][c.d.d.c.a] > [INFO] Downloading from central: https://repo.maven.apache.org/maven2/org/jacoco/org.jacoco.core/0.8.7/org.jacoco.core-0.8.7.pom
15:27:46.905 [INFO]  [Checking][main][c.d.d.c.a] > [INFO] Downloaded from central: https://repo.maven.apache.org/maven2/org/jacoco/org.jacoco.core/0.8.7/org.jacoco.core-0.8.7.pom (2.1 kB at 22 kB/s)
15:27:46.905 [INFO]  [Checking][main][c.d.d.c.a] > [INFO] Downloading from central: https://repo.maven.apache.org/maven2/org/ow2/asm/asm-commons/9.1/asm-commons-9.1.pom
15:27:46.905 [INFO]  [Checking][main][c.d.d.c.a] > [INFO] Downloaded from central: https://repo.maven.apache.org/maven2/org/ow2/asm/asm-commons/9.1/asm-commons-9.1.pom (3.0 kB at 31 kB/s)
15:27:46.905 [INFO]  [Checking][main][c.d.d.c.a] > [INFO] Downloading from central: https://repo.maven.apache.org/maven2/org/ow2/asm/asm-tree/9.1/asm-tree-9.1.pom
15:27:46.905 [INFO]  [Checking][main][c.d.d.c.a] > [INFO] Downloaded from central: https://repo.maven.apache.org/maven2/org/ow2/asm/asm-tree/9.1/asm-tree-9.1.pom (2.6 kB at 27 kB/s)
15:27:46.905 [INFO]  [Checking][main][c.d.d.c.a] > [INFO] Downloading from central: https://repo.maven.apache.org/maven2/org/ow2/asm/asm-analysis/9.1/asm-analysis-9.1.pom
15:27:46.905 [INFO]  [Checking][main][c.d.d.c.a] > [INFO] Downloaded from central: https://repo.maven.apache.org/maven2/org/ow2/asm/asm-analysis/9.1/asm-analysis-9.1.pom (2.6 kB at 28 kB/s)
15:27:46.905 [INFO]  [Checking][main][c.d.d.c.a] > [INFO] Downloading from central: https://repo.maven.apache.org/maven2/org/jacoco/org.jacoco.report/0.8.7/org.jacoco.report-0.8.7.pom
15:27:46.905 [INFO]  [Checking][main][c.d.d.c.a] > [INFO] Downloaded from central: https://repo.maven.apache.org/maven2/org/jacoco/org.jacoco.report/0.8.7/org.jacoco.report-0.8.7.pom (1.9 kB at 20 kB/s)
15:27:46.905 [INFO]  [Checking][main][c.d.d.c.a] > [INFO] Downloading from central: https://repo.maven.apache.org/maven2/junit/junit/4.13.1/junit-4.13.1.jar
15:27:46.905 [INFO]  [Checking][main][c.d.d.c.a] > [INFO] Downloading from central: https://repo.maven.apache.org/maven2/org/jacoco/org.jacoco.agent/0.8.7/org.jacoco.agent-0.8.7-runtime.jar
15:27:46.905 [INFO]  [Checking][main][c.d.d.c.a] > [INFO] Downloading from central: https://repo.maven.apache.org/maven2/org/jacoco/org.jacoco.core/0.8.7/org.jacoco.core-0.8.7.jar
15:27:46.905 [INFO]  [Checking][main][c.d.d.c.a] > [INFO] Downloading from central: https://repo.maven.apache.org/maven2/org/ow2/asm/asm-commons/9.1/asm-commons-9.1.jar
15:27:46.905 [INFO]  [Checking][main][c.d.d.c.a] > [INFO] Downloading from central: https://repo.maven.apache.org/maven2/org/ow2/asm/asm-analysis/9.1/asm-analysis-9.1.jar
15:27:46.905 [INFO]  [Checking][main][c.d.d.c.a] > [INFO] Downloaded from central: https://repo.maven.apache.org/maven2/org/ow2/asm/asm-analysis/9.1/asm-analysis-9.1.jar (34 kB at 158 kB/s)
15:27:46.905 [INFO]  [Checking][main][c.d.d.c.a] > [INFO] Downloading from central: https://repo.maven.apache.org/maven2/org/ow2/asm/asm-tree/9.1/asm-tree-9.1.jar
15:27:46.905 [INFO]  [Checking][main][c.d.d.c.a] > [INFO] Downloaded from central: https://repo.maven.apache.org/maven2/junit/junit/4.13.1/junit-4.13.1.jar (383 kB at 1.5 MB/s)
15:27:46.905 [INFO]  [Checking][main][c.d.d.c.a] > [INFO] Downloading from central: https://repo.maven.apache.org/maven2/org/jacoco/org.jacoco.report/0.8.7/org.jacoco.report-0.8.7.jar
15:27:46.905 [INFO]  [Checking][main][c.d.d.c.a] > [INFO] Downloaded from central: https://repo.maven.apache.org/maven2/org/ow2/asm/asm-commons/9.1/asm-commons-9.1.jar (73 kB at 271 kB/s)
15:27:46.905 [INFO]  [Checking][main][c.d.d.c.a] > [INFO] Downloaded from central: https://repo.maven.apache.org/maven2/org/jacoco/org.jacoco.core/0.8.7/org.jacoco.core-0.8.7.jar (200 kB at 634 kB/s)
15:27:46.905 [INFO]  [Checking][main][c.d.d.c.a] > [INFO] Downloaded from central: https://repo.maven.apache.org/maven2/org/ow2/asm/asm-tree/9.1/asm-tree-9.1.jar (53 kB at 161 kB/s)
15:27:46.905 [INFO]  [Checking][main][c.d.d.c.a] > [INFO] Downloaded from central: https://repo.maven.apache.org/maven2/org/jacoco/org.jacoco.agent/0.8.7/org.jacoco.agent-0.8.7-runtime.jar (292 kB at 805 kB/s)
15:27:46.905 [INFO]  [Checking][main][c.d.d.c.a] > [INFO] Downloaded from central: https://repo.maven.apache.org/maven2/org/jacoco/org.jacoco.report/0.8.7/org.jacoco.report-0.8.7.jar (129 kB at 358 kB/s)
15:27:46.905 [INFO]  [Checking][main][c.d.d.c.a] > [INFO] argLine set to -javaagent:C:\\Users\\eloma\\.m2\\repository\\org\\jacoco\\org.jacoco.agent\\0.8.7\\org.jacoco.agent-0.8.7-runtime.jar=destfile=C:\\Users\\eloma\\IdeaProjects\\ObservatoireUIZ\\target\\jacoco.exec
15:27:46.905 [INFO]  [Checking][main][c.d.d.c.a] > [DIFFBLUE]DefaultEvent{projectId='ma.uiz:ObservatoireUIZ:jar:0.0.1-SNAPSHOT', goal='prepare-agent', cause=, state=SUCCESS}
15:27:46.905 [INFO]  [Checking][main][c.d.d.c.a] > [DIFFBLUE]DefaultEvent{projectId='ma.uiz:ObservatoireUIZ:jar:0.0.1-SNAPSHOT', goal='resources', cause=, state=STARTED}
15:27:46.905 [INFO]  [Checking][main][c.d.d.c.a] > [INFO] 
15:27:46.905 [INFO]  [Checking][main][c.d.d.c.a] > [INFO] --- maven-resources-plugin:3.3.0:resources (default-resources) @ ObservatoireUIZ ---
15:27:46.905 [INFO]  [Checking][main][c.d.d.c.a] > [INFO] Copying 1 resource
15:27:46.905 [INFO]  [Checking][main][c.d.d.c.a] > [INFO] Copying 5 resources
15:27:46.905 [INFO]  [Checking][main][c.d.d.c.a] > [DIFFBLUE]DefaultEvent{projectId='ma.uiz:ObservatoireUIZ:jar:0.0.1-SNAPSHOT', goal='resources', cause=, state=SUCCESS}
15:27:46.905 [INFO]  [Checking][main][c.d.d.c.a] > [DIFFBLUE]DefaultEvent{projectId='ma.uiz:ObservatoireUIZ:jar:0.0.1-SNAPSHOT', goal='compile', cause=, state=STARTED}
15:27:46.905 [INFO]  [Checking][main][c.d.d.c.a] > [INFO] 
15:27:46.905 [INFO]  [Checking][main][c.d.d.c.a] > [INFO] --- maven-compiler-plugin:3.8.1:compile (default-compile) @ ObservatoireUIZ ---
15:27:46.905 [INFO]  [Checking][main][c.d.d.c.a] > [INFO] Changes detected - recompiling the module!
15:27:46.905 [INFO]  [Checking][main][c.d.d.c.a] > [INFO] Compiling 139 source files to C:\Users\eloma\IdeaProjects\ObservatoireUIZ\target\classes
15:27:46.905 [INFO]  [Checking][main][c.d.d.c.a] > [INFO] /C:/Users/eloma/IdeaProjects/ObservatoireUIZ/src/main/java/ma/uiz/observatoire/mapper/OfferMapper.java: C:\Users\eloma\IdeaProjects\ObservatoireUIZ\src\main\java\ma\uiz\observatoire\mapper\OfferMapper.java uses or overrides a deprecated API.
15:27:46.905 [INFO]  [Checking][main][c.d.d.c.a] > [INFO] /C:/Users/eloma/IdeaProjects/ObservatoireUIZ/src/main/java/ma/uiz/observatoire/mapper/OfferMapper.java: Recompile with -Xlint:deprecation for details.
15:27:46.905 [INFO]  [Checking][main][c.d.d.c.a] > [INFO] /C:/Users/eloma/IdeaProjects/ObservatoireUIZ/src/main/java/ma/uiz/observatoire/config/RmeSessionChannelInterceptor.java: C:\Users\eloma\IdeaProjects\ObservatoireUIZ\src\main\java\ma\uiz\observatoire\config\RmeSessionChannelInterceptor.java uses unchecked or unsafe operations.
15:27:46.905 [INFO]  [Checking][main][c.d.d.c.a] > [INFO] /C:/Users/eloma/IdeaProjects/ObservatoireUIZ/src/main/java/ma/uiz/observatoire/config/RmeSessionChannelInterceptor.java: Recompile with -Xlint:unchecked for details.
15:27:46.905 [INFO]  [Checking][main][c.d.d.c.a] > [DIFFBLUE]DefaultEvent{projectId='ma.uiz:ObservatoireUIZ:jar:0.0.1-SNAPSHOT', goal='compile', cause=, state=SUCCESS}
15:27:46.905 [INFO]  [Checking][main][c.d.d.c.a] > [DIFFBLUE]DefaultEvent{projectId='ma.uiz:ObservatoireUIZ:jar:0.0.1-SNAPSHOT', goal='testResources', cause=, state=STARTED}
15:27:46.905 [INFO]  [Checking][main][c.d.d.c.a] > [INFO] 
15:27:46.905 [INFO]  [Checking][main][c.d.d.c.a] > [INFO] --- maven-resources-plugin:3.3.0:testResources (default-testResources) @ ObservatoireUIZ ---
15:27:46.905 [INFO]  [Checking][main][c.d.d.c.a] > [INFO] skip non existing resourceDirectory C:\Users\eloma\IdeaProjects\ObservatoireUIZ\src\test\resources
15:27:46.905 [INFO]  [Checking][main][c.d.d.c.a] > [DIFFBLUE]DefaultEvent{projectId='ma.uiz:ObservatoireUIZ:jar:0.0.1-SNAPSHOT', goal='testResources', cause=, state=SUCCESS}
15:27:46.905 [INFO]  [Checking][main][c.d.d.c.a] > [DIFFBLUE]DefaultEvent{projectId='ma.uiz:ObservatoireUIZ:jar:0.0.1-SNAPSHOT', goal='testCompile', cause=, state=STARTED}
15:27:46.905 [INFO]  [Checking][main][c.d.d.c.a] > [INFO] 
15:27:46.905 [INFO]  [Checking][main][c.d.d.c.a] > [INFO] --- maven-compiler-plugin:3.8.1:testCompile (default-testCompile) @ ObservatoireUIZ ---
15:27:46.905 [INFO]  [Checking][main][c.d.d.c.a] > [INFO] Changes detected - recompiling the module!
15:27:46.905 [INFO]  [Checking][main][c.d.d.c.a] > [INFO] Compiling 4 source files to C:\Users\eloma\IdeaProjects\ObservatoireUIZ\target\test-classes
15:27:46.905 [INFO]  [Checking][main][c.d.d.c.a] > [DIFFBLUE]DefaultEvent{projectId='ma.uiz:ObservatoireUIZ:jar:0.0.1-SNAPSHOT', goal='testCompile', cause=, state=SUCCESS}
15:27:46.905 [INFO]  [Checking][main][c.d.d.c.a] > [DIFFBLUE]DefaultEvent{projectId='ma.uiz:ObservatoireUIZ:jar:0.0.1-SNAPSHOT', goal='test', cause=, state=STARTED}
15:27:46.905 [INFO]  [Checking][main][c.d.d.c.a] > [INFO] 
15:27:46.905 [INFO]  [Checking][main][c.d.d.c.a] > [INFO] --- maven-surefire-plugin:2.22.2:test (default-test) @ ObservatoireUIZ ---
15:27:46.905 [INFO]  [Checking][main][c.d.d.c.a] > [INFO] 
15:27:46.905 [INFO]  [Checking][main][c.d.d.c.a] > [INFO] -------------------------------------------------------
15:27:46.905 [INFO]  [Checking][main][c.d.d.c.a] > [INFO]  T E S T S
15:27:46.905 [INFO]  [Checking][main][c.d.d.c.a] > [INFO] -------------------------------------------------------
15:27:46.905 [INFO]  [Checking][main][c.d.d.c.a] > [INFO] Running DiffblueDummyCoverageJupiterDiffblueTest
15:27:46.905 [INFO]  [Checking][main][c.d.d.c.a] > [INFO] Tests run: 1, Failures: 0, Errors: 0, Skipped: 0, Time elapsed: 0.039 s - in DiffblueDummyCoverageJupiterDiffblueTest
15:27:46.905 [INFO]  [Checking][main][c.d.d.c.a] > [INFO] 
15:27:46.905 [INFO]  [Checking][main][c.d.d.c.a] > [INFO] Results:
15:27:46.905 [INFO]  [Checking][main][c.d.d.c.a] > [INFO] 
15:27:46.905 [INFO]  [Checking][main][c.d.d.c.a] > [INFO] Tests run: 1, Failures: 0, Errors: 0, Skipped: 0
15:27:46.905 [INFO]  [Checking][main][c.d.d.c.a] > [INFO] 
15:27:46.905 [INFO]  [Checking][main][c.d.d.c.a] > [DIFFBLUE]DefaultEvent{projectId='ma.uiz:ObservatoireUIZ:jar:0.0.1-SNAPSHOT', goal='test', cause=, state=SUCCESS}
15:27:46.905 [INFO]  [Checking][main][c.d.d.c.a] > [DIFFBLUE]DefaultEvent{projectId='ma.uiz:ObservatoireUIZ:jar:0.0.1-SNAPSHOT', goal='report', cause=, state=STARTED}
15:27:46.905 [INFO]  [Checking][main][c.d.d.c.a] > [INFO] 
15:27:46.905 [INFO]  [Checking][main][c.d.d.c.a] > [INFO] --- jacoco-maven-plugin:0.8.7:report (default-cli) @ ObservatoireUIZ ---
15:27:46.905 [INFO]  [Checking][main][c.d.d.c.a] > [INFO] Loading execution data file C:\Users\eloma\IdeaProjects\ObservatoireUIZ\target\jacoco.exec
15:27:46.905 [INFO]  [Checking][main][c.d.d.c.a] > [INFO] Analyzed bundle 'ObservatoireUIZ' with 245 classes
15:27:46.905 [INFO]  [Checking][main][c.d.d.c.a] > [DIFFBLUE]DefaultEvent{projectId='ma.uiz:ObservatoireUIZ:jar:0.0.1-SNAPSHOT', goal='report', cause=, state=SUCCESS}
15:27:46.905 [INFO]  [Checking][main][c.d.d.c.a] > [INFO] ------------------------------------------------------------------------
15:27:46.905 [INFO]  [Checking][main][c.d.d.c.a] > [INFO] BUILD SUCCESS
15:27:46.905 [INFO]  [Checking][main][c.d.d.c.a] > [INFO] ------------------------------------------------------------------------
15:27:46.905 [INFO]  [Checking][main][c.d.d.c.a] > [INFO] Total time:  11.707 s
15:27:46.905 [INFO]  [Checking][main][c.d.d.c.a] > [INFO] Finished at: 2023-11-19T15:27:46+01:00
15:27:46.905 [INFO]  [Checking][main][c.d.d.c.a] > [INFO] ------------------------------------------------------------------------
15:27:46.918 [INFO]  [Checking][main][c.d.d.d.b] Maven Using ${maven.home} of: C:\Users\eloma\IdeaProjects\ObservatoireUIZ.
15:27:46.919 [INFO]  [Checking][main][c.d.d.d.b] Maven Executing: cmd.exe /X /C "C:\Users\eloma\IdeaProjects\ObservatoireUIZ\mvnw.cmd -B -D test=!*DiffblueTest,**/DiffblueDummy* -D surefire.failIfNoSpecifiedTests=false -D maven.test.failure.ignore=true -D failIfNoTests=false -D jacoco.skip=false -D "maven.ext.class.path=C:\Program Files\Diffblue\cover-buildsystem-maven-spy-jar-with-dependencies.jar" org.jacoco:jacoco-maven-plugin:0.8.7:prepare-agent test org.jacoco:jacoco-maven-plugin:0.8.7:report"
15:27:57.996 [INFO]  [Checking][main][c.d.d.c.a] Standard output of build tool (Maven)
15:27:57.996 [INFO]  [Checking][main][c.d.d.c.a] > [INFO] Scanning for projects...
15:27:57.996 [INFO]  [Checking][main][c.d.d.c.a] > [INFO] 
15:27:57.996 [INFO]  [Checking][main][c.d.d.c.a] > [INFO] -----------------------< ma.uiz:ObservatoireUIZ >-----------------------
15:27:57.996 [INFO]  [Checking][main][c.d.d.c.a] > [INFO] Building ObservatoireUIZ 0.0.1-SNAPSHOT
15:27:57.996 [INFO]  [Checking][main][c.d.d.c.a] > [INFO] --------------------------------[ jar ]---------------------------------
15:27:57.996 [INFO]  [Checking][main][c.d.d.c.a] > [DIFFBLUE]DefaultEvent{projectId='ma.uiz:ObservatoireUIZ:jar:0.0.1-SNAPSHOT', goal='prepare-agent', cause=, state=STARTED}
15:27:57.996 [INFO]  [Checking][main][c.d.d.c.a] > [INFO] 
15:27:57.996 [INFO]  [Checking][main][c.d.d.c.a] > [INFO] --- jacoco-maven-plugin:0.8.7:prepare-agent (default-cli) @ ObservatoireUIZ ---
15:27:57.996 [INFO]  [Checking][main][c.d.d.c.a] > [INFO] argLine set to -javaagent:C:\\Users\\eloma\\.m2\\repository\\org\\jacoco\\org.jacoco.agent\\0.8.7\\org.jacoco.agent-0.8.7-runtime.jar=destfile=C:\\Users\\eloma\\IdeaProjects\\ObservatoireUIZ\\target\\jacoco.exec
15:27:57.996 [INFO]  [Checking][main][c.d.d.c.a] > [DIFFBLUE]DefaultEvent{projectId='ma.uiz:ObservatoireUIZ:jar:0.0.1-SNAPSHOT', goal='prepare-agent', cause=, state=SUCCESS}
15:27:57.996 [INFO]  [Checking][main][c.d.d.c.a] > [DIFFBLUE]DefaultEvent{projectId='ma.uiz:ObservatoireUIZ:jar:0.0.1-SNAPSHOT', goal='resources', cause=, state=STARTED}
15:27:57.996 [INFO]  [Checking][main][c.d.d.c.a] > [INFO] 
15:27:57.996 [INFO]  [Checking][main][c.d.d.c.a] > [INFO] --- maven-resources-plugin:3.3.0:resources (default-resources) @ ObservatoireUIZ ---
15:27:57.996 [INFO]  [Checking][main][c.d.d.c.a] > [INFO] Copying 1 resource
15:27:57.996 [INFO]  [Checking][main][c.d.d.c.a] > [INFO] Copying 5 resources
15:27:57.996 [INFO]  [Checking][main][c.d.d.c.a] > [DIFFBLUE]DefaultEvent{projectId='ma.uiz:ObservatoireUIZ:jar:0.0.1-SNAPSHOT', goal='resources', cause=, state=SUCCESS}
15:27:57.996 [INFO]  [Checking][main][c.d.d.c.a] > [DIFFBLUE]DefaultEvent{projectId='ma.uiz:ObservatoireUIZ:jar:0.0.1-SNAPSHOT', goal='compile', cause=, state=STARTED}
15:27:57.996 [INFO]  [Checking][main][c.d.d.c.a] > [INFO] 
15:27:57.996 [INFO]  [Checking][main][c.d.d.c.a] > [INFO] --- maven-compiler-plugin:3.8.1:compile (default-compile) @ ObservatoireUIZ ---
15:27:57.996 [INFO]  [Checking][main][c.d.d.c.a] > [INFO] Changes detected - recompiling the module!
15:27:57.996 [INFO]  [Checking][main][c.d.d.c.a] > [INFO] Compiling 139 source files to C:\Users\eloma\IdeaProjects\ObservatoireUIZ\target\classes
15:27:57.996 [INFO]  [Checking][main][c.d.d.c.a] > [INFO] /C:/Users/eloma/IdeaProjects/ObservatoireUIZ/src/main/java/ma/uiz/observatoire/mapper/OfferMapper.java: C:\Users\eloma\IdeaProjects\ObservatoireUIZ\src\main\java\ma\uiz\observatoire\mapper\OfferMapper.java uses or overrides a deprecated API.
15:27:57.996 [INFO]  [Checking][main][c.d.d.c.a] > [INFO] /C:/Users/eloma/IdeaProjects/ObservatoireUIZ/src/main/java/ma/uiz/observatoire/mapper/OfferMapper.java: Recompile with -Xlint:deprecation for details.
15:27:57.996 [INFO]  [Checking][main][c.d.d.c.a] > [INFO] /C:/Users/eloma/IdeaProjects/ObservatoireUIZ/src/main/java/ma/uiz/observatoire/config/RmeSessionChannelInterceptor.java: C:\Users\eloma\IdeaProjects\ObservatoireUIZ\src\main\java\ma\uiz\observatoire\config\RmeSessionChannelInterceptor.java uses unchecked or unsafe operations.
15:27:57.996 [INFO]  [Checking][main][c.d.d.c.a] > [INFO] /C:/Users/eloma/IdeaProjects/ObservatoireUIZ/src/main/java/ma/uiz/observatoire/config/RmeSessionChannelInterceptor.java: Recompile with -Xlint:unchecked for details.
15:27:57.996 [INFO]  [Checking][main][c.d.d.c.a] > [DIFFBLUE]DefaultEvent{projectId='ma.uiz:ObservatoireUIZ:jar:0.0.1-SNAPSHOT', goal='compile', cause=, state=SUCCESS}
15:27:57.996 [INFO]  [Checking][main][c.d.d.c.a] > [DIFFBLUE]DefaultEvent{projectId='ma.uiz:ObservatoireUIZ:jar:0.0.1-SNAPSHOT', goal='testResources', cause=, state=STARTED}
15:27:57.996 [INFO]  [Checking][main][c.d.d.c.a] > [INFO] 
15:27:57.996 [INFO]  [Checking][main][c.d.d.c.a] > [INFO] --- maven-resources-plugin:3.3.0:testResources (default-testResources) @ ObservatoireUIZ ---
15:27:57.996 [INFO]  [Checking][main][c.d.d.c.a] > [INFO] skip non existing resourceDirectory C:\Users\eloma\IdeaProjects\ObservatoireUIZ\src\test\resources
15:27:57.996 [INFO]  [Checking][main][c.d.d.c.a] > [DIFFBLUE]DefaultEvent{projectId='ma.uiz:ObservatoireUIZ:jar:0.0.1-SNAPSHOT', goal='testResources', cause=, state=SUCCESS}
15:27:57.996 [INFO]  [Checking][main][c.d.d.c.a] > [DIFFBLUE]DefaultEvent{projectId='ma.uiz:ObservatoireUIZ:jar:0.0.1-SNAPSHOT', goal='testCompile', cause=, state=STARTED}
15:27:57.996 [INFO]  [Checking][main][c.d.d.c.a] > [INFO] 
15:27:57.996 [INFO]  [Checking][main][c.d.d.c.a] > [INFO] --- maven-compiler-plugin:3.8.1:testCompile (default-testCompile) @ ObservatoireUIZ ---
15:27:57.996 [INFO]  [Checking][main][c.d.d.c.a] > [INFO] Changes detected - recompiling the module!
15:27:57.996 [INFO]  [Checking][main][c.d.d.c.a] > [INFO] Compiling 4 source files to C:\Users\eloma\IdeaProjects\ObservatoireUIZ\target\test-classes
15:27:57.996 [INFO]  [Checking][main][c.d.d.c.a] > [DIFFBLUE]DefaultEvent{projectId='ma.uiz:ObservatoireUIZ:jar:0.0.1-SNAPSHOT', goal='testCompile', cause=, state=SUCCESS}
15:27:57.996 [INFO]  [Checking][main][c.d.d.c.a] > [DIFFBLUE]DefaultEvent{projectId='ma.uiz:ObservatoireUIZ:jar:0.0.1-SNAPSHOT', goal='test', cause=, state=STARTED}
15:27:57.996 [INFO]  [Checking][main][c.d.d.c.a] > [INFO] 
15:27:57.996 [INFO]  [Checking][main][c.d.d.c.a] > [INFO] --- maven-surefire-plugin:2.22.2:test (default-test) @ ObservatoireUIZ ---
15:27:57.996 [INFO]  [Checking][main][c.d.d.c.a] > [INFO] 
15:27:57.996 [INFO]  [Checking][main][c.d.d.c.a] > [INFO] -------------------------------------------------------
15:27:57.996 [INFO]  [Checking][main][c.d.d.c.a] > [INFO]  T E S T S
15:27:57.996 [INFO]  [Checking][main][c.d.d.c.a] > [INFO] -------------------------------------------------------
15:27:57.996 [INFO]  [Checking][main][c.d.d.c.a] > [INFO] Running DiffblueDummyCoverageJupiterTest
15:27:57.996 [INFO]  [Checking][main][c.d.d.c.a] > [INFO] Tests run: 1, Failures: 0, Errors: 0, Skipped: 0, Time elapsed: 0.041 s - in DiffblueDummyCoverageJupiterTest
15:27:57.996 [INFO]  [Checking][main][c.d.d.c.a] > [INFO] 
15:27:57.996 [INFO]  [Checking][main][c.d.d.c.a] > [INFO] Results:
15:27:57.996 [INFO]  [Checking][main][c.d.d.c.a] > [INFO] 
15:27:57.996 [INFO]  [Checking][main][c.d.d.c.a] > [INFO] Tests run: 1, Failures: 0, Errors: 0, Skipped: 0
15:27:57.996 [INFO]  [Checking][main][c.d.d.c.a] > [INFO] 
15:27:57.996 [INFO]  [Checking][main][c.d.d.c.a] > [DIFFBLUE]DefaultEvent{projectId='ma.uiz:ObservatoireUIZ:jar:0.0.1-SNAPSHOT', goal='test', cause=, state=SUCCESS}
15:27:57.996 [INFO]  [Checking][main][c.d.d.c.a] > [DIFFBLUE]DefaultEvent{projectId='ma.uiz:ObservatoireUIZ:jar:0.0.1-SNAPSHOT', goal='report', cause=, state=STARTED}
15:27:57.996 [INFO]  [Checking][main][c.d.d.c.a] > [INFO] 
15:27:57.996 [INFO]  [Checking][main][c.d.d.c.a] > [INFO] --- jacoco-maven-plugin:0.8.7:report (default-cli) @ ObservatoireUIZ ---
15:27:57.996 [INFO]  [Checking][main][c.d.d.c.a] > [INFO] Loading execution data file C:\Users\eloma\IdeaProjects\ObservatoireUIZ\target\jacoco.exec
15:27:57.996 [INFO]  [Checking][main][c.d.d.c.a] > [INFO] Analyzed bundle 'ObservatoireUIZ' with 245 classes
15:27:57.996 [INFO]  [Checking][main][c.d.d.c.a] > [DIFFBLUE]DefaultEvent{projectId='ma.uiz:ObservatoireUIZ:jar:0.0.1-SNAPSHOT', goal='report', cause=, state=SUCCESS}
15:27:57.996 [INFO]  [Checking][main][c.d.d.c.a] > [INFO] ------------------------------------------------------------------------
15:27:57.997 [INFO]  [Checking][main][c.d.d.c.a] > [INFO] BUILD SUCCESS
15:27:57.997 [INFO]  [Checking][main][c.d.d.c.a] > [INFO] ------------------------------------------------------------------------
15:27:57.997 [INFO]  [Checking][main][c.d.d.c.a] > [INFO] Total time:  10.008 s
15:27:57.997 [INFO]  [Checking][main][c.d.d.c.a] > [INFO] Finished at: 2023-11-19T15:27:57+01:00
15:27:57.997 [INFO]  [Checking][main][c.d.d.c.a] > [INFO] ------------------------------------------------------------------------
15:27:58.002 [DEBUG] [Checking][main][c.d.c.c.m.c] Processing rule o took 24173ms
15:27:58.002 [DEBUG] [Checking][main][c.d.c.c.m.c] Processing rule w
15:27:58.002 [DEBUG] [Checking][main][c.d.c.c.m.c]   Rule fired
15:27:58.036 [DEBUG] [Checking][main][c.d.c.c.m.c]   Error provided for DETECTED_KOTLIN_VERSION: Not Detected
15:27:58.036 [DEBUG] [Checking][main][c.d.c.c.m.c] Processing rule w took 34ms
15:27:58.036 [DEBUG] [Checking][main][c.d.c.c.m.c] Processing rule x
15:27:58.036 [DEBUG] [Checking][main][c.d.c.c.m.c]   Rule fired
15:27:58.069 [DEBUG] [Checking][main][c.d.c.c.m.c]   Error provided for DETECTED_KOTLIN_TEST_VERSION: Not Detected
15:27:58.069 [DEBUG] [Checking][main][c.d.c.c.m.c] Processing rule x took 33ms
15:27:58.069 [DEBUG] [Checking][main][c.d.c.c.m.c] Processing rule SpringProfilesDetector
15:27:58.069 [DEBUG] [Checking][main][c.d.c.c.m.c]   Rule fired
15:28:00.637 [DEBUG] [Checking][main][c.d.c.c.m.c] Processing rule SpringProfilesDetector took 2567ms
15:28:00.637 [DEBUG] [Checking][main][c.d.c.c.m.c] Processing rule f
15:28:00.637 [DEBUG] [Checking][main][c.d.c.c.m.c]   Rule fired
15:28:00.798 [DEBUG] [Checking][main][c.d.c.c.m.c] Processing rule f took 161ms
15:28:00.798 [DEBUG] [Checking][main][c.d.c.c.m.c] Processing rule PreflightTestExecutionOptionsDetector
15:28:00.798 [DEBUG] [Checking][main][c.d.c.c.m.c]   Rule fired
15:28:00.798 [DEBUG] [Checking][main][c.d.c.c.m.c]   Error provided for SPECIFIED_PREFLIGHT_TEST_EXECUTION_COMMAND: Not Supplied
15:28:00.798 [DEBUG] [Checking][main][c.d.c.c.m.c] Processing rule PreflightTestExecutionOptionsDetector took 0ms
15:28:00.798 [DEBUG] [Checking][main][c.d.c.c.m.c] Processing rule RefactorOptionsDetector
15:28:00.798 [DEBUG] [Checking][main][c.d.c.c.m.c]   Rule fired
15:28:00.798 [DEBUG] [Checking][main][c.d.c.c.m.c] Processing rule RefactorOptionsDetector took 0ms
15:28:00.798 [DEBUG] [Checking][main][c.d.c.c.m.c] Processing rule AnalyzerServiceOptionsDetector
15:28:00.798 [DEBUG] [Checking][main][c.d.c.c.m.c]   Rule fired
15:28:00.798 [DEBUG] [Checking][main][c.d.c.c.m.c] Processing rule AnalyzerServiceOptionsDetector took 0ms
15:28:00.798 [DEBUG] [Checking][main][c.d.c.c.m.c] Processing rule au
15:28:00.798 [DEBUG] [Checking][main][c.d.c.c.m.c]   Rule fired
15:28:00.798 [DEBUG] [Checking][main][c.d.c.c.m.c]   Error provided for SPECIFIED_TRACE_DIRECTORY: Not Supplied
15:28:00.798 [DEBUG] [Checking][main][c.d.c.c.m.c] Processing rule au took 0ms
15:28:00.798 [DEBUG] [Checking][main][c.d.c.c.m.c] Processing rule UploadOptionsDetector
15:28:00.799 [DEBUG] [Checking][main][c.d.c.c.m.c]   Rule fired
15:28:00.807 [DEBUG] [Checking][main][c.d.c.c.m.c]   Error provided for SPECIFIED_REPORTS_PROJECT: Not Supplied
15:28:00.807 [DEBUG] [Checking][main][c.d.c.c.m.c]   Error provided for SPECIFIED_REPORTS_URL: Not Supplied
15:28:00.807 [DEBUG] [Checking][main][c.d.c.c.m.c] Processing rule UploadOptionsDetector took 9ms
15:28:00.807 [DEBUG] [Checking][main][c.d.c.c.m.c] Processing rule MaxHeapSizeDetector
15:28:00.807 [DEBUG] [Checking][main][c.d.c.c.m.c]   Rule fired
15:28:00.807 [DEBUG] [Checking][main][c.d.c.c.m.c] Processing rule MaxHeapSizeDetector took 0ms
15:28:00.807 [DEBUG] [Checking][main][c.d.c.c.m.c] Processing rule g
15:28:00.807 [DEBUG] [Checking][main][c.d.c.c.m.c]   Rule fired
15:28:00.807 [DEBUG] [Checking][main][c.d.c.c.m.c]   Error provided for SPECIFIED_EXISTING_COVERAGE_JACOCO_FILE: Not Supplied
15:28:00.807 [DEBUG] [Checking][main][c.d.c.c.m.c]   Error provided for SPECIFIED_PATCH_FILE: Not Supplied
15:28:00.807 [DEBUG] [Checking][main][c.d.c.c.m.c] Processing rule g took 0ms
15:28:00.807 [DEBUG] [Checking][main][c.d.c.c.m.c] Processing rule d
15:28:00.807 [DEBUG] [Checking][main][c.d.c.c.m.c]   Rule fired
15:28:00.807 [DEBUG] [Checking][main][c.d.c.c.m.c] Processing rule d took 0ms
15:28:00.807 [DEBUG] [Checking][main][c.d.c.c.m.c] Processing rule c
15:28:00.807 [DEBUG] [Checking][main][c.d.c.c.m.c]   Rule fired
15:28:00.813 [INFO]  [Checking][main][c.d.cover.ui.a.j] Selected Java language compliance level: 17
15:28:00.814 [DEBUG] [Checking][main][c.d.c.c.m.c] Processing rule c took 4ms
15:28:00.814 [DEBUG] [Checking][main][c.d.c.c.m.c] Processing rule d
15:28:00.814 [DEBUG] [Checking][main][c.d.c.c.m.c]   Rule fired
15:28:00.814 [DEBUG] [Checking][main][c.d.c.c.m.c] Processing rule d took 0ms
15:28:00.814 [DEBUG] [Checking][main][c.d.c.c.m.c] Processing rule l
15:28:00.814 [DEBUG] [Checking][main][c.d.c.c.m.c]   Rule fired
15:28:00.814 [DEBUG] [Checking][main][c.d.c.c.m.c] Processing rule l took 0ms
15:28:00.814 [DEBUG] [Checking][main][c.d.c.c.m.c] Processing rule k
15:28:00.814 [DEBUG] [Checking][main][c.d.c.c.m.c]   Rule fired
15:28:00.815 [INFO]  [Checking][main][c.d.cover.ui.a.j] Selected test validation: enabled
15:28:00.815 [DEBUG] [Checking][main][c.d.c.c.m.c] Processing rule k took 1ms
15:28:00.816 [DEBUG] [Checking][main][c.d.c.c.m.c] Processing rule g
15:28:00.816 [DEBUG] [Checking][main][c.d.c.c.m.c]   Rule fired
15:28:00.816 [DEBUG] [Checking][main][c.d.c.c.m.c] Processing rule g took 0ms
15:28:00.816 [DEBUG] [Checking][main][c.d.c.c.m.c] Processing rule e
15:28:00.816 [DEBUG] [Checking][main][c.d.c.c.m.c]   Rule fired
15:28:00.816 [DEBUG] [Checking][main][c.d.c.c.m.c] Processing rule e took 0ms
15:28:00.816 [DEBUG] [Checking][main][c.d.c.c.m.c] Processing rule j
15:28:00.816 [DEBUG] [Checking][main][c.d.c.c.m.c]   Rule fired
15:28:00.816 [DEBUG] [Checking][main][c.d.c.c.m.c] Processing rule j took 0ms
15:28:00.816 [DEBUG] [Checking][main][c.d.c.c.m.c] Processing rule SpringProfilesSelector
15:28:00.816 [DEBUG] [Checking][main][c.d.c.c.m.c]   Rule fired
15:28:00.816 [DEBUG] [Checking][main][c.d.c.c.m.c] Processing rule SpringProfilesSelector took 0ms
15:28:00.816 [DEBUG] [Checking][main][c.d.c.c.m.c] Processing rule h
15:28:00.816 [DEBUG] [Checking][main][c.d.c.c.m.c]   Rule fired
15:28:00.816 [DEBUG] [Checking][main][c.d.c.c.m.c] Processing rule h took 0ms
15:28:00.816 [DEBUG] [Checking][main][c.d.c.c.m.c] Processing rule CliEntryPointsSelector
15:28:00.816 [DEBUG] [Checking][main][c.d.c.c.m.c]   Rule fired
15:28:00.951 [INFO]  [Checking][main][c.d.cover.ui.a.j] Prefixes for filtering classes/methods:
15:28:00.952 [INFO]  [Checking][main][c.d.cover.ui.a.j] - ma.uiz.observatoire
15:28:00.953 [INFO]  [Checking][main][c.d.cover.ui.a.j] - ma.uiz.observatoire.aspects
15:28:00.953 [INFO]  [Checking][main][c.d.cover.ui.a.j] - ma.uiz.observatoire.audit
15:28:00.954 [INFO]  [Checking][main][c.d.cover.ui.a.j] - ma.uiz.observatoire.auth
15:28:00.955 [INFO]  [Checking][main][c.d.cover.ui.a.j] - ma.uiz.observatoire.config
15:28:00.955 [INFO]  [Checking][main][c.d.cover.ui.a.j] - ma.uiz.observatoire.controller
15:28:00.956 [INFO]  [Checking][main][c.d.cover.ui.a.j] - ma.uiz.observatoire.dto
15:28:00.957 [INFO]  [Checking][main][c.d.cover.ui.a.j] - ma.uiz.observatoire.mapper
15:28:00.957 [INFO]  [Checking][main][c.d.cover.ui.a.j] - ma.uiz.observatoire.model
15:28:00.958 [INFO]  [Checking][main][c.d.cover.ui.a.j] - ma.uiz.observatoire.repository
15:28:00.958 [INFO]  [Checking][main][c.d.cover.ui.a.j] - ma.uiz.observatoire.service
15:28:00.959 [INFO]  [Checking][main][c.d.cover.ui.a.j] - ma.uiz.observatoire.utils
15:28:00.960 [INFO]  [Checking][main][c.d.cover.ui.a.j] Gathering methods to test...
15:28:04.546 [DEBUG] [Checking][main][c.d.c.c.m.c]   Error provided for SELECTED_PATCH_CLASSES: Not Detected
15:28:04.546 [DEBUG] [Checking][main][c.d.c.c.m.c] Processing rule CliEntryPointsSelector took 3742ms
15:28:04.546 [DEBUG] [Checking][main][c.d.c.c.m.c] Processing rule l
15:28:04.546 [DEBUG] [Checking][main][c.d.c.c.m.c]   Rule did not fire
15:28:04.546 [DEBUG] [Checking][main][c.d.c.c.m.c] Processing rule l took 0ms
15:28:04.546 [DEBUG] [Checking][main][c.d.c.c.m.c] Processing rule c
15:28:04.546 [DEBUG] [Checking][main][c.d.c.c.m.c]   Rule did not fire
15:28:04.546 [DEBUG] [Checking][main][c.d.c.c.m.c] Processing rule c took 0ms
15:28:04.546 [DEBUG] [Checking][main][c.d.c.c.m.c] Processing rule b
15:28:04.546 [DEBUG] [Checking][main][c.d.c.c.m.c]   Rule fired
15:28:04.562 [DEBUG] [Checking][main][c.d.c.c.m.c] Processing rule b took 2ms
15:28:04.562 [DEBUG] [Checking][main][c.d.c.c.m.c] Processing rule m
15:28:04.562 [DEBUG] [Checking][main][c.d.c.c.m.c]   Rule fired
15:28:04.562 [DEBUG] [Checking][main][c.d.c.c.m.c] Processing rule m took 0ms
15:28:04.562 [DEBUG] [Checking][main][c.d.c.c.m.c] Processing rule a
15:28:04.562 [DEBUG] [Checking][main][c.d.c.c.m.c]   Rule did not fire
15:28:04.562 [DEBUG] [Checking][main][c.d.c.c.m.c] Processing rule a took 0ms
15:28:04.562 [DEBUG] [Checking][main][c.d.c.c.m.c] Processing rule o
15:28:04.562 [DEBUG] [Checking][main][c.d.c.c.m.c]   Rule did not fire
15:28:04.562 [DEBUG] [Checking][main][c.d.c.c.m.c] Processing rule o took 0ms
15:28:04.562 [DEBUG] [Checking][main][c.d.c.c.m.c] Processing rule ak
15:28:04.562 [DEBUG] [Checking][main][c.d.c.c.m.c]   Rule fired
15:28:04.562 [DEBUG] [Checking][main][c.d.c.c.m.c] Processing rule ak took 0ms
15:28:04.562 [DEBUG] [Checking][main][c.d.c.c.m.c] Processing rule r
15:28:04.562 [DEBUG] [Checking][main][c.d.c.c.m.c]   Rule did not fire
15:28:04.562 [DEBUG] [Checking][main][c.d.c.c.m.c] Processing rule r took 0ms
15:28:04.562 [DEBUG] [Checking][main][c.d.c.c.m.c] Processing rule t
15:28:04.562 [DEBUG] [Checking][main][c.d.c.c.m.c]   Rule did not fire
15:28:04.562 [DEBUG] [Checking][main][c.d.c.c.m.c] Processing rule t took 0ms
15:28:04.562 [DEBUG] [Checking][main][c.d.c.c.m.c] Processing rule ag
15:28:04.562 [DEBUG] [Checking][main][c.d.c.c.m.c]   Rule did not fire
15:28:04.562 [DEBUG] [Checking][main][c.d.c.c.m.c] Processing rule ag took 0ms
15:28:04.562 [DEBUG] [Checking][main][c.d.c.c.m.c] Processing rule d
15:28:04.562 [DEBUG] [Checking][main][c.d.c.c.m.c]   Rule fired
15:28:04.563 [DEBUG] [Checking][main][c.d.c.c.m.c] Processing rule d took 0ms
15:28:04.563 [DEBUG] [Checking][main][c.d.c.c.m.c] Processing rule s
15:28:04.563 [DEBUG] [Checking][main][c.d.c.c.m.c]   Rule fired
15:28:04.563 [DEBUG] [Checking][main][c.d.c.c.m.c] Processing rule s took 0ms
15:28:04.563 [DEBUG] [Checking][main][c.d.c.c.m.c] Processing rule k
15:28:04.563 [DEBUG] [Checking][main][c.d.c.c.m.c]   Rule fired
15:28:04.563 [DEBUG] [Checking][main][c.d.c.c.m.c] Processing rule k took 0ms
15:28:04.563 [DEBUG] [Checking][main][c.d.c.c.m.c] Processing rule ai
15:28:04.563 [DEBUG] [Checking][main][c.d.c.c.m.c]   Rule did not fire
15:28:04.563 [DEBUG] [Checking][main][c.d.c.c.m.c] Processing rule ai took 0ms
15:28:04.563 [DEBUG] [Checking][main][c.d.c.c.m.c] Processing rule q
15:28:04.563 [DEBUG] [Checking][main][c.d.c.c.m.c]   Rule did not fire
15:28:04.563 [DEBUG] [Checking][main][c.d.c.c.m.c] Processing rule q took 0ms
15:28:04.563 [DEBUG] [Checking][main][c.d.c.c.m.c] Processing rule ac
15:28:04.563 [DEBUG] [Checking][main][c.d.c.c.m.c] Processing rule y
15:28:04.563 [DEBUG] [Checking][main][c.d.c.c.m.c] Processing rule z
15:28:04.563 [DEBUG] [Checking][main][c.d.c.c.m.c]   Rule fired
15:28:04.564 [DEBUG] [Checking][main][c.d.c.c.m.c] Processing rule z took 0ms
15:28:04.564 [DEBUG] [Checking][main][c.d.c.c.m.c] Processing rule x
15:28:04.564 [DEBUG] [Checking][main][c.d.c.c.m.c]   Rule fired
15:28:04.564 [DEBUG] [Checking][main][c.d.c.c.m.c] Processing rule x took 0ms
15:28:04.564 [DEBUG] [Checking][main][c.d.c.c.m.c] Processing rule y
15:28:04.564 [DEBUG] [Checking][main][c.d.c.c.m.c]   Rule fired
15:28:04.564 [DEBUG] [Checking][main][c.d.c.c.m.c] Processing rule y took 0ms
15:28:04.564 [DEBUG] [Checking][main][c.d.c.c.m.c] Processing rule ad
15:28:04.564 [DEBUG] [Checking][main][c.d.c.c.m.c] Processing rule af
15:28:04.564 [DEBUG] [Checking][main][c.d.c.c.m.c]   Rule fired
15:28:04.564 [DEBUG] [Checking][main][c.d.c.c.m.c] Processing rule af took 0ms
15:28:04.564 [DEBUG] [Checking][main][c.d.c.c.m.c] Processing rule ad
15:28:04.564 [DEBUG] [Checking][main][c.d.c.c.m.c]   Rule fired
15:28:04.564 [DEBUG] [Checking][main][c.d.c.c.m.c] Processing rule ad took 0ms
15:28:04.564 [DEBUG] [Checking][main][c.d.c.c.m.c] Processing rule ae
15:28:04.564 [DEBUG] [Checking][main][c.d.c.c.m.c]   Rule fired
15:28:04.564 [DEBUG] [Checking][main][c.d.c.c.m.c] Processing rule ae took 0ms
15:28:04.564 [DEBUG] [Checking][main][c.d.c.c.m.c] Processing rule ac
15:28:04.564 [DEBUG] [Checking][main][c.d.c.c.m.c]   Rule fired
15:28:04.564 [DEBUG] [Checking][main][c.d.c.c.m.c] Processing rule ac took 0ms
15:28:04.564 [DEBUG] [Checking][main][c.d.c.c.m.c] Processing rule f
15:28:04.564 [DEBUG] [Checking][main][c.d.c.c.m.c]   Rule did not fire
15:28:04.564 [DEBUG] [Checking][main][c.d.c.c.m.c] Processing rule f took 0ms
15:28:04.564 [DEBUG] [Checking][main][c.d.c.c.m.c] Processing rule n
15:28:04.564 [DEBUG] [Checking][main][c.d.c.c.m.c]   Rule did not fire
15:28:04.564 [DEBUG] [Checking][main][c.d.c.c.m.c] Processing rule n took 0ms
15:28:04.564 [DEBUG] [Checking][main][c.d.c.c.m.c] Processing rule p
15:28:04.564 [DEBUG] [Checking][main][c.d.c.c.m.c]   Rule did not fire
15:28:04.564 [DEBUG] [Checking][main][c.d.c.c.m.c] Processing rule p took 0ms
15:28:04.564 [DEBUG] [Checking][main][c.d.c.c.m.c] Processing rule j
15:28:04.564 [DEBUG] [Checking][main][c.d.c.c.m.c]   Rule fired
15:28:04.564 [DEBUG] [Checking][main][c.d.c.c.m.c] Processing rule j took 0ms
15:28:04.564 [DEBUG] [Checking][main][c.d.c.c.m.c] Processing rule h
15:28:04.564 [DEBUG] [Checking][main][c.d.c.c.m.c]   Rule fired
15:28:04.564 [DEBUG] [Checking][main][c.d.c.c.m.c] Processing rule h took 0ms
15:28:04.564 [DEBUG] [Checking][main][c.d.c.c.m.c] Processing rule i
15:28:04.564 [DEBUG] [Checking][main][c.d.c.c.m.c]   Rule did not fire
15:28:04.564 [DEBUG] [Checking][main][c.d.c.c.m.c] Processing rule i took 0ms
15:28:04.564 [DEBUG] [Checking][main][c.d.c.c.m.c] Processing rule CliBuildSystemRecommender
15:28:04.564 [DEBUG] [Checking][main][c.d.c.c.m.c]   Rule fired
15:28:04.565 [DEBUG] [Checking][main][c.d.c.c.m.c] Processing rule CliBuildSystemRecommender took 0ms
15:28:04.565 [DEBUG] [Checking][main][c.d.c.c.m.c] Processing rule aj
15:28:04.565 [DEBUG] [Checking][main][c.d.c.c.m.c]   Rule fired
15:28:04.565 [DEBUG] [Checking][main][c.d.c.c.m.c] Processing rule aj took 0ms
15:28:04.565 [DEBUG] [Checking][main][c.d.c.c.m.c] Processing rule am
15:28:04.565 [DEBUG] [Checking][main][c.d.c.c.m.c]   Rule did not fire
15:28:04.565 [DEBUG] [Checking][main][c.d.c.c.m.c] Processing rule am took 0ms
15:28:04.565 [DEBUG] [Checking][main][c.d.c.c.m.c] Processing rule SpringProfilesRecommender
15:28:04.565 [DEBUG] [Checking][main][c.d.c.c.m.c]   Rule fired
15:28:04.565 [DEBUG] [Checking][main][c.d.c.c.m.c] Processing rule SpringProfilesRecommender took 0ms
15:28:04.565 [DEBUG] [Checking][main][c.d.c.c.m.c] Processing rule e
15:28:04.565 [DEBUG] [Checking][main][c.d.c.c.m.c]   Rule fired
15:28:04.565 [DEBUG] [Checking][main][c.d.c.c.m.c] Processing rule e took 0ms
15:28:04.565 [DEBUG] [Checking][main][c.d.c.c.m.c] Processing rule v
15:28:04.565 [DEBUG] [Checking][main][c.d.c.c.m.c]   Rule did not fire
15:28:04.565 [DEBUG] [Checking][main][c.d.c.c.m.c] Processing rule v took 0ms
15:28:04.565 [DEBUG] [Checking][main][c.d.c.c.m.c] Processing rule al
15:28:04.565 [DEBUG] [Checking][main][c.d.c.c.m.c]   Rule fired
15:28:04.565 [DEBUG] [Checking][main][c.d.c.c.m.c] Processing rule al took 0ms
15:28:04.565 [DEBUG] [Checking][main][c.d.c.c.m.c] Processing rule CoverageReportOptionsRecommender
15:28:04.565 [DEBUG] [Checking][main][c.d.c.c.m.c]   Rule did not fire
15:28:04.565 [DEBUG] [Checking][main][c.d.c.c.m.c] Processing rule CoverageReportOptionsRecommender took 0ms
15:28:04.565 [DEBUG] [Checking][main][c.d.c.c.m.c] Processing rule MaxHeapSizeRecommender
15:28:04.565 [DEBUG] [Checking][main][c.d.c.c.m.c]   Rule fired
15:28:04.565 [DEBUG] [Checking][main][c.d.c.c.m.c] Processing rule MaxHeapSizeRecommender took 0ms
15:28:04.565 [DEBUG] [Checking][main][c.d.c.c.m.c] Processing rule ObserverMethodSpecificationRecommender
15:28:04.565 [DEBUG] [Checking][main][c.d.c.c.m.c]   Rule did not fire
15:28:04.565 [DEBUG] [Checking][main][c.d.c.c.m.c] Processing rule ObserverMethodSpecificationRecommender took 0ms
15:28:04.565 [DEBUG] [Checking][main][c.d.c.c.m.c] Processing rule CliEntryPointsRecommender
15:28:04.565 [DEBUG] [Checking][main][c.d.c.c.m.c]   Rule did not fire
15:28:04.565 [DEBUG] [Checking][main][c.d.c.c.m.c] Processing rule CliEntryPointsRecommender took 0ms
15:28:04.565 [DEBUG] [Checking][main][c.d.c.c.m.c] Processing rule w
15:28:04.565 [DEBUG] [Checking][main][c.d.c.c.m.c]   Rule fired
15:28:04.565 [DEBUG] [Checking][main][c.d.c.c.m.c] Processing rule w took 0ms
15:28:04.577 [INFO]  [Reporting][main][c.d.cover.ui.a.j] 
15:28:04.577 [INFO]  [Reporting][main][c.d.cover.ui.a.j] Environment summary:
15:28:04.577 [INFO]  [Reporting][main][c.d.cover.ui.a.j] --------------------
15:28:04.577 [INFO]  [Reporting][main][c.d.cover.ui.a.j] Java version                  17.0.8                        SUCCESS        
15:28:04.577 [INFO]  [Reporting][main][c.d.cover.ui.a.j] Build system                  Maven                         SUCCESS        
15:28:04.577 [INFO]  [Reporting][main][c.d.cover.ui.a.j] Mocking Framework             Mockito 4.8.1                 SUCCESS        
15:28:04.577 [INFO]  [Reporting][main][c.d.cover.ui.a.j] Surefire version              2.22.2                        SUCCESS        
15:28:04.577 [INFO]  [Reporting][main][c.d.cover.ui.a.j] Testing framework             JUnit Jupiter 5               SUCCESS        
15:28:04.577 [DEBUG] [Reporting][main][c.d.cover.ui.a.j] JavaEE version                Skipped                       -----          
15:28:04.577 [INFO]  [Reporting][main][c.d.cover.ui.a.j] JaCoCo plugin version         0.8.7                         SUCCESS        
15:28:04.577 [INFO]  [Reporting][main][c.d.cover.ui.a.j] Launcher                      JUnit Jupiter                 SUCCESS        
15:28:04.577 [INFO]  [Reporting][main][c.d.cover.ui.a.j] Test validation               Enabled                       SUCCESS        
15:28:04.577 [INFO]  [Reporting][main][c.d.cover.ui.a.j] Hamcrest                      Hamcrest 2 2.2                SUCCESS        
15:28:04.577 [INFO]  [Reporting][main][c.d.cover.ui.a.j] Spring Core                   6.0.5                         SUCCESS        
15:28:04.577 [INFO]  [Reporting][main][c.d.cover.ui.a.j] Spring Boot                   3.0.3                         SUCCESS        
15:28:04.577 [INFO]  [Reporting][main][c.d.cover.ui.a.j] Spring Boot Test              3.0.3                         SUCCESS        
15:28:04.577 [INFO]  [Reporting][main][c.d.cover.ui.a.j] Spring Web                    6.0.5                         SUCCESS        
15:28:04.577 [INFO]  [Reporting][main][c.d.cover.ui.a.j] Spring Security Web           6.0.2                         SUCCESS        
15:28:04.577 [INFO]  [Reporting][main][c.d.cover.ui.a.j] Spring Test                   6.0.5                         SUCCESS        
15:28:04.577 [INFO]  [Reporting][main][c.d.cover.ui.a.j] 
15:28:04.577 [INFO]  [Reporting][main][c.d.cover.ui.a.j] Environment check status: SUCCESS
15:28:04.593 [INFO]  [Reporting][main][c.d.d.d.b] Maven Using ${maven.home} of: C:\Users\eloma\IdeaProjects\ObservatoireUIZ.
15:28:04.593 [INFO]  [Reporting][main][c.d.d.d.b] Maven Executing: cmd.exe /X /C "C:\Users\eloma\IdeaProjects\ObservatoireUIZ\mvnw.cmd -B -D test=!*DiffblueTest.java,**/Test*.java,**/*Test.java,**/*Tests.java,**/*TestCase.java -D surefire.failIfNoSpecifiedTests=false -D maven.test.failure.ignore=true -D failIfNoTests=false -D jacoco.skip=false -D "maven.ext.class.path=C:\Program Files\Diffblue\cover-buildsystem-maven-spy-jar-with-dependencies.jar" org.jacoco:jacoco-maven-plugin:0.8.7:prepare-agent test org.jacoco:jacoco-maven-plugin:0.8.7:report"
15:28:15.650 [INFO]  [Reporting][main][c.d.d.c.a] Standard output of build tool (Maven)
15:28:15.650 [INFO]  [Reporting][main][c.d.d.c.a] > [INFO] Scanning for projects...
15:28:15.650 [INFO]  [Reporting][main][c.d.d.c.a] > [INFO] 
15:28:15.650 [INFO]  [Reporting][main][c.d.d.c.a] > [INFO] -----------------------< ma.uiz:ObservatoireUIZ >-----------------------
15:28:15.650 [INFO]  [Reporting][main][c.d.d.c.a] > [INFO] Building ObservatoireUIZ 0.0.1-SNAPSHOT
15:28:15.650 [INFO]  [Reporting][main][c.d.d.c.a] > [INFO] --------------------------------[ jar ]---------------------------------
15:28:15.650 [INFO]  [Reporting][main][c.d.d.c.a] > [DIFFBLUE]DefaultEvent{projectId='ma.uiz:ObservatoireUIZ:jar:0.0.1-SNAPSHOT', goal='prepare-agent', cause=, state=STARTED}
15:28:15.650 [INFO]  [Reporting][main][c.d.d.c.a] > [INFO] 
15:28:15.650 [INFO]  [Reporting][main][c.d.d.c.a] > [INFO] --- jacoco-maven-plugin:0.8.7:prepare-agent (default-cli) @ ObservatoireUIZ ---
15:28:15.650 [INFO]  [Reporting][main][c.d.d.c.a] > [INFO] argLine set to -javaagent:C:\\Users\\eloma\\.m2\\repository\\org\\jacoco\\org.jacoco.agent\\0.8.7\\org.jacoco.agent-0.8.7-runtime.jar=destfile=C:\\Users\\eloma\\IdeaProjects\\ObservatoireUIZ\\target\\jacoco.exec
15:28:15.650 [INFO]  [Reporting][main][c.d.d.c.a] > [DIFFBLUE]DefaultEvent{projectId='ma.uiz:ObservatoireUIZ:jar:0.0.1-SNAPSHOT', goal='prepare-agent', cause=, state=SUCCESS}
15:28:15.650 [INFO]  [Reporting][main][c.d.d.c.a] > [DIFFBLUE]DefaultEvent{projectId='ma.uiz:ObservatoireUIZ:jar:0.0.1-SNAPSHOT', goal='resources', cause=, state=STARTED}
15:28:15.650 [INFO]  [Reporting][main][c.d.d.c.a] > [INFO] 
15:28:15.650 [INFO]  [Reporting][main][c.d.d.c.a] > [INFO] --- maven-resources-plugin:3.3.0:resources (default-resources) @ ObservatoireUIZ ---
15:28:15.650 [INFO]  [Reporting][main][c.d.d.c.a] > [INFO] Copying 1 resource
15:28:15.650 [INFO]  [Reporting][main][c.d.d.c.a] > [INFO] Copying 5 resources
15:28:15.650 [INFO]  [Reporting][main][c.d.d.c.a] > [DIFFBLUE]DefaultEvent{projectId='ma.uiz:ObservatoireUIZ:jar:0.0.1-SNAPSHOT', goal='resources', cause=, state=SUCCESS}
15:28:15.650 [INFO]  [Reporting][main][c.d.d.c.a] > [DIFFBLUE]DefaultEvent{projectId='ma.uiz:ObservatoireUIZ:jar:0.0.1-SNAPSHOT', goal='compile', cause=, state=STARTED}
15:28:15.650 [INFO]  [Reporting][main][c.d.d.c.a] > [INFO] 
15:28:15.650 [INFO]  [Reporting][main][c.d.d.c.a] > [INFO] --- maven-compiler-plugin:3.8.1:compile (default-compile) @ ObservatoireUIZ ---
15:28:15.650 [INFO]  [Reporting][main][c.d.d.c.a] > [INFO] Changes detected - recompiling the module!
15:28:15.650 [INFO]  [Reporting][main][c.d.d.c.a] > [INFO] Compiling 138 source files to C:\Users\eloma\IdeaProjects\ObservatoireUIZ\target\classes
15:28:15.650 [INFO]  [Reporting][main][c.d.d.c.a] > [INFO] /C:/Users/eloma/IdeaProjects/ObservatoireUIZ/src/main/java/ma/uiz/observatoire/mapper/OfferMapper.java: C:\Users\eloma\IdeaProjects\ObservatoireUIZ\src\main\java\ma\uiz\observatoire\mapper\OfferMapper.java uses or overrides a deprecated API.
15:28:15.650 [INFO]  [Reporting][main][c.d.d.c.a] > [INFO] /C:/Users/eloma/IdeaProjects/ObservatoireUIZ/src/main/java/ma/uiz/observatoire/mapper/OfferMapper.java: Recompile with -Xlint:deprecation for details.
15:28:15.650 [INFO]  [Reporting][main][c.d.d.c.a] > [INFO] /C:/Users/eloma/IdeaProjects/ObservatoireUIZ/src/main/java/ma/uiz/observatoire/config/RmeSessionChannelInterceptor.java: C:\Users\eloma\IdeaProjects\ObservatoireUIZ\src\main\java\ma\uiz\observatoire\config\RmeSessionChannelInterceptor.java uses unchecked or unsafe operations.
15:28:15.650 [INFO]  [Reporting][main][c.d.d.c.a] > [INFO] /C:/Users/eloma/IdeaProjects/ObservatoireUIZ/src/main/java/ma/uiz/observatoire/config/RmeSessionChannelInterceptor.java: Recompile with -Xlint:unchecked for details.
15:28:15.650 [INFO]  [Reporting][main][c.d.d.c.a] > [DIFFBLUE]DefaultEvent{projectId='ma.uiz:ObservatoireUIZ:jar:0.0.1-SNAPSHOT', goal='compile', cause=, state=SUCCESS}
15:28:15.650 [INFO]  [Reporting][main][c.d.d.c.a] > [DIFFBLUE]DefaultEvent{projectId='ma.uiz:ObservatoireUIZ:jar:0.0.1-SNAPSHOT', goal='testResources', cause=, state=STARTED}
15:28:15.650 [INFO]  [Reporting][main][c.d.d.c.a] > [INFO] 
15:28:15.650 [INFO]  [Reporting][main][c.d.d.c.a] > [INFO] --- maven-resources-plugin:3.3.0:testResources (default-testResources) @ ObservatoireUIZ ---
15:28:15.650 [INFO]  [Reporting][main][c.d.d.c.a] > [INFO] skip non existing resourceDirectory C:\Users\eloma\IdeaProjects\ObservatoireUIZ\src\test\resources
15:28:15.650 [INFO]  [Reporting][main][c.d.d.c.a] > [DIFFBLUE]DefaultEvent{projectId='ma.uiz:ObservatoireUIZ:jar:0.0.1-SNAPSHOT', goal='testResources', cause=, state=SUCCESS}
15:28:15.650 [INFO]  [Reporting][main][c.d.d.c.a] > [DIFFBLUE]DefaultEvent{projectId='ma.uiz:ObservatoireUIZ:jar:0.0.1-SNAPSHOT', goal='testCompile', cause=, state=STARTED}
15:28:15.650 [INFO]  [Reporting][main][c.d.d.c.a] > [INFO] 
15:28:15.650 [INFO]  [Reporting][main][c.d.d.c.a] > [INFO] --- maven-compiler-plugin:3.8.1:testCompile (default-testCompile) @ ObservatoireUIZ ---
15:28:15.650 [INFO]  [Reporting][main][c.d.d.c.a] > [INFO] Changes detected - recompiling the module!
15:28:15.650 [INFO]  [Reporting][main][c.d.d.c.a] > [INFO] Compiling 2 source files to C:\Users\eloma\IdeaProjects\ObservatoireUIZ\target\test-classes
15:28:15.650 [INFO]  [Reporting][main][c.d.d.c.a] > [DIFFBLUE]DefaultEvent{projectId='ma.uiz:ObservatoireUIZ:jar:0.0.1-SNAPSHOT', goal='testCompile', cause=, state=SUCCESS}
15:28:15.650 [INFO]  [Reporting][main][c.d.d.c.a] > [DIFFBLUE]DefaultEvent{projectId='ma.uiz:ObservatoireUIZ:jar:0.0.1-SNAPSHOT', goal='test', cause=, state=STARTED}
15:28:15.650 [INFO]  [Reporting][main][c.d.d.c.a] > [INFO] 
15:28:15.650 [INFO]  [Reporting][main][c.d.d.c.a] > [INFO] --- maven-surefire-plugin:2.22.2:test (default-test) @ ObservatoireUIZ ---
15:28:15.650 [INFO]  [Reporting][main][c.d.d.c.a] > [INFO] 
15:28:15.650 [INFO]  [Reporting][main][c.d.d.c.a] > [INFO] -------------------------------------------------------
15:28:15.650 [INFO]  [Reporting][main][c.d.d.c.a] > [INFO]  T E S T S
15:28:15.650 [INFO]  [Reporting][main][c.d.d.c.a] > [INFO] -------------------------------------------------------
15:28:15.650 [INFO]  [Reporting][main][c.d.d.c.a] > [INFO] 
15:28:15.650 [INFO]  [Reporting][main][c.d.d.c.a] > [INFO] Results:
15:28:15.650 [INFO]  [Reporting][main][c.d.d.c.a] > [INFO] 
15:28:15.650 [INFO]  [Reporting][main][c.d.d.c.a] > [INFO] Tests run: 0, Failures: 0, Errors: 0, Skipped: 0
15:28:15.650 [INFO]  [Reporting][main][c.d.d.c.a] > [INFO] 
15:28:15.650 [INFO]  [Reporting][main][c.d.d.c.a] > [DIFFBLUE]DefaultEvent{projectId='ma.uiz:ObservatoireUIZ:jar:0.0.1-SNAPSHOT', goal='test', cause=, state=SUCCESS}
15:28:15.650 [INFO]  [Reporting][main][c.d.d.c.a] > [DIFFBLUE]DefaultEvent{projectId='ma.uiz:ObservatoireUIZ:jar:0.0.1-SNAPSHOT', goal='report', cause=, state=STARTED}
15:28:15.650 [INFO]  [Reporting][main][c.d.d.c.a] > [INFO] 
15:28:15.650 [INFO]  [Reporting][main][c.d.d.c.a] > [INFO] --- jacoco-maven-plugin:0.8.7:report (default-cli) @ ObservatoireUIZ ---
15:28:15.650 [INFO]  [Reporting][main][c.d.d.c.a] > [INFO] Loading execution data file C:\Users\eloma\IdeaProjects\ObservatoireUIZ\target\jacoco.exec
15:28:15.650 [INFO]  [Reporting][main][c.d.d.c.a] > [INFO] Analyzed bundle 'ObservatoireUIZ' with 244 classes
15:28:15.650 [INFO]  [Reporting][main][c.d.d.c.a] > [DIFFBLUE]DefaultEvent{projectId='ma.uiz:ObservatoireUIZ:jar:0.0.1-SNAPSHOT', goal='report', cause=, state=SUCCESS}
15:28:15.650 [INFO]  [Reporting][main][c.d.d.c.a] > [INFO] ------------------------------------------------------------------------
15:28:15.650 [INFO]  [Reporting][main][c.d.d.c.a] > [INFO] BUILD SUCCESS
15:28:15.650 [INFO]  [Reporting][main][c.d.d.c.a] > [INFO] ------------------------------------------------------------------------
15:28:15.650 [INFO]  [Reporting][main][c.d.d.c.a] > [INFO] Total time:  9.552 s
15:28:15.650 [INFO]  [Reporting][main][c.d.d.c.a] > [INFO] Finished at: 2023-11-19T15:28:15+01:00
15:28:15.650 [INFO]  [Reporting][main][c.d.d.c.a] > [INFO] ------------------------------------------------------------------------
15:28:15.682 [INFO]  [Reporting][main][c.d.cover.ui.a.j] Existing tests check complete
15:28:15.761 [INFO]  [Reporting][main][c.d.cover.ui.a.j] Existing tests cover 0 lines from a total of 1933 lines (0.0%)
15:28:15.776 [INFO]  [Reporting][main][c.d.cover.ui.a.w] 
15:28:15.776 [INFO]  [Reporting][main][c.d.cover.ui.a.w] Log file: C:\Users\eloma\IdeaProjects\ObservatoireUIZ\.diffblue\log\user-20231119T152700.log
15:28:15.776 [INFO]  [Reporting][main][c.d.cover.ui.a.w] Finished in 1m 16s
